detox[45114] TRACE: [DETOX_CREATE] created a Detox instance with config:
{
  artifactsConfig: {
    rootDir: 'artifacts/android.attached.2021-09-15 02-16-36Z',
    plugins: {
      log: {
        enabled: true,
        keepOnlyFailedTestsArtifacts: false
      },
      screenshot: {
        enabled: true,
        shouldTakeAutomaticSnapshots: false,
        keepOnlyFailedTestsArtifacts: false
      },
      video: {
        enabled: false,
        keepOnlyFailedTestsArtifacts: false
      },
      instruments: {
        enabled: false,
        keepOnlyFailedTestsArtifacts: false
      },
      timeline: {
        enabled: false
      },
      uiHierarchy: {
        enabled: false,
        keepOnlyFailedTestsArtifacts: false
      }
    },
    pathBuilder: ArtifactPathBuilder {
      _rootDir: 'artifacts/android.attached.2021-09-15 02-16-36Z'
    }
  },
  appsConfig: {
    default: {
      type: 'android.apk',
      binaryPath: 'android/app/build/outputs/apk/debug/app-debug.apk'
    }
  },
  behaviorConfig: {
    init: {
      reinstallApp: true,
      exposeGlobals: true
    },
    cleanup: {
      shutdownDevice: false
    },
    launchApp: 'auto'
  },
  cliConfig: {
    recordLogs: 'all',
    configuration: 'android.attached',
    forceAdbInstall: 'false',
    useCustomLogger: 'true'
  },
  deviceConfig: {
    type: 'android.attached',
    device: {
      adbName: '5200f2fdb88c84d7'
    },
    utilBinaryPaths: undefined
  },
  runnerConfig: {
    testRunner: 'jest',
    runnerConfig: 'e2e/config.json',
    specs: 'e2e',
    skipLegacyWorkersInjection: true
  },
  sessionConfig: {
    autoStart: true,
    server: 'ws://localhost:52892',
    sessionId: '366b54ba-7c25-34e7-be5f-0dd22d37464a',
    debugSynchronization: 10000
  }
}
detox[45114] DEBUG: [WSS_CREATE] Detox server listening on localhost:52892...
detox[45114] DEBUG: [WSS_CONNECTION, #52893] registered a new connection.
detox[45114] TRACE: [WS_OPEN] opened web socket to: ws://localhost:52892
detox[45114] TRACE: [WS_SEND] {"type":"login","params":{"sessionId":"366b54ba-7c25-34e7-be5f-0dd22d37464a","role":"tester"},"messageId":0}
detox[45114] TRACE: [WSS_GET_FROM, #52893] {"type":"login","params":{"sessionId":"366b54ba-7c25-34e7-be5f-0dd22d37464a","role":"tester"},"messageId":0}
detox[45114] TRACE: [SESSION_CREATED] created session 366b54ba-7c25-34e7-be5f-0dd22d37464a
detox[45114] TRACE: [WSS_SEND_TO, #tester] {"type":"loginSuccess","params":{"testerConnected":true,"appConnected":false},"messageId":0}
detox[45114] TRACE: [SESSION_JOINED] tester joined session 366b54ba-7c25-34e7-be5f-0dd22d37464a
detox[45114] TRACE: [WS_MESSAGE] {"type":"loginSuccess","params":{"testerConnected":true,"appConnected":false},"messageId":0}
 
detox[45114] DEBUG: [EXEC_CMD, #0] "/Users/arnoldosilva/Library/Android/sdk/platform-tools/adb"  devices
detox[45114] DEBUG: [EXEC_SUCCESS, #0] List of devices attached
5200f2fdb88c84d7	device


detox[45114] DEBUG: [DEVICE_LOOKUP] Found a matching & free device 5200f2fdb88c84d7
detox[45114] DEBUG: [EXEC_CMD, #1] "/Users/arnoldosilva/Library/Android/sdk/platform-tools/adb" -s 5200f2fdb88c84d7 shell "getprop ro.build.version.sdk"
detox[45114] TRACE: [EXEC_SUCCESS, #1] 28

detox[45114] DEBUG: [EXEC_CMD, #2] "/Users/arnoldosilva/Library/Android/sdk/platform-tools/adb" -s 5200f2fdb88c84d7 shell "dumpsys power | grep \"^[ ]*m[UW].*=\""
detox[45114] TRACE: [EXEC_SUCCESS, #2]   mWakefulness=Awake
  mWakefulnessChanging=false
  mWakeLockSummary=0x0
  mUserActivitySummary=0x4
  mWakeUpWhenPluggedOrUnpluggedConfig=true
  mWakeUpWhenPluggedOrUnpluggedInTheaterModeConfig=false
  mUserActivityTimeoutOverrideFromWindowManager=-1
  mUserActivityTimeoutForDexOverrideFromWindowManager=-1
  mUserInactiveOverrideFromWindowManager=false

detox[45114] TRACE: [ARTIFACTS_LIFECYCLE] artifactsManager.onBootDevice({ coldBoot: false, deviceId: '5200f2fdb88c84d7', type: 'device' })
detox[45114] DEBUG: [EXEC_CMD, #3] "/Users/arnoldosilva/Library/Android/sdk/build-tools/30.0.3/aapt" dump badging "/Users/arnoldosilva/Estudo/rn/estudo_tdd/android/app/build/outputs/apk/debug/app-debug.apk" | grep -e "package: name="
detox[45114] TRACE: [EXEC_SUCCESS, #3] package: name='com.estudo_tdd' versionCode='1' versionName='1.0' compileSdkVersion='30' compileSdkVersionCodename='11'

detox[45114] TRACE: [ARTIFACTS_LIFECYCLE] artifactsManager.onBeforeTerminateApp({ deviceId: '5200f2fdb88c84d7', bundleId: 'com.estudo_tdd' })
detox[45114] DEBUG: [EXEC_CMD, #4] "/Users/arnoldosilva/Library/Android/sdk/platform-tools/adb" -s 5200f2fdb88c84d7 shell "am force-stop com.estudo_tdd"
detox[45114] TRACE: [EXEC_SUCCESS, #4] 
detox[45114] TRACE: [ARTIFACTS_LIFECYCLE] artifactsManager.onTerminateApp({ deviceId: '5200f2fdb88c84d7', bundleId: 'com.estudo_tdd' })
detox[45114] TRACE: [ARTIFACTS_LIFECYCLE] artifactsManager.onBeforeUninstallApp({ deviceId: '5200f2fdb88c84d7', bundleId: 'com.estudo_tdd' })
detox[45114] DEBUG: [EXEC_CMD, #5] "/Users/arnoldosilva/Library/Android/sdk/platform-tools/adb" -s 5200f2fdb88c84d7 shell "pm list packages com.estudo_tdd"
detox[45114] TRACE: [EXEC_SUCCESS, #5] package:com.estudo_tdd.test
package:com.estudo_tdd

detox[45114] DEBUG: [EXEC_CMD, #6] "/Users/arnoldosilva/Library/Android/sdk/platform-tools/adb" -s 5200f2fdb88c84d7 uninstall com.estudo_tdd
detox[45114] TRACE: [EXEC_SUCCESS, #6] Success

detox[45114] DEBUG: [EXEC_CMD, #7] "/Users/arnoldosilva/Library/Android/sdk/platform-tools/adb" -s 5200f2fdb88c84d7 shell "pm list packages com.estudo_tdd.test"
detox[45114] TRACE: [EXEC_SUCCESS, #7] package:com.estudo_tdd.test

detox[45114] DEBUG: [EXEC_CMD, #8] "/Users/arnoldosilva/Library/Android/sdk/platform-tools/adb" -s 5200f2fdb88c84d7 uninstall com.estudo_tdd.test
detox[45114] TRACE: [EXEC_SUCCESS, #8] Success

detox[45114] DEBUG: [EXEC_CMD, #9] "/Users/arnoldosilva/Library/Android/sdk/platform-tools/adb" -s 5200f2fdb88c84d7 install -r -g -t "/Users/arnoldosilva/Estudo/rn/estudo_tdd/android/app/build/outputs/apk/debug/app-debug.apk"
detox[45114] TRACE: [EXEC_SUCCESS, #9] Performing Streamed Install
Success

detox[45114] DEBUG: [EXEC_CMD, #10] "/Users/arnoldosilva/Library/Android/sdk/platform-tools/adb" -s 5200f2fdb88c84d7 install -r -g -t "/Users/arnoldosilva/Estudo/rn/estudo_tdd/android/app/build/outputs/apk/androidTest/debug/app-debug-androidTest.apk"
detox[45114] TRACE: [EXEC_SUCCESS, #10] Performing Streamed Install
Success

ROOT_DESCRIBE_BLOCK[45114] TRACE: [ARTIFACTS_LIFECYCLE] artifactsManager.onRunDescribeStart({ name: 'ROOT_DESCRIBE_BLOCK' })
App[45114] TRACE: [ARTIFACTS_LIFECYCLE] artifactsManager.onRunDescribeStart({ name: 'App' })
detox[45114] INFO:  [97mApp[39m is assigned to [94m5200f2fdb88c84d7[39m
detox[45114] TRACE: [ARTIFACTS_LIFECYCLE] artifactsManager.onBeforeTerminateApp({ deviceId: '5200f2fdb88c84d7', bundleId: 'com.estudo_tdd' })
detox[45114] DEBUG: [EXEC_CMD, #11] "/Users/arnoldosilva/Library/Android/sdk/platform-tools/adb" -s 5200f2fdb88c84d7 shell "am force-stop com.estudo_tdd"
detox[45114] TRACE: [EXEC_SUCCESS, #11] 
detox[45114] TRACE: [ARTIFACTS_LIFECYCLE] artifactsManager.onTerminateApp({ deviceId: '5200f2fdb88c84d7', bundleId: 'com.estudo_tdd' })
detox[45114] TRACE: [ARTIFACTS_LIFECYCLE] artifactsManager.onBeforeLaunchApp({
  deviceId: '5200f2fdb88c84d7',
  bundleId: 'com.estudo_tdd',
  launchArgs: {
    detoxServer: 'ws://localhost:52892',
    detoxSessionId: '366b54ba-7c25-34e7-be5f-0dd22d37464a'
  }
})
detox[45114] DEBUG: [EXEC_CMD, #12] "/Users/arnoldosilva/Library/Android/sdk/platform-tools/adb" -s 5200f2fdb88c84d7 shell "date +\"%m-%d %T.000\""
detox[45114] TRACE: [EXEC_SUCCESS, #12] 09-14 23:17:24.000

detox[45114] DEBUG: [EXEC_CMD, #13] "/Users/arnoldosilva/Library/Android/sdk/platform-tools/adb" -s 5200f2fdb88c84d7 reverse tcp:52892 tcp:52892
detox[45114] TRACE: [EXEC_SUCCESS, #13] 
detox[45114] DEBUG: [EXEC_CMD, #14] "/Users/arnoldosilva/Library/Android/sdk/platform-tools/adb" -s 5200f2fdb88c84d7 shell "pm list instrumentation"
detox[45114] TRACE: [EXEC_SUCCESS, #14] instrumentation:com.estudo_tdd.test/android.test.InstrumentationTestRunner (target=com.estudo_tdd)
instrumentation:com.microsoft.office.excel/android.test.InstrumentationTestRunner (target=com.microsoft.office.msohttp.tests)
instrumentation:com.microsoft.office.word/android.test.InstrumentationTestRunner (target=com.microsoft.office.msohttp.tests)
instrumentation:com.microsoft.office.powerpoint/android.test.InstrumentationTestRunner (target=com.microsoft.office.msohttp.tests)

detox[45114] DEBUG: [SPAWN_CMD, #45150] /Users/arnoldosilva/Library/Android/sdk/platform-tools/adb -s 5200f2fdb88c84d7 shell am instrument -w -r -e detoxServer ws://localhost:52892 -e detoxSessionId 366b54ba-7c25-34e7-be5f-0dd22d37464a -e debug false com.estudo_tdd.test/android.test.InstrumentationTestRunner
detox[45114] DEBUG: [EXEC_CMD, #15] "/Users/arnoldosilva/Library/Android/sdk/platform-tools/adb" -s 5200f2fdb88c84d7 shell "ps | grep \"com\.estudo_tdd$\""
detox[45114] ERROR: [EXEC_FAIL, #15] ""/Users/arnoldosilva/Library/Android/sdk/platform-tools/adb" -s 5200f2fdb88c84d7 shell "ps | grep \"com\.estudo_tdd$\""" failed with error = ChildProcessError: Command failed: "/Users/arnoldosilva/Library/Android/sdk/platform-tools/adb" -s 5200f2fdb88c84d7 shell "ps | grep \"com\.estudo_tdd$\""
 `"/Users/arnoldosilva/Library/Android/sdk/platform-tools/adb" -s 5200f2fdb88c84d7 shell "ps | grep \"com\.estudo_tdd$\""` (exited with error code 1) (code=1), stdout and stderr:

detox[45114] ERROR: [EXEC_FAIL, #15] 
detox[45114] ERROR: [EXEC_FAIL, #15] 
detox[45114] DEBUG: [EXEC_CMD, #16] "/Users/arnoldosilva/Library/Android/sdk/platform-tools/adb" -s 5200f2fdb88c84d7 shell "ps | grep \"com\.estudo_tdd$\""
detox[45114] TRACE: [EXEC_SUCCESS, #16] u0_a332      27726  4606 1716488  93752                     0 R com.estudo_tdd

detox[27726] TRACE: [ARTIFACTS_LIFECYCLE] artifactsManager.onLaunchApp({
  deviceId: '5200f2fdb88c84d7',
  bundleId: 'com.estudo_tdd',
  launchArgs: {
    detoxServer: 'ws://localhost:52892',
    detoxSessionId: '366b54ba-7c25-34e7-be5f-0dd22d37464a'
  },
  pid: 27726
})
detox[45114] TRACE: [ARTIFACT_START] starting ADBLogcatRecording
detox[45114] DEBUG: [SPAWN_CMD, #45154] /Users/arnoldosilva/Library/Android/sdk/platform-tools/adb -s 5200f2fdb88c84d7 shell "logcat -T \"09-14 23:17:24.000\" --pid=27726 -f /sdcard/231639732_0.log"
detox[45114] DEBUG: [EXEC_CMD, #17] "/Users/arnoldosilva/Library/Android/sdk/platform-tools/adb" -s 5200f2fdb88c84d7 shell du /sdcard/231639732_0.log
detox[45114] TRACE: [EXEC_SUCCESS, #17] 4	/sdcard/231639732_0.log

detox[45114] TRACE: [ARTIFACTS_LIFECYCLE] artifactsManager.onHookFailure({
  error: 'Exceeded timeout of 120000 ms for a hook.\n' +
    'Use jest.setTimeout(newTimeout) to increase the timeout value, if this is a long-running test.',
  hook: 'beforeAll'
})
detox[45114] INFO:  [1m[37mApp: [39m[22m[90mshould show home screen[39m
detox[45114] INFO:  [1m[37mApp: [39m[22m[90mshould show home screen[39m[90m [[31mFAIL[90m][39m
App[45114] TRACE: [ARTIFACTS_LIFECYCLE] artifactsManager.onRunDescribeFinish({ name: 'App' })
ROOT_DESCRIBE_BLOCK[45114] TRACE: [ARTIFACTS_LIFECYCLE] artifactsManager.onRunDescribeFinish({ name: 'ROOT_DESCRIBE_BLOCK' })
detox[45114] TRACE: [ARTIFACTS_LIFECYCLE] artifactsManager.onBeforeCleanup()
detox[45114] TRACE: [ARTIFACT_SAVE] saving ADBLogcatRecording to: artifacts/android.attached.2021-09-15 02-16-36Z/5200f2fdb88c84d7 2021-09-15 02-19-07Z.startup.log
detox[45114] TRACE: [ARTIFACT_STOP] stopping ADBLogcatRecording
detox[45114] DEBUG: [EXEC_CMD, #18] "/Users/arnoldosilva/Library/Android/sdk/platform-tools/adb" -s 5200f2fdb88c84d7 shell "date +\"%m-%d %T.000\""
detox[45114] TRACE: [EXEC_SUCCESS, #18] 09-14 23:19:24.000

detox[45114] TRACE: [SPAWN_KILL, #45154] sending SIGINT to: /Users/arnoldosilva/Library/Android/sdk/platform-tools/adb -s 5200f2fdb88c84d7 shell logcat -T "09-14 23:17:24.000" --pid=27726 -f /sdcard/231639732_0.log
detox[45114] DEBUG: [SPAWN_END, #45154] /Users/arnoldosilva/Library/Android/sdk/platform-tools/adb -s 5200f2fdb88c84d7 shell "logcat -T \"09-14 23:17:24.000\" --pid=27726 -f /sdcard/231639732_0.log" terminated with SIGINT
detox[45114] DEBUG: [EXEC_CMD, #19] "/Users/arnoldosilva/Library/Android/sdk/platform-tools/adb" -s 5200f2fdb88c84d7 pull "/sdcard/231639732_0.log" "artifacts/android.attached.2021-09-15 02-16-36Z/5200f2fdb88c84d7 2021-09-15 02-19-07Z.startup.log"
detox[45114] TRACE: [EXEC_SUCCESS, #19] /sdcard/231639732_0.log: 1 file pulled, 0 skipped. 12.1 MB/s (83601 bytes in 0.007s)

detox[45114] DEBUG: [EXEC_CMD, #20] "/Users/arnoldosilva/Library/Android/sdk/platform-tools/adb" -s 5200f2fdb88c84d7 shell "rm  \"/sdcard/231639732_0.log\""
detox[45114] TRACE: [EXEC_SUCCESS, #20] 
detox[45114] TRACE: [ARTIFACT_START] starting FileArtifact
detox[45114] TRACE: [ARTIFACT_STOP] stopping FileArtifact
detox[45114] TRACE: [ARTIFACT_SAVE] saving FileArtifact to: artifacts/android.attached.2021-09-15 02-16-36Z/detox_pid_45114.json.log { append: true }
detox[45114] TRACE: [ARTIFACT_START] starting FileArtifact
detox[45114] TRACE: [ARTIFACT_STOP] stopping FileArtifact
detox[45114] TRACE: [ARTIFACT_SAVE] saving FileArtifact to: artifacts/android.attached.2021-09-15 02-16-36Z/detox_pid_45114.log { append: true }
detox[45114] DEBUG: [MOVE_FILE] moving "/private/var/folders/vc/cc7kd_1d6cx2hg8wb5pv_6pr0000gn/T/ee360266-7a55-4e6b-8816-87870005bf69.detox.log" to artifacts/android.attached.2021-09-15 02-16-36Z/detox_pid_45114.json.log
detox[45114] DEBUG: [MOVE_FILE] moving "/private/var/folders/vc/cc7kd_1d6cx2hg8wb5pv_6pr0000gn/T/4f9577fe-21f5-4762-bce4-a4cc97ff64b4.detox.log" to artifacts/android.attached.2021-09-15 02-16-36Z/detox_pid_45114.log
detox[45114] ERROR: [APP_UNREACHABLE] Detox can't seem to connect to the test app(s)!

HINT: 

The test app might have crashed prematurely, or has had trouble setting up the connection.
Refer to our troubleshooting guide, for full details: https://github.com/wix/Detox/blob/master/docs/Troubleshooting.RunningTests.md#tests-execution-hangs 



detox[45114] TRACE: [SESSION_TORN] tester exited session 366b54ba-7c25-34e7-be5f-0dd22d37464a
detox[45114] TRACE: [SPAWN_KILL, #45150] sending SIGINT to: /Users/arnoldosilva/Library/Android/sdk/platform-tools/adb -s 5200f2fdb88c84d7 shell am instrument -w -r -e detoxServer ws://localhost:52892 -e detoxSessionId 366b54ba-7c25-34e7-be5f-0dd22d37464a -e debug false com.estudo_tdd.test/android.test.InstrumentationTestRunner
detox[45114] DEBUG: [SPAWN_END, #45150] /Users/arnoldosilva/Library/Android/sdk/platform-tools/adb -s 5200f2fdb88c84d7 shell am instrument -w -r -e detoxServer ws://localhost:52892 -e detoxSessionId 366b54ba-7c25-34e7-be5f-0dd22d37464a -e debug false com.estudo_tdd.test/android.test.InstrumentationTestRunner terminated with SIGINT
detox[45114] DEBUG: [EXEC_CMD, #21] "/Users/arnoldosilva/Library/Android/sdk/platform-tools/adb" -s 5200f2fdb88c84d7 reverse --remove tcp:52892
detox[45114] DEBUG: [WSS_CLOSE] Detox server has been closed gracefully
detox[45114] TRACE: [EXEC_SUCCESS, #21] 
