--------- beginning of main
09-14 23:26:52.268   685   685 E Zygote  : isWhitelistProcess - Process is Whitelisted
09-14 23:26:52.269   685   685 E Zygote  : accessInfo : 1
09-14 23:26:52.278   685   685 I com.estudo_tdd: Late-enabling -Xcheck:jni
--------- beginning of system
09-14 23:26:52.685   685   685 W ActivityThread: Package uses different ABI(s) than its instrumentation: package[com.estudo_tdd]: armeabi-v7a, null instrumentation[com.estudo_tdd.test]: null, null
09-14 23:26:53.891   685   685 W com.estudo_tdd: Opening an oat file without a class loader. Are you using the deprecated DexFile APIs?
09-14 23:26:54.437   685   715 I com.estudo_tdd: Background concurrent copying GC freed 3364(1471KB) AllocSpace objects, 0(0B) LOS objects, 58% free, 1081KB/2MB, paused 9.363ms total 38.950ms
09-14 23:26:54.531   685   685 W com.estudo_tdd: Opening an oat file without a class loader. Are you using the deprecated DexFile APIs?
09-14 23:26:54.533   685   685 W com.estudo_tdd: Opening an oat file without a class loader. Are you using the deprecated DexFile APIs?
09-14 23:26:55.078   685   685 W com.estudo_tdd: Opening an oat file without a class loader. Are you using the deprecated DexFile APIs?
09-14 23:26:55.081   685   685 W com.estudo_tdd: Opening an oat file without a class loader. Are you using the deprecated DexFile APIs?
09-14 23:26:55.672   685   685 W com.estudo_tdd: Opening an oat file without a class loader. Are you using the deprecated DexFile APIs?
09-14 23:26:55.675   685   685 W com.estudo_tdd: Opening an oat file without a class loader. Are you using the deprecated DexFile APIs?
09-14 23:26:56.238   685   685 W com.estudo_tdd: Opening an oat file without a class loader. Are you using the deprecated DexFile APIs?
09-14 23:26:56.240   685   685 W com.estudo_tdd: Opening an oat file without a class loader. Are you using the deprecated DexFile APIs?
09-14 23:26:56.816   685   685 W com.estudo_tdd: Opening an oat file without a class loader. Are you using the deprecated DexFile APIs?
09-14 23:26:56.820   685   685 W com.estudo_tdd: Opening an oat file without a class loader. Are you using the deprecated DexFile APIs?
09-14 23:26:57.347   685   685 W com.estudo_tdd: Opening an oat file without a class loader. Are you using the deprecated DexFile APIs?
09-14 23:26:57.353   685   685 W com.estudo_tdd: Opening an oat file without a class loader. Are you using the deprecated DexFile APIs?
09-14 23:26:57.882   685   685 W com.estudo_tdd: Opening an oat file without a class loader. Are you using the deprecated DexFile APIs?
09-14 23:26:57.884   685   685 W com.estudo_tdd: Opening an oat file without a class loader. Are you using the deprecated DexFile APIs?
09-14 23:26:58.428   685   685 W com.estudo_tdd: Opening an oat file without a class loader. Are you using the deprecated DexFile APIs?
09-14 23:26:58.435   685   685 W com.estudo_tdd: Opening an oat file without a class loader. Are you using the deprecated DexFile APIs?
09-14 23:26:59.004   685   685 W com.estudo_tdd: Opening an oat file without a class loader. Are you using the deprecated DexFile APIs?
09-14 23:26:59.006   685   685 W com.estudo_tdd: Opening an oat file without a class loader. Are you using the deprecated DexFile APIs?
09-14 23:26:59.538   685   685 W com.estudo_tdd: Opening an oat file without a class loader. Are you using the deprecated DexFile APIs?
09-14 23:26:59.541   685   685 W com.estudo_tdd: Opening an oat file without a class loader. Are you using the deprecated DexFile APIs?
09-14 23:27:00.086   685   685 W com.estudo_tdd: Opening an oat file without a class loader. Are you using the deprecated DexFile APIs?
09-14 23:27:00.088   685   685 W com.estudo_tdd: Opening an oat file without a class loader. Are you using the deprecated DexFile APIs?
09-14 23:27:00.654   685   685 W com.estudo_tdd: Opening an oat file without a class loader. Are you using the deprecated DexFile APIs?
09-14 23:27:00.656   685   685 W com.estudo_tdd: Opening an oat file without a class loader. Are you using the deprecated DexFile APIs?
09-14 23:27:01.205   685   685 W com.estudo_tdd: Opening an oat file without a class loader. Are you using the deprecated DexFile APIs?
09-14 23:27:01.209   685   685 W com.estudo_tdd: Opening an oat file without a class loader. Are you using the deprecated DexFile APIs?
09-14 23:27:01.784   685   685 W com.estudo_tdd: Opening an oat file without a class loader. Are you using the deprecated DexFile APIs?
09-14 23:27:01.801   685   685 W com.estudo_tdd: Opening an oat file without a class loader. Are you using the deprecated DexFile APIs?
09-14 23:27:02.419   685   685 W com.estudo_tdd: Opening an oat file without a class loader. Are you using the deprecated DexFile APIs?
09-14 23:27:02.503   685   685 W com.estudo_tdd: Opening an oat file without a class loader. Are you using the deprecated DexFile APIs?
09-14 23:27:03.104   685   685 W com.estudo_tdd: Opening an oat file without a class loader. Are you using the deprecated DexFile APIs?
09-14 23:27:03.106   685   685 W com.estudo_tdd: Opening an oat file without a class loader. Are you using the deprecated DexFile APIs?
09-14 23:27:03.685   685   685 W com.estudo_tdd: Opening an oat file without a class loader. Are you using the deprecated DexFile APIs?
09-14 23:27:03.689   685   685 W com.estudo_tdd: Opening an oat file without a class loader. Are you using the deprecated DexFile APIs?
09-14 23:27:04.273   685   685 W com.estudo_tdd: Opening an oat file without a class loader. Are you using the deprecated DexFile APIs?
09-14 23:27:04.276   685   685 W com.estudo_tdd: Opening an oat file without a class loader. Are you using the deprecated DexFile APIs?
09-14 23:27:04.844   685   685 W com.estudo_tdd: Opening an oat file without a class loader. Are you using the deprecated DexFile APIs?
09-14 23:27:04.846   685   685 W com.estudo_tdd: Opening an oat file without a class loader. Are you using the deprecated DexFile APIs?
09-14 23:27:05.415   685   685 W com.estudo_tdd: Opening an oat file without a class loader. Are you using the deprecated DexFile APIs?
09-14 23:27:05.419   685   685 W com.estudo_tdd: Opening an oat file without a class loader. Are you using the deprecated DexFile APIs?
09-14 23:27:05.968   685   685 W com.estudo_tdd: Opening an oat file without a class loader. Are you using the deprecated DexFile APIs?
09-14 23:27:05.970   685   685 W com.estudo_tdd: Opening an oat file without a class loader. Are you using the deprecated DexFile APIs?
09-14 23:27:06.506   685   685 W com.estudo_tdd: Opening an oat file without a class loader. Are you using the deprecated DexFile APIs?
09-14 23:27:06.507   685   685 W com.estudo_tdd: Opening an oat file without a class loader. Are you using the deprecated DexFile APIs?
09-14 23:27:07.034   685   685 W com.estudo_tdd: Opening an oat file without a class loader. Are you using the deprecated DexFile APIs?
09-14 23:27:07.041   685   685 W com.estudo_tdd: Opening an oat file without a class loader. Are you using the deprecated DexFile APIs?
09-14 23:27:07.570   685   685 W com.estudo_tdd: Opening an oat file without a class loader. Are you using the deprecated DexFile APIs?
09-14 23:27:07.572   685   685 W com.estudo_tdd: Opening an oat file without a class loader. Are you using the deprecated DexFile APIs?
09-14 23:27:08.093   685   685 W com.estudo_tdd: Opening an oat file without a class loader. Are you using the deprecated DexFile APIs?
09-14 23:27:08.095   685   685 W com.estudo_tdd: Opening an oat file without a class loader. Are you using the deprecated DexFile APIs?
09-14 23:27:08.619   685   685 W com.estudo_tdd: Opening an oat file without a class loader. Are you using the deprecated DexFile APIs?
09-14 23:27:08.621   685   685 W com.estudo_tdd: Opening an oat file without a class loader. Are you using the deprecated DexFile APIs?
09-14 23:27:09.146   685   685 W com.estudo_tdd: Opening an oat file without a class loader. Are you using the deprecated DexFile APIs?
09-14 23:27:09.148   685   685 W com.estudo_tdd: Opening an oat file without a class loader. Are you using the deprecated DexFile APIs?
09-14 23:27:09.673   685   685 W com.estudo_tdd: Opening an oat file without a class loader. Are you using the deprecated DexFile APIs?
09-14 23:27:09.675   685   685 W com.estudo_tdd: Opening an oat file without a class loader. Are you using the deprecated DexFile APIs?
09-14 23:27:10.224   685   685 W com.estudo_tdd: Opening an oat file without a class loader. Are you using the deprecated DexFile APIs?
09-14 23:27:10.229   685   685 W com.estudo_tdd: Opening an oat file without a class loader. Are you using the deprecated DexFile APIs?
09-14 23:27:10.769   685   685 W com.estudo_tdd: Opening an oat file without a class loader. Are you using the deprecated DexFile APIs?
09-14 23:27:10.774   685   685 W com.estudo_tdd: Opening an oat file without a class loader. Are you using the deprecated DexFile APIs?
09-14 23:27:11.325   685   685 W com.estudo_tdd: Opening an oat file without a class loader. Are you using the deprecated DexFile APIs?
09-14 23:27:11.328   685   685 W com.estudo_tdd: Opening an oat file without a class loader. Are you using the deprecated DexFile APIs?
09-14 23:27:11.874   685   685 W com.estudo_tdd: Opening an oat file without a class loader. Are you using the deprecated DexFile APIs?
09-14 23:27:11.876   685   685 W com.estudo_tdd: Opening an oat file without a class loader. Are you using the deprecated DexFile APIs?
09-14 23:27:12.401   685   685 W com.estudo_tdd: Opening an oat file without a class loader. Are you using the deprecated DexFile APIs?
09-14 23:27:12.403   685   685 W com.estudo_tdd: Opening an oat file without a class loader. Are you using the deprecated DexFile APIs?
09-14 23:27:12.937   685   685 W com.estudo_tdd: Opening an oat file without a class loader. Are you using the deprecated DexFile APIs?
09-14 23:27:12.939   685   685 W com.estudo_tdd: Opening an oat file without a class loader. Are you using the deprecated DexFile APIs?
09-14 23:27:13.463   685   685 W com.estudo_tdd: Opening an oat file without a class loader. Are you using the deprecated DexFile APIs?
09-14 23:27:13.464   685   685 W com.estudo_tdd: Opening an oat file without a class loader. Are you using the deprecated DexFile APIs?
09-14 23:27:13.985   685   685 W com.estudo_tdd: Opening an oat file without a class loader. Are you using the deprecated DexFile APIs?
09-14 23:27:13.986   685   685 W com.estudo_tdd: Opening an oat file without a class loader. Are you using the deprecated DexFile APIs?
09-14 23:27:14.508   685   685 W com.estudo_tdd: Opening an oat file without a class loader. Are you using the deprecated DexFile APIs?
09-14 23:27:14.510   685   685 W com.estudo_tdd: Opening an oat file without a class loader. Are you using the deprecated DexFile APIs?
09-14 23:27:15.033   685   685 W com.estudo_tdd: Opening an oat file without a class loader. Are you using the deprecated DexFile APIs?
09-14 23:27:15.038   685   685 W com.estudo_tdd: Opening an oat file without a class loader. Are you using the deprecated DexFile APIs?
09-14 23:27:15.571   685   685 W com.estudo_tdd: Opening an oat file without a class loader. Are you using the deprecated DexFile APIs?
09-14 23:27:15.573   685   685 W com.estudo_tdd: Opening an oat file without a class loader. Are you using the deprecated DexFile APIs?
09-14 23:27:16.093   685   685 W com.estudo_tdd: Opening an oat file without a class loader. Are you using the deprecated DexFile APIs?
09-14 23:27:16.095   685   685 W com.estudo_tdd: Opening an oat file without a class loader. Are you using the deprecated DexFile APIs?
09-14 23:27:16.619   685   685 W com.estudo_tdd: Opening an oat file without a class loader. Are you using the deprecated DexFile APIs?
09-14 23:27:16.622   685   685 W com.estudo_tdd: Opening an oat file without a class loader. Are you using the deprecated DexFile APIs?
09-14 23:27:17.144   685   685 W com.estudo_tdd: Opening an oat file without a class loader. Are you using the deprecated DexFile APIs?
09-14 23:27:17.146   685   685 W com.estudo_tdd: Opening an oat file without a class loader. Are you using the deprecated DexFile APIs?
09-14 23:27:17.671   685   685 W com.estudo_tdd: Opening an oat file without a class loader. Are you using the deprecated DexFile APIs?
09-14 23:27:17.676   685   685 W com.estudo_tdd: Opening an oat file without a class loader. Are you using the deprecated DexFile APIs?
09-14 23:27:18.207   685   685 W com.estudo_tdd: Opening an oat file without a class loader. Are you using the deprecated DexFile APIs?
09-14 23:27:18.213   685   685 W com.estudo_tdd: Opening an oat file without a class loader. Are you using the deprecated DexFile APIs?
09-14 23:27:18.738   685   685 W com.estudo_tdd: Opening an oat file without a class loader. Are you using the deprecated DexFile APIs?
09-14 23:27:18.741   685   685 W com.estudo_tdd: Opening an oat file without a class loader. Are you using the deprecated DexFile APIs?
09-14 23:27:19.314   685   685 W com.estudo_tdd: Opening an oat file without a class loader. Are you using the deprecated DexFile APIs?
09-14 23:27:19.316   685   685 W com.estudo_tdd: Opening an oat file without a class loader. Are you using the deprecated DexFile APIs?
09-14 23:27:19.843   685   685 W com.estudo_tdd: Opening an oat file without a class loader. Are you using the deprecated DexFile APIs?
09-14 23:27:19.845   685   685 W com.estudo_tdd: Opening an oat file without a class loader. Are you using the deprecated DexFile APIs?
09-14 23:27:20.377   685   685 W com.estudo_tdd: Opening an oat file without a class loader. Are you using the deprecated DexFile APIs?
09-14 23:27:20.384   685   685 W com.estudo_tdd: Opening an oat file without a class loader. Are you using the deprecated DexFile APIs?
09-14 23:27:20.981   685   685 W com.estudo_tdd: Opening an oat file without a class loader. Are you using the deprecated DexFile APIs?
09-14 23:27:20.984   685   685 W com.estudo_tdd: Opening an oat file without a class loader. Are you using the deprecated DexFile APIs?
09-14 23:27:21.512   685   685 W com.estudo_tdd: Opening an oat file without a class loader. Are you using the deprecated DexFile APIs?
09-14 23:27:21.515   685   685 W com.estudo_tdd: Opening an oat file without a class loader. Are you using the deprecated DexFile APIs?
09-14 23:27:22.058   685   685 W com.estudo_tdd: Opening an oat file without a class loader. Are you using the deprecated DexFile APIs?
09-14 23:27:22.060   685   685 W com.estudo_tdd: Opening an oat file without a class loader. Are you using the deprecated DexFile APIs?
09-14 23:27:22.768   685   685 W com.estudo_tdd: Opening an oat file without a class loader. Are you using the deprecated DexFile APIs?
09-14 23:27:22.770   685   685 W com.estudo_tdd: Opening an oat file without a class loader. Are you using the deprecated DexFile APIs?
09-14 23:27:23.312   685   685 W com.estudo_tdd: Opening an oat file without a class loader. Are you using the deprecated DexFile APIs?
09-14 23:27:23.319   685   685 W com.estudo_tdd: Opening an oat file without a class loader. Are you using the deprecated DexFile APIs?
09-14 23:27:23.842   685   685 W com.estudo_tdd: Opening an oat file without a class loader. Are you using the deprecated DexFile APIs?
09-14 23:27:23.844   685   685 W com.estudo_tdd: Opening an oat file without a class loader. Are you using the deprecated DexFile APIs?
09-14 23:27:24.366   685   685 W com.estudo_tdd: Opening an oat file without a class loader. Are you using the deprecated DexFile APIs?
09-14 23:27:24.369   685   685 W com.estudo_tdd: Opening an oat file without a class loader. Are you using the deprecated DexFile APIs?
09-14 23:27:24.892   685   685 W com.estudo_tdd: Opening an oat file without a class loader. Are you using the deprecated DexFile APIs?
09-14 23:27:24.894   685   685 W com.estudo_tdd: Opening an oat file without a class loader. Are you using the deprecated DexFile APIs?
09-14 23:27:25.423   685   685 W com.estudo_tdd: Opening an oat file without a class loader. Are you using the deprecated DexFile APIs?
09-14 23:27:25.431   685   685 W com.estudo_tdd: Opening an oat file without a class loader. Are you using the deprecated DexFile APIs?
09-14 23:27:25.961   685   685 W com.estudo_tdd: Opening an oat file without a class loader. Are you using the deprecated DexFile APIs?
09-14 23:27:25.963   685   685 W com.estudo_tdd: Opening an oat file without a class loader. Are you using the deprecated DexFile APIs?
09-14 23:27:26.489   685   685 W com.estudo_tdd: Opening an oat file without a class loader. Are you using the deprecated DexFile APIs?
09-14 23:27:26.492   685   685 W com.estudo_tdd: Opening an oat file without a class loader. Are you using the deprecated DexFile APIs?
09-14 23:27:27.015   685   685 W com.estudo_tdd: Opening an oat file without a class loader. Are you using the deprecated DexFile APIs?
09-14 23:27:27.019   685   685 W com.estudo_tdd: Opening an oat file without a class loader. Are you using the deprecated DexFile APIs?
09-14 23:27:27.540   685   685 W com.estudo_tdd: Opening an oat file without a class loader. Are you using the deprecated DexFile APIs?
09-14 23:27:27.542   685   685 W com.estudo_tdd: Opening an oat file without a class loader. Are you using the deprecated DexFile APIs?
09-14 23:27:28.065   685   685 W com.estudo_tdd: Opening an oat file without a class loader. Are you using the deprecated DexFile APIs?
09-14 23:27:28.067   685   685 W com.estudo_tdd: Opening an oat file without a class loader. Are you using the deprecated DexFile APIs?
09-14 23:27:28.600   685   685 W com.estudo_tdd: Opening an oat file without a class loader. Are you using the deprecated DexFile APIs?
09-14 23:27:28.601   685   685 W com.estudo_tdd: Opening an oat file without a class loader. Are you using the deprecated DexFile APIs?
09-14 23:27:29.123   685   685 W com.estudo_tdd: Opening an oat file without a class loader. Are you using the deprecated DexFile APIs?
09-14 23:27:29.125   685   685 W com.estudo_tdd: Opening an oat file without a class loader. Are you using the deprecated DexFile APIs?
09-14 23:27:29.646   685   685 W com.estudo_tdd: Opening an oat file without a class loader. Are you using the deprecated DexFile APIs?
09-14 23:27:29.648   685   685 W com.estudo_tdd: Opening an oat file without a class loader. Are you using the deprecated DexFile APIs?
09-14 23:27:30.170   685   685 W com.estudo_tdd: Opening an oat file without a class loader. Are you using the deprecated DexFile APIs?
09-14 23:27:30.173   685   685 W com.estudo_tdd: Opening an oat file without a class loader. Are you using the deprecated DexFile APIs?
09-14 23:27:30.699   685   685 W com.estudo_tdd: Opening an oat file without a class loader. Are you using the deprecated DexFile APIs?
09-14 23:27:30.701   685   685 W com.estudo_tdd: Opening an oat file without a class loader. Are you using the deprecated DexFile APIs?
09-14 23:27:31.233   685   685 W com.estudo_tdd: Opening an oat file without a class loader. Are you using the deprecated DexFile APIs?
09-14 23:27:31.235   685   685 W com.estudo_tdd: Opening an oat file without a class loader. Are you using the deprecated DexFile APIs?
09-14 23:27:31.763   685   685 W com.estudo_tdd: Opening an oat file without a class loader. Are you using the deprecated DexFile APIs?
09-14 23:27:31.766   685   685 W com.estudo_tdd: Opening an oat file without a class loader. Are you using the deprecated DexFile APIs?
09-14 23:27:32.295   685   685 W com.estudo_tdd: Opening an oat file without a class loader. Are you using the deprecated DexFile APIs?
09-14 23:27:32.297   685   685 W com.estudo_tdd: Opening an oat file without a class loader. Are you using the deprecated DexFile APIs?
09-14 23:27:32.823   685   685 W com.estudo_tdd: Opening an oat file without a class loader. Are you using the deprecated DexFile APIs?
09-14 23:27:32.828   685   685 W com.estudo_tdd: Opening an oat file without a class loader. Are you using the deprecated DexFile APIs?
09-14 23:27:33.415   685   685 W com.estudo_tdd: Opening an oat file without a class loader. Are you using the deprecated DexFile APIs?
09-14 23:27:33.416   685   685 W com.estudo_tdd: Opening an oat file without a class loader. Are you using the deprecated DexFile APIs?
09-14 23:27:33.952   685   685 W com.estudo_tdd: Opening an oat file without a class loader. Are you using the deprecated DexFile APIs?
09-14 23:27:33.953   685   685 W com.estudo_tdd: Opening an oat file without a class loader. Are you using the deprecated DexFile APIs?
09-14 23:27:34.476   685   685 W com.estudo_tdd: Opening an oat file without a class loader. Are you using the deprecated DexFile APIs?
09-14 23:27:34.480   685   685 W com.estudo_tdd: Opening an oat file without a class loader. Are you using the deprecated DexFile APIs?
09-14 23:27:35.001   685   685 W com.estudo_tdd: Opening an oat file without a class loader. Are you using the deprecated DexFile APIs?
09-14 23:27:35.004   685   685 W com.estudo_tdd: Opening an oat file without a class loader. Are you using the deprecated DexFile APIs?
09-14 23:27:35.527   685   685 W com.estudo_tdd: Opening an oat file without a class loader. Are you using the deprecated DexFile APIs?
09-14 23:27:35.529   685   685 W com.estudo_tdd: Opening an oat file without a class loader. Are you using the deprecated DexFile APIs?
09-14 23:27:36.051   685   685 W com.estudo_tdd: Opening an oat file without a class loader. Are you using the deprecated DexFile APIs?
09-14 23:27:36.056   685   685 W com.estudo_tdd: Opening an oat file without a class loader. Are you using the deprecated DexFile APIs?
09-14 23:27:36.593   685   685 W com.estudo_tdd: Opening an oat file without a class loader. Are you using the deprecated DexFile APIs?
09-14 23:27:36.596   685   685 W com.estudo_tdd: Opening an oat file without a class loader. Are you using the deprecated DexFile APIs?
09-14 23:27:37.119   685   685 W com.estudo_tdd: Opening an oat file without a class loader. Are you using the deprecated DexFile APIs?
09-14 23:27:37.123   685   685 W com.estudo_tdd: Opening an oat file without a class loader. Are you using the deprecated DexFile APIs?
09-14 23:27:37.644   685   685 W com.estudo_tdd: Opening an oat file without a class loader. Are you using the deprecated DexFile APIs?
09-14 23:27:37.646   685   685 W com.estudo_tdd: Opening an oat file without a class loader. Are you using the deprecated DexFile APIs?
09-14 23:27:38.174   685   685 W com.estudo_tdd: Opening an oat file without a class loader. Are you using the deprecated DexFile APIs?
09-14 23:27:38.176   685   685 W com.estudo_tdd: Opening an oat file without a class loader. Are you using the deprecated DexFile APIs?
09-14 23:27:38.704   685   685 W com.estudo_tdd: Opening an oat file without a class loader. Are you using the deprecated DexFile APIs?
09-14 23:27:38.707   685   685 W com.estudo_tdd: Opening an oat file without a class loader. Are you using the deprecated DexFile APIs?
09-14 23:27:39.230   685   685 W com.estudo_tdd: Opening an oat file without a class loader. Are you using the deprecated DexFile APIs?
09-14 23:27:39.233   685   685 W com.estudo_tdd: Opening an oat file without a class loader. Are you using the deprecated DexFile APIs?
09-14 23:27:39.754   685   685 W com.estudo_tdd: Opening an oat file without a class loader. Are you using the deprecated DexFile APIs?
09-14 23:27:39.756   685   685 W com.estudo_tdd: Opening an oat file without a class loader. Are you using the deprecated DexFile APIs?
09-14 23:27:40.279   685   685 W com.estudo_tdd: Opening an oat file without a class loader. Are you using the deprecated DexFile APIs?
09-14 23:27:40.281   685   685 W com.estudo_tdd: Opening an oat file without a class loader. Are you using the deprecated DexFile APIs?
09-14 23:27:40.804   685   685 W com.estudo_tdd: Opening an oat file without a class loader. Are you using the deprecated DexFile APIs?
09-14 23:27:40.806   685   685 W com.estudo_tdd: Opening an oat file without a class loader. Are you using the deprecated DexFile APIs?
09-14 23:27:41.348   685   685 W com.estudo_tdd: Opening an oat file without a class loader. Are you using the deprecated DexFile APIs?
09-14 23:27:41.350   685   685 W com.estudo_tdd: Opening an oat file without a class loader. Are you using the deprecated DexFile APIs?
09-14 23:27:41.880   685   685 W com.estudo_tdd: Opening an oat file without a class loader. Are you using the deprecated DexFile APIs?
09-14 23:27:41.883   685   685 W com.estudo_tdd: Opening an oat file without a class loader. Are you using the deprecated DexFile APIs?
09-14 23:27:42.405   685   685 W com.estudo_tdd: Opening an oat file without a class loader. Are you using the deprecated DexFile APIs?
09-14 23:27:42.406   685   685 W com.estudo_tdd: Opening an oat file without a class loader. Are you using the deprecated DexFile APIs?
09-14 23:27:42.929   685   685 W com.estudo_tdd: Opening an oat file without a class loader. Are you using the deprecated DexFile APIs?
09-14 23:27:42.932   685   685 W com.estudo_tdd: Opening an oat file without a class loader. Are you using the deprecated DexFile APIs?
09-14 23:27:43.457   685   685 W com.estudo_tdd: Opening an oat file without a class loader. Are you using the deprecated DexFile APIs?
09-14 23:27:43.459   685   685 W com.estudo_tdd: Opening an oat file without a class loader. Are you using the deprecated DexFile APIs?
09-14 23:27:43.981   685   685 W com.estudo_tdd: Opening an oat file without a class loader. Are you using the deprecated DexFile APIs?
09-14 23:27:43.991   685   685 W com.estudo_tdd: Opening an oat file without a class loader. Are you using the deprecated DexFile APIs?
09-14 23:27:44.517   685   685 W com.estudo_tdd: Opening an oat file without a class loader. Are you using the deprecated DexFile APIs?
09-14 23:27:44.519   685   685 W com.estudo_tdd: Opening an oat file without a class loader. Are you using the deprecated DexFile APIs?
09-14 23:27:45.038   685   685 W com.estudo_tdd: Opening an oat file without a class loader. Are you using the deprecated DexFile APIs?
09-14 23:27:45.041   685   685 W com.estudo_tdd: Opening an oat file without a class loader. Are you using the deprecated DexFile APIs?
09-14 23:27:45.564   685   685 W com.estudo_tdd: Opening an oat file without a class loader. Are you using the deprecated DexFile APIs?
09-14 23:27:45.566   685   685 W com.estudo_tdd: Opening an oat file without a class loader. Are you using the deprecated DexFile APIs?
09-14 23:27:46.088   685   685 W com.estudo_tdd: Opening an oat file without a class loader. Are you using the deprecated DexFile APIs?
09-14 23:27:46.090   685   685 W com.estudo_tdd: Opening an oat file without a class loader. Are you using the deprecated DexFile APIs?
09-14 23:27:46.616   685   685 W com.estudo_tdd: Opening an oat file without a class loader. Are you using the deprecated DexFile APIs?
09-14 23:27:46.619   685   685 W com.estudo_tdd: Opening an oat file without a class loader. Are you using the deprecated DexFile APIs?
09-14 23:27:47.172   685   685 W com.estudo_tdd: Opening an oat file without a class loader. Are you using the deprecated DexFile APIs?
09-14 23:27:47.174   685   685 W com.estudo_tdd: Opening an oat file without a class loader. Are you using the deprecated DexFile APIs?
09-14 23:27:47.712   685   685 W com.estudo_tdd: Opening an oat file without a class loader. Are you using the deprecated DexFile APIs?
09-14 23:27:47.714   685   685 W com.estudo_tdd: Opening an oat file without a class loader. Are you using the deprecated DexFile APIs?
09-14 23:27:48.239   685   685 W com.estudo_tdd: Opening an oat file without a class loader. Are you using the deprecated DexFile APIs?
09-14 23:27:48.241   685   685 W com.estudo_tdd: Opening an oat file without a class loader. Are you using the deprecated DexFile APIs?
09-14 23:27:48.764   685   685 W com.estudo_tdd: Opening an oat file without a class loader. Are you using the deprecated DexFile APIs?
09-14 23:27:48.766   685   685 W com.estudo_tdd: Opening an oat file without a class loader. Are you using the deprecated DexFile APIs?
09-14 23:27:49.293   685   685 W com.estudo_tdd: Opening an oat file without a class loader. Are you using the deprecated DexFile APIs?
09-14 23:27:49.295   685   685 W com.estudo_tdd: Opening an oat file without a class loader. Are you using the deprecated DexFile APIs?
09-14 23:27:49.826   685   685 W com.estudo_tdd: Opening an oat file without a class loader. Are you using the deprecated DexFile APIs?
09-14 23:27:49.828   685   685 W com.estudo_tdd: Opening an oat file without a class loader. Are you using the deprecated DexFile APIs?
09-14 23:27:50.350   685   685 W com.estudo_tdd: Opening an oat file without a class loader. Are you using the deprecated DexFile APIs?
09-14 23:27:50.351   685   685 W com.estudo_tdd: Opening an oat file without a class loader. Are you using the deprecated DexFile APIs?
09-14 23:27:50.873   685   685 W com.estudo_tdd: Opening an oat file without a class loader. Are you using the deprecated DexFile APIs?
09-14 23:27:50.875   685   685 W com.estudo_tdd: Opening an oat file without a class loader. Are you using the deprecated DexFile APIs?
09-14 23:27:51.397   685   685 W com.estudo_tdd: Opening an oat file without a class loader. Are you using the deprecated DexFile APIs?
09-14 23:27:51.399   685   685 W com.estudo_tdd: Opening an oat file without a class loader. Are you using the deprecated DexFile APIs?
09-14 23:27:51.929   685   685 W com.estudo_tdd: Opening an oat file without a class loader. Are you using the deprecated DexFile APIs?
09-14 23:27:51.930   685   685 W com.estudo_tdd: Opening an oat file without a class loader. Are you using the deprecated DexFile APIs?
09-14 23:27:52.462   685   685 W com.estudo_tdd: Opening an oat file without a class loader. Are you using the deprecated DexFile APIs?
09-14 23:27:52.466   685   685 W com.estudo_tdd: Opening an oat file without a class loader. Are you using the deprecated DexFile APIs?
09-14 23:27:53.003   685   685 W com.estudo_tdd: Opening an oat file without a class loader. Are you using the deprecated DexFile APIs?
09-14 23:27:53.005   685   685 W com.estudo_tdd: Opening an oat file without a class loader. Are you using the deprecated DexFile APIs?
09-14 23:27:53.547   685   685 W com.estudo_tdd: Opening an oat file without a class loader. Are you using the deprecated DexFile APIs?
09-14 23:27:53.550   685   685 W com.estudo_tdd: Opening an oat file without a class loader. Are you using the deprecated DexFile APIs?
09-14 23:27:54.076   685   685 W com.estudo_tdd: Opening an oat file without a class loader. Are you using the deprecated DexFile APIs?
09-14 23:27:54.079   685   685 W com.estudo_tdd: Opening an oat file without a class loader. Are you using the deprecated DexFile APIs?
09-14 23:27:54.602   685   685 W com.estudo_tdd: Opening an oat file without a class loader. Are you using the deprecated DexFile APIs?
09-14 23:27:54.604   685   685 W com.estudo_tdd: Opening an oat file without a class loader. Are you using the deprecated DexFile APIs?
09-14 23:27:55.129   685   685 W com.estudo_tdd: Opening an oat file without a class loader. Are you using the deprecated DexFile APIs?
09-14 23:27:55.137   685   685 W com.estudo_tdd: Opening an oat file without a class loader. Are you using the deprecated DexFile APIs?
09-14 23:27:55.661   685   685 W com.estudo_tdd: Opening an oat file without a class loader. Are you using the deprecated DexFile APIs?
09-14 23:27:55.663   685   685 W com.estudo_tdd: Opening an oat file without a class loader. Are you using the deprecated DexFile APIs?
09-14 23:27:56.185   685   685 W com.estudo_tdd: Opening an oat file without a class loader. Are you using the deprecated DexFile APIs?
09-14 23:27:56.186   685   685 W com.estudo_tdd: Opening an oat file without a class loader. Are you using the deprecated DexFile APIs?
09-14 23:27:56.709   685   685 W com.estudo_tdd: Opening an oat file without a class loader. Are you using the deprecated DexFile APIs?
09-14 23:27:56.713   685   685 W com.estudo_tdd: Opening an oat file without a class loader. Are you using the deprecated DexFile APIs?
09-14 23:27:57.236   685   685 W com.estudo_tdd: Opening an oat file without a class loader. Are you using the deprecated DexFile APIs?
09-14 23:27:57.238   685   685 W com.estudo_tdd: Opening an oat file without a class loader. Are you using the deprecated DexFile APIs?
09-14 23:27:57.764   685   685 W com.estudo_tdd: Opening an oat file without a class loader. Are you using the deprecated DexFile APIs?
09-14 23:27:57.766   685   685 W com.estudo_tdd: Opening an oat file without a class loader. Are you using the deprecated DexFile APIs?
09-14 23:27:58.300   685   685 W com.estudo_tdd: Opening an oat file without a class loader. Are you using the deprecated DexFile APIs?
09-14 23:27:58.301   685   685 W com.estudo_tdd: Opening an oat file without a class loader. Are you using the deprecated DexFile APIs?
09-14 23:27:58.823   685   685 W com.estudo_tdd: Opening an oat file without a class loader. Are you using the deprecated DexFile APIs?
09-14 23:27:58.826   685   685 W com.estudo_tdd: Opening an oat file without a class loader. Are you using the deprecated DexFile APIs?
09-14 23:27:59.348   685   685 W com.estudo_tdd: Opening an oat file without a class loader. Are you using the deprecated DexFile APIs?
09-14 23:27:59.350   685   685 W com.estudo_tdd: Opening an oat file without a class loader. Are you using the deprecated DexFile APIs?
09-14 23:27:59.872   685   685 W com.estudo_tdd: Opening an oat file without a class loader. Are you using the deprecated DexFile APIs?
09-14 23:27:59.879   685   685 W com.estudo_tdd: Opening an oat file without a class loader. Are you using the deprecated DexFile APIs?
09-14 23:28:00.414   685   685 W com.estudo_tdd: Opening an oat file without a class loader. Are you using the deprecated DexFile APIs?
09-14 23:28:00.416   685   685 W com.estudo_tdd: Opening an oat file without a class loader. Are you using the deprecated DexFile APIs?
09-14 23:28:00.947   685   685 W com.estudo_tdd: Opening an oat file without a class loader. Are you using the deprecated DexFile APIs?
09-14 23:28:00.950   685   685 W com.estudo_tdd: Opening an oat file without a class loader. Are you using the deprecated DexFile APIs?
09-14 23:28:01.472   685   685 W com.estudo_tdd: Opening an oat file without a class loader. Are you using the deprecated DexFile APIs?
09-14 23:28:01.474   685   685 W com.estudo_tdd: Opening an oat file without a class loader. Are you using the deprecated DexFile APIs?
09-14 23:28:01.996   685   685 W com.estudo_tdd: Opening an oat file without a class loader. Are you using the deprecated DexFile APIs?
09-14 23:28:01.997   685   685 W com.estudo_tdd: Opening an oat file without a class loader. Are you using the deprecated DexFile APIs?
09-14 23:28:02.520   685   685 W com.estudo_tdd: Opening an oat file without a class loader. Are you using the deprecated DexFile APIs?
09-14 23:28:02.522   685   685 W com.estudo_tdd: Opening an oat file without a class loader. Are you using the deprecated DexFile APIs?
09-14 23:28:03.046   685   685 W com.estudo_tdd: Opening an oat file without a class loader. Are you using the deprecated DexFile APIs?
09-14 23:28:03.048   685   685 W com.estudo_tdd: Opening an oat file without a class loader. Are you using the deprecated DexFile APIs?
09-14 23:28:03.587   685   685 W com.estudo_tdd: Opening an oat file without a class loader. Are you using the deprecated DexFile APIs?
09-14 23:28:03.589   685   685 W com.estudo_tdd: Opening an oat file without a class loader. Are you using the deprecated DexFile APIs?
09-14 23:28:04.124   685   685 W com.estudo_tdd: Opening an oat file without a class loader. Are you using the deprecated DexFile APIs?
09-14 23:28:04.126   685   685 W com.estudo_tdd: Opening an oat file without a class loader. Are you using the deprecated DexFile APIs?
09-14 23:28:04.647   685   685 W com.estudo_tdd: Opening an oat file without a class loader. Are you using the deprecated DexFile APIs?
09-14 23:28:04.649   685   685 W com.estudo_tdd: Opening an oat file without a class loader. Are you using the deprecated DexFile APIs?
09-14 23:28:05.171   685   685 W com.estudo_tdd: Opening an oat file without a class loader. Are you using the deprecated DexFile APIs?
09-14 23:28:05.173   685   685 W com.estudo_tdd: Opening an oat file without a class loader. Are you using the deprecated DexFile APIs?
09-14 23:28:05.695   685   685 W com.estudo_tdd: Opening an oat file without a class loader. Are you using the deprecated DexFile APIs?
09-14 23:28:05.697   685   685 W com.estudo_tdd: Opening an oat file without a class loader. Are you using the deprecated DexFile APIs?
09-14 23:28:06.218   685   685 W com.estudo_tdd: Opening an oat file without a class loader. Are you using the deprecated DexFile APIs?
09-14 23:28:06.220   685   685 W com.estudo_tdd: Opening an oat file without a class loader. Are you using the deprecated DexFile APIs?
09-14 23:28:06.744   685   685 W com.estudo_tdd: Opening an oat file without a class loader. Are you using the deprecated DexFile APIs?
09-14 23:28:06.746   685   685 W com.estudo_tdd: Opening an oat file without a class loader. Are you using the deprecated DexFile APIs?
09-14 23:28:07.280   685   685 W com.estudo_tdd: Opening an oat file without a class loader. Are you using the deprecated DexFile APIs?
09-14 23:28:07.282   685   685 W com.estudo_tdd: Opening an oat file without a class loader. Are you using the deprecated DexFile APIs?
09-14 23:28:07.803   685   685 W com.estudo_tdd: Opening an oat file without a class loader. Are you using the deprecated DexFile APIs?
09-14 23:28:07.805   685   685 W com.estudo_tdd: Opening an oat file without a class loader. Are you using the deprecated DexFile APIs?
09-14 23:28:08.335   685   685 W com.estudo_tdd: Opening an oat file without a class loader. Are you using the deprecated DexFile APIs?
09-14 23:28:08.338   685   685 W com.estudo_tdd: Opening an oat file without a class loader. Are you using the deprecated DexFile APIs?
09-14 23:28:08.860   685   685 W com.estudo_tdd: Opening an oat file without a class loader. Are you using the deprecated DexFile APIs?
09-14 23:28:08.863   685   685 W com.estudo_tdd: Opening an oat file without a class loader. Are you using the deprecated DexFile APIs?
09-14 23:28:09.386   685   685 W com.estudo_tdd: Opening an oat file without a class loader. Are you using the deprecated DexFile APIs?
09-14 23:28:09.388   685   685 W com.estudo_tdd: Opening an oat file without a class loader. Are you using the deprecated DexFile APIs?
09-14 23:28:09.913   685   685 W com.estudo_tdd: Opening an oat file without a class loader. Are you using the deprecated DexFile APIs?
09-14 23:28:09.924   685   685 W com.estudo_tdd: Opening an oat file without a class loader. Are you using the deprecated DexFile APIs?
09-14 23:28:10.447   685   685 W com.estudo_tdd: Opening an oat file without a class loader. Are you using the deprecated DexFile APIs?
09-14 23:28:10.449   685   685 W com.estudo_tdd: Opening an oat file without a class loader. Are you using the deprecated DexFile APIs?
09-14 23:28:10.970   685   685 W com.estudo_tdd: Opening an oat file without a class loader. Are you using the deprecated DexFile APIs?
09-14 23:28:10.973   685   685 W com.estudo_tdd: Opening an oat file without a class loader. Are you using the deprecated DexFile APIs?
09-14 23:28:11.495   685   685 W com.estudo_tdd: Opening an oat file without a class loader. Are you using the deprecated DexFile APIs?
09-14 23:28:11.497   685   685 W com.estudo_tdd: Opening an oat file without a class loader. Are you using the deprecated DexFile APIs?
09-14 23:28:12.019   685   685 W com.estudo_tdd: Opening an oat file without a class loader. Are you using the deprecated DexFile APIs?
09-14 23:28:12.021   685   685 W com.estudo_tdd: Opening an oat file without a class loader. Are you using the deprecated DexFile APIs?
09-14 23:28:12.546   685   685 W com.estudo_tdd: Opening an oat file without a class loader. Are you using the deprecated DexFile APIs?
09-14 23:28:12.548   685   685 W com.estudo_tdd: Opening an oat file without a class loader. Are you using the deprecated DexFile APIs?
09-14 23:28:13.080   685   685 W com.estudo_tdd: Opening an oat file without a class loader. Are you using the deprecated DexFile APIs?
09-14 23:28:13.082   685   685 W com.estudo_tdd: Opening an oat file without a class loader. Are you using the deprecated DexFile APIs?
09-14 23:28:13.606   685   685 W com.estudo_tdd: Opening an oat file without a class loader. Are you using the deprecated DexFile APIs?
09-14 23:28:13.607   685   685 W com.estudo_tdd: Opening an oat file without a class loader. Are you using the deprecated DexFile APIs?
09-14 23:28:14.129   685   685 W com.estudo_tdd: Opening an oat file without a class loader. Are you using the deprecated DexFile APIs?
09-14 23:28:14.130   685   685 W com.estudo_tdd: Opening an oat file without a class loader. Are you using the deprecated DexFile APIs?
09-14 23:28:14.653   685   685 W com.estudo_tdd: Opening an oat file without a class loader. Are you using the deprecated DexFile APIs?
09-14 23:28:14.654   685   685 W com.estudo_tdd: Opening an oat file without a class loader. Are you using the deprecated DexFile APIs?
09-14 23:28:15.176   685   685 W com.estudo_tdd: Opening an oat file without a class loader. Are you using the deprecated DexFile APIs?
09-14 23:28:15.178   685   685 W com.estudo_tdd: Opening an oat file without a class loader. Are you using the deprecated DexFile APIs?
09-14 23:28:15.702   685   685 W com.estudo_tdd: Opening an oat file without a class loader. Are you using the deprecated DexFile APIs?
09-14 23:28:15.710   685   685 W com.estudo_tdd: Opening an oat file without a class loader. Are you using the deprecated DexFile APIs?
09-14 23:28:16.235   685   685 W com.estudo_tdd: Opening an oat file without a class loader. Are you using the deprecated DexFile APIs?
09-14 23:28:16.237   685   685 W com.estudo_tdd: Opening an oat file without a class loader. Are you using the deprecated DexFile APIs?
09-14 23:28:16.758   685   685 W com.estudo_tdd: Opening an oat file without a class loader. Are you using the deprecated DexFile APIs?
09-14 23:28:16.759   685   685 W com.estudo_tdd: Opening an oat file without a class loader. Are you using the deprecated DexFile APIs?
09-14 23:28:17.283   685   685 W com.estudo_tdd: Opening an oat file without a class loader. Are you using the deprecated DexFile APIs?
09-14 23:28:17.284   685   685 W com.estudo_tdd: Opening an oat file without a class loader. Are you using the deprecated DexFile APIs?
09-14 23:28:17.806   685   685 W com.estudo_tdd: Opening an oat file without a class loader. Are you using the deprecated DexFile APIs?
09-14 23:28:17.808   685   685 W com.estudo_tdd: Opening an oat file without a class loader. Are you using the deprecated DexFile APIs?
09-14 23:28:18.334   685   685 W com.estudo_tdd: Opening an oat file without a class loader. Are you using the deprecated DexFile APIs?
09-14 23:28:18.336   685   685 W com.estudo_tdd: Opening an oat file without a class loader. Are you using the deprecated DexFile APIs?
09-14 23:28:18.867   685   685 W com.estudo_tdd: Opening an oat file without a class loader. Are you using the deprecated DexFile APIs?
09-14 23:28:18.869   685   685 W com.estudo_tdd: Opening an oat file without a class loader. Are you using the deprecated DexFile APIs?
09-14 23:28:19.391   685   685 W com.estudo_tdd: Opening an oat file without a class loader. Are you using the deprecated DexFile APIs?
09-14 23:28:19.392   685   685 W com.estudo_tdd: Opening an oat file without a class loader. Are you using the deprecated DexFile APIs?
09-14 23:28:19.913   685   685 W com.estudo_tdd: Opening an oat file without a class loader. Are you using the deprecated DexFile APIs?
09-14 23:28:19.916   685   685 W com.estudo_tdd: Opening an oat file without a class loader. Are you using the deprecated DexFile APIs?
09-14 23:28:20.439   685   685 W com.estudo_tdd: Opening an oat file without a class loader. Are you using the deprecated DexFile APIs?
09-14 23:28:20.441   685   685 W com.estudo_tdd: Opening an oat file without a class loader. Are you using the deprecated DexFile APIs?
09-14 23:28:20.971   685   685 W com.estudo_tdd: Opening an oat file without a class loader. Are you using the deprecated DexFile APIs?
09-14 23:28:20.974   685   685 W com.estudo_tdd: Opening an oat file without a class loader. Are you using the deprecated DexFile APIs?
09-14 23:28:21.553   685   685 W com.estudo_tdd: Opening an oat file without a class loader. Are you using the deprecated DexFile APIs?
09-14 23:28:21.557   685   685 W com.estudo_tdd: Opening an oat file without a class loader. Are you using the deprecated DexFile APIs?
09-14 23:28:22.135   685   685 W com.estudo_tdd: Opening an oat file without a class loader. Are you using the deprecated DexFile APIs?
09-14 23:28:22.137   685   685 W com.estudo_tdd: Opening an oat file without a class loader. Are you using the deprecated DexFile APIs?
09-14 23:28:22.677   685   685 W com.estudo_tdd: Opening an oat file without a class loader. Are you using the deprecated DexFile APIs?
09-14 23:28:22.681   685   685 W com.estudo_tdd: Opening an oat file without a class loader. Are you using the deprecated DexFile APIs?
09-14 23:28:23.208   685   685 W com.estudo_tdd: Opening an oat file without a class loader. Are you using the deprecated DexFile APIs?
09-14 23:28:23.210   685   685 W com.estudo_tdd: Opening an oat file without a class loader. Are you using the deprecated DexFile APIs?
09-14 23:28:23.736   685   685 W com.estudo_tdd: Opening an oat file without a class loader. Are you using the deprecated DexFile APIs?
09-14 23:28:23.740   685   685 W com.estudo_tdd: Opening an oat file without a class loader. Are you using the deprecated DexFile APIs?
09-14 23:28:24.282   685   685 W com.estudo_tdd: Opening an oat file without a class loader. Are you using the deprecated DexFile APIs?
09-14 23:28:24.291   685   685 W com.estudo_tdd: Opening an oat file without a class loader. Are you using the deprecated DexFile APIs?
09-14 23:28:24.877   685   685 W com.estudo_tdd: Opening an oat file without a class loader. Are you using the deprecated DexFile APIs?
09-14 23:28:24.879   685   685 W com.estudo_tdd: Opening an oat file without a class loader. Are you using the deprecated DexFile APIs?
09-14 23:28:25.411   685   685 W com.estudo_tdd: Opening an oat file without a class loader. Are you using the deprecated DexFile APIs?
09-14 23:28:25.413   685   685 W com.estudo_tdd: Opening an oat file without a class loader. Are you using the deprecated DexFile APIs?
09-14 23:28:25.937   685   685 W com.estudo_tdd: Opening an oat file without a class loader. Are you using the deprecated DexFile APIs?
09-14 23:28:25.939   685   685 W com.estudo_tdd: Opening an oat file without a class loader. Are you using the deprecated DexFile APIs?
09-14 23:28:26.470   685   685 W com.estudo_tdd: Opening an oat file without a class loader. Are you using the deprecated DexFile APIs?
09-14 23:28:26.472   685   685 W com.estudo_tdd: Opening an oat file without a class loader. Are you using the deprecated DexFile APIs?
09-14 23:28:27.002   685   685 W com.estudo_tdd: Opening an oat file without a class loader. Are you using the deprecated DexFile APIs?
09-14 23:28:27.005   685   685 W com.estudo_tdd: Opening an oat file without a class loader. Are you using the deprecated DexFile APIs?
09-14 23:28:27.544   685   685 W com.estudo_tdd: Opening an oat file without a class loader. Are you using the deprecated DexFile APIs?
09-14 23:28:27.546   685   685 W com.estudo_tdd: Opening an oat file without a class loader. Are you using the deprecated DexFile APIs?
09-14 23:28:28.102   685   685 W com.estudo_tdd: Opening an oat file without a class loader. Are you using the deprecated DexFile APIs?
09-14 23:28:28.104   685   685 W com.estudo_tdd: Opening an oat file without a class loader. Are you using the deprecated DexFile APIs?
09-14 23:28:28.638   685   685 W com.estudo_tdd: Opening an oat file without a class loader. Are you using the deprecated DexFile APIs?
09-14 23:28:28.643   685   685 W com.estudo_tdd: Opening an oat file without a class loader. Are you using the deprecated DexFile APIs?
09-14 23:28:29.167   685   685 W com.estudo_tdd: Opening an oat file without a class loader. Are you using the deprecated DexFile APIs?
09-14 23:28:29.169   685   685 W com.estudo_tdd: Opening an oat file without a class loader. Are you using the deprecated DexFile APIs?
09-14 23:28:29.692   685   685 W com.estudo_tdd: Opening an oat file without a class loader. Are you using the deprecated DexFile APIs?
09-14 23:28:29.694   685   685 W com.estudo_tdd: Opening an oat file without a class loader. Are you using the deprecated DexFile APIs?
09-14 23:28:30.217   685   685 W com.estudo_tdd: Opening an oat file without a class loader. Are you using the deprecated DexFile APIs?
09-14 23:28:30.219   685   685 W com.estudo_tdd: Opening an oat file without a class loader. Are you using the deprecated DexFile APIs?
09-14 23:28:30.745   685   685 W com.estudo_tdd: Opening an oat file without a class loader. Are you using the deprecated DexFile APIs?
09-14 23:28:30.749   685   685 W com.estudo_tdd: Opening an oat file without a class loader. Are you using the deprecated DexFile APIs?
09-14 23:28:31.282   685   685 W com.estudo_tdd: Opening an oat file without a class loader. Are you using the deprecated DexFile APIs?
09-14 23:28:31.288   685   685 W com.estudo_tdd: Opening an oat file without a class loader. Are you using the deprecated DexFile APIs?
09-14 23:28:31.810   685   685 W com.estudo_tdd: Opening an oat file without a class loader. Are you using the deprecated DexFile APIs?
09-14 23:28:31.812   685   685 W com.estudo_tdd: Opening an oat file without a class loader. Are you using the deprecated DexFile APIs?
09-14 23:28:32.336   685   685 W com.estudo_tdd: Opening an oat file without a class loader. Are you using the deprecated DexFile APIs?
09-14 23:28:32.341   685   685 I com.estudo_tdd: Rejecting re-init on previously-failed class java.lang.Class<com.facebook.imagepipeline.stetho.BaseFrescoStethoPlugin>: java.lang.NoClassDefFoundError: Failed resolution of: Lcom/facebook/stetho/dumpapp/DumperPlugin;
09-14 23:28:32.341   685   685 I com.estudo_tdd:   at java.lang.Class java.lang.Class.classForName(java.lang.String, boolean, java.lang.ClassLoader) (Class.java:-2)
09-14 23:28:32.341   685   685 I com.estudo_tdd:   at java.lang.Class java.lang.Class.forName(java.lang.String, boolean, java.lang.ClassLoader) (Class.java:453)
09-14 23:28:32.342   685   685 I com.estudo_tdd:   at android.test.ClassPathPackageInfoSource$ClassPathPackageInfo android.test.ClassPathPackageInfoSource.createPackageInfo(java.lang.String) (ClassPathPackageInfoSource.java:93)
09-14 23:28:32.342   685   685 I com.estudo_tdd:   at android.test.ClassPathPackageInfoSource$ClassPathPackageInfo android.test.ClassPathPackageInfoSource.access$000(android.test.ClassPathPackageInfoSource, java.lang.String) (ClassPathPackageInfoSource.java:37)
09-14 23:28:32.342   685   685 I com.estudo_tdd:   at android.test.ClassPathPackageInfoSource$ClassPathPackageInfo android.test.ClassPathPackageInfoSource$1.load(java.lang.String) (ClassPathPackageInfoSource.java:50)
09-14 23:28:32.342   685   685 I com.estudo_tdd:   at java.lang.Object android.test.ClassPathPackageInfoSource$1.load(java.lang.Object) (ClassPathPackageInfoSource.java:47)
09-14 23:28:32.342   685   685 I com.estudo_tdd:   at java.lang.Object android.test.SimpleCache.get(java.lang.Object) (SimpleCache.java:32)
09-14 23:28:32.342   685   685 I com.estudo_tdd:   at java.util.Set android.test.ClassPathPackageInfoSource$ClassPathPackageInfo.getSubpackages() (ClassPathPackageInfoSource.java:230)
09-14 23:28:32.342   685   685 I com.estudo_tdd:   at void android.test.ClassPathPackageInfoSource$ClassPathPackageInfo.addTopLevelClassesTo(java.util.Set) (ClassPathPackageInfoSource.java:243)
09-14 23:28:32.342   685   685 I com.estudo_tdd:   at java.util.Set android.test.ClassPathPackageInfoSource$ClassPathPackageInfo.getTopLevelClassesRecursive() (ClassPathPackageInfoSource.java:237)
09-14 23:28:32.342   685   685 I com.estudo_tdd:   at java.util.Set android.test.ClassPathPackageInfoSource$ClassPathPackageInfo.access$100(android.test.ClassPathPackageInfoSource$ClassPathPackageInfo) (ClassPathPackageInfoSource.java:214)
09-14 23:28:32.342   685   685 I com.estudo_tdd:   at java.util.Set android.test.ClassPathPackageInfoSource.getTopLevelClassesRecursive(java.lang.String) (ClassPathPackageInfoSource.java:77)
09-14 23:28:32.342   685   685 I com.estudo_tdd:   at java.util.List android.test.suitebuilder.TestGrouping.testCaseClassesInPackage(java.lang.String) (TestGrouping.java:134)
09-14 23:28:32.342   685   685 I com.estudo_tdd:   at void android.test.suitebuilder.TestGrouping.addPackagesRecursive(java.lang.String[]) (TestGrouping.java:110)
09-14 23:28:32.342   685   685 I com.estudo_tdd:   at android.test.suitebuilder.TestSuiteBuilder android.test.suitebuilder.TestSuiteBuilder.includePackages(java.lang.String[]) (TestSuiteBuilder.java:102)
09-14 23:28:32.342   685   685 I com.estudo_tdd:   at void android.test.InstrumentationTestRunner.onCreate(android.os.Bundle) (InstrumentationTestRunner.java:377)
09-14 23:28:32.342   685   685 I com.estudo_tdd:   at void android.app.ActivityThread.handleBindApplication(android.app.ActivityThread$AppBindData) (ActivityThread.java:6391)
09-14 23:28:32.342   685   685 I com.estudo_tdd:   at void android.app.ActivityThread.access$1300(android.app.ActivityThread, android.app.ActivityThread$AppBindData) (ActivityThread.java:248)
09-14 23:28:32.342   685   685 I com.estudo_tdd:   at void android.app.ActivityThread$H.handleMessage(android.os.Message) (ActivityThread.java:1830)
09-14 23:28:32.342   685   685 I com.estudo_tdd:   at void android.os.Handler.dispatchMessage(android.os.Message) (Handler.java:106)
09-14 23:28:32.342   685   685 I com.estudo_tdd:   at void android.os.Looper.loop() (Looper.java:216)
09-14 23:28:32.342   685   685 I com.estudo_tdd:   at void android.app.ActivityThread.main(java.lang.String[]) (ActivityThread.java:7266)
09-14 23:28:32.342   685   685 I com.estudo_tdd:   at java.lang.Object java.lang.reflect.Method.invoke(java.lang.Object, java.lang.Object[]) (Method.java:-2)
09-14 23:28:32.342   685   685 I com.estudo_tdd:   at void com.android.internal.os.RuntimeInit$MethodAndArgsCaller.run() (RuntimeInit.java:494)
09-14 23:28:32.342   685   685 I com.estudo_tdd:   at void com.android.internal.os.ZygoteInit.main(java.lang.String[]) (ZygoteInit.java:975)
09-14 23:28:32.342   685   685 I com.estudo_tdd: Caused by: java.lang.ClassNotFoundException: Didn't find class "com.facebook.stetho.dumpapp.DumperPlugin" on path: DexPathList[[zip file "/system/framework/android.test.runner.jar", zip file "/system/framework/android.test.mock.jar", zip file "/data/app/com.estudo_tdd.test-3vl14lUWnjLDGme-kTvnvg==/base.apk", zip file "/data/app/com.estudo_tdd-2-GiRR_eMKkowXcPSALrGg==/base.apk"],nativeLibraryDirectories=[/data/app/com.estudo_tdd.test-3vl14lUWnjLDGme-kTvnvg==/lib/arm, /data/app/com.estudo_tdd-2-GiRR_eMKkowXcPSALrGg==/lib/arm, /data/app/com.estudo_tdd.test-3vl14lUWnjLDGme-kTvnvg==/base.apk!/lib/armeabi-v7a, /data/app/com.estudo_tdd-2-GiRR_eMKkowXcPSALrGg==/base.apk!/lib/armeabi-v7a, /system/lib, /system/vendor/lib]]
09-14 23:28:32.342   685   685 I com.estudo_tdd:   at java.lang.Class dalvik.system.BaseDexClassLoader.findClass(java.lang.String) (BaseDexClassLoader.java:134)
09-14 23:28:32.342   685   685 I com.estudo_tdd:   at java.lang.Class java.lang.ClassLoader.loadClass(java.lang.String, boolean) (ClassLoader.java:379)
09-14 23:28:32.342   685   685 I com.estudo_tdd:   at java.lang.Class java.lang.ClassLoader.loadClass(java.lang.String) (ClassLoader.java:312)
09-14 23:28:32.342   685   685 I com.estudo_tdd:   at java.lang.Class java.lang.Class.classForName(java.lang.String, boolean, java.lang.ClassLoader) (Class.java:-2)
09-14 23:28:32.342   685   685 I com.estudo_tdd:   at java.lang.Class java.lang.Class.forName(java.lang.String, boolean, java.lang.ClassLoader) (Class.java:453)
09-14 23:28:32.342   685   685 I com.estudo_tdd:   at android.test.ClassPathPackageInfoSource$ClassPathPackageInfo android.test.ClassPathPackageInfoSource.createPackageInfo(java.lang.String) (ClassPathPackageInfoSource.java:93)
09-14 23:28:32.342   685   685 I com.estudo_tdd:   at android.test.ClassPathPackageInfoSource$ClassPathPackageInfo android.test.ClassPathPackageInfoSource.access$000(android.test.ClassPathPackageInfoSource, java.lang.String) (ClassPathPackageInfoSource.java:37)
09-14 23:28:32.342   685   685 I com.estudo_tdd:   at android.test.ClassPathPackageInfoSource$ClassPathPackageInfo android.test.ClassPathPackageInfoSource$1.load(java.lang.String) (ClassPathPackageInfoSource.java:50)
09-14 23:28:32.342   685   685 I com.estudo_tdd:   at java.lang.Object android.test.ClassPathPackageInfoSource$1.load(java.lang.Object) (ClassPathPackageInfoSource.java:47)
09-14 23:28:32.342   685   685 I com.estudo_tdd:   at java.lang.Object android.test.SimpleCache.get(java.lang.Object) (SimpleCache.java:32)
09-14 23:28:32.342   685   685 I com.estudo_tdd:   at java.util.Set android.test.ClassPathPackageInfoSource$ClassPathPackageInfo.getSubpackages() (ClassPathPackageInfoSource.java:230)
09-14 23:28:32.342   685   685 I com.estudo_tdd:   at void android.test.ClassPathPackageInfoSource$ClassPathPackageInfo.addTopLevelClassesTo(java.util.Set) (ClassPathPackageInfoSource.java:243)
09-14 23:28:32.342   685   685 I com.estudo_tdd:   at java.util.Set android.test.ClassPathPackageInfoSource$ClassPathPackageInfo.getTopLevelClassesRecursive() (ClassPathPackageInfoSource.java:237)
09-14 23:28:32.342   685   685 I com.estudo_tdd:   at java.util.Set android.test.ClassPathPackageInfoSource$ClassPathPackageInfo.access$100(android.test.ClassPathPackageInfoSource$ClassPathPackageInfo) (ClassPathPackageInfoSource.java:214)
09-14 23:28:32.342   685   685 I com.estudo_tdd:   at java.util.Set android.test.ClassPathPackageInfoSource.getTopLevelClassesRecursive(java.lang.String) (ClassPathPackageInfoSource.java:77)
09-14 23:28:32.342   685   685 I com.estudo_tdd:   at java.util.List android.test.suitebuilder.TestGrouping.testCaseClassesInPackage(java.lang.String) (TestGrouping.java:134)
09-14 23:28:32.342   685   685 I com.estudo_tdd:   at void android.test.suitebuilder.TestGrouping.addPackagesRecursive(java.lang.String[]) (TestGrouping.java:110)
09-14 23:28:32.342   685   685 I com.estudo_tdd:   at android.test.suitebuilder.TestSuiteBuilder android.test.suitebuilder.TestSuiteBuilder.includePackages(java.lang.String[]) (TestSuiteBuilder.java:102)
09-14 23:28:32.342   685   685 I com.estudo_tdd:   at void android.test.InstrumentationTestRunner.onCreate(android.os.Bundle) (InstrumentationTestRunner.java:377)
09-14 23:28:32.342   685   685 I com.estudo_tdd:   at void android.app.ActivityThread.handleBindApplication(android.app.ActivityThread$AppBindData) (ActivityThread.java:6391)
09-14 23:28:32.342   685   685 I com.estudo_tdd:   at void android.app.ActivityThread.access$1300(android.app.ActivityThread, android.app.ActivityThread$AppBindData) (ActivityThread.java:248)
09-14 23:28:32.342   685   685 I com.estudo_tdd:   at void android.app.ActivityThread$H.handleMessage(android.os.Message) (ActivityThread.java:1830)
09-14 23:28:32.342   685   685 I com.estudo_tdd:   at void android.os.Handler.dispatchMessage(android.os.Message) (Handler.java:106)
09-14 23:28:32.342   685   685 I com.estudo_tdd:   at void android.os.Looper.loop() (Looper.java:216)
09-14 23:28:32.342   685   685 I com.estudo_tdd:   at void android.app.ActivityThread.main(java.lang.String[]) (ActivityThread.java:7266)
09-14 23:28:32.342   685   685 I com.estudo_tdd:   at java.lang.Object java.lang.reflect.Method.invoke(java.lang.Object, java.lang.Object[]) (Method.java:-2)
09-14 23:28:32.342   685   685 I com.estudo_tdd:   at void com.android.internal.os.RuntimeInit$MethodAndArgsCaller.run() (RuntimeInit.java:494)
09-14 23:28:32.342   685   685 I com.estudo_tdd:   at void com.android.internal.os.ZygoteInit.main(java.lang.String[]) (ZygoteInit.java:975)
09-14 23:28:32.342   685   685 I com.estudo_tdd: 
09-14 23:28:32.352   685   685 W ClassPathPackageInfoSource: Cannot load class. Make sure it is in your apk. Class name: 'com.facebook.imagepipeline.stetho.BaseFrescoStethoPlugin'. Message: com.facebook.imagepipeline.stetho.BaseFrescoStethoPlugin
09-14 23:28:32.352   685   685 W ClassPathPackageInfoSource: java.lang.ClassNotFoundException: com.facebook.imagepipeline.stetho.BaseFrescoStethoPlugin
09-14 23:28:32.352   685   685 W ClassPathPackageInfoSource: 	at java.lang.Class.classForName(Native Method)
09-14 23:28:32.352   685   685 W ClassPathPackageInfoSource: 	at java.lang.Class.forName(Class.java:453)
09-14 23:28:32.352   685   685 W ClassPathPackageInfoSource: 	at android.test.ClassPathPackageInfoSource.createPackageInfo(ClassPathPackageInfoSource.java:93)
09-14 23:28:32.352   685   685 W ClassPathPackageInfoSource: 	at android.test.ClassPathPackageInfoSource.access$000(ClassPathPackageInfoSource.java:37)
09-14 23:28:32.352   685   685 W ClassPathPackageInfoSource: 	at android.test.ClassPathPackageInfoSource$1.load(ClassPathPackageInfoSource.java:50)
09-14 23:28:32.352   685   685 W ClassPathPackageInfoSource: 	at android.test.ClassPathPackageInfoSource$1.load(ClassPathPackageInfoSource.java:47)
09-14 23:28:32.352   685   685 W ClassPathPackageInfoSource: 	at android.test.SimpleCache.get(SimpleCache.java:32)
09-14 23:28:32.352   685   685 W ClassPathPackageInfoSource: 	at android.test.ClassPathPackageInfoSource$ClassPathPackageInfo.getSubpackages(ClassPathPackageInfoSource.java:230)
09-14 23:28:32.352   685   685 W ClassPathPackageInfoSource: 	at android.test.ClassPathPackageInfoSource$ClassPathPackageInfo.addTopLevelClassesTo(ClassPathPackageInfoSource.java:243)
09-14 23:28:32.352   685   685 W ClassPathPackageInfoSource: 	at android.test.ClassPathPackageInfoSource$ClassPathPackageInfo.getTopLevelClassesRecursive(ClassPathPackageInfoSource.java:237)
09-14 23:28:32.352   685   685 W ClassPathPackageInfoSource: 	at android.test.ClassPathPackageInfoSource$ClassPathPackageInfo.access$100(ClassPathPackageInfoSource.java:214)
09-14 23:28:32.352   685   685 W ClassPathPackageInfoSource: 	at android.test.ClassPathPackageInfoSource.getTopLevelClassesRecursive(ClassPathPackageInfoSource.java:77)
09-14 23:28:32.352   685   685 W ClassPathPackageInfoSource: 	at android.test.suitebuilder.TestGrouping.testCaseClassesInPackage(TestGrouping.java:134)
09-14 23:28:32.352   685   685 W ClassPathPackageInfoSource: 	at android.test.suitebuilder.TestGrouping.addPackagesRecursive(TestGrouping.java:110)
09-14 23:28:32.352   685   685 W ClassPathPackageInfoSource: 	at android.test.suitebuilder.TestSuiteBuilder.includePackages(TestSuiteBuilder.java:102)
09-14 23:28:32.352   685   685 W ClassPathPackageInfoSource: 	at android.test.InstrumentationTestRunner.onCreate(InstrumentationTestRunner.java:377)
09-14 23:28:32.352   685   685 W ClassPathPackageInfoSource: 	at android.app.ActivityThread.handleBindApplication(ActivityThread.java:6391)
09-14 23:28:32.352   685   685 W ClassPathPackageInfoSource: 	at android.app.ActivityThread.access$1300(ActivityThread.java:248)
09-14 23:28:32.352   685   685 W ClassPathPackageInfoSource: 	at android.app.ActivityThread$H.handleMessage(ActivityThread.java:1830)
09-14 23:28:32.352   685   685 W ClassPathPackageInfoSource: 	at android.os.Handler.dispatchMessage(Handler.java:106)
09-14 23:28:32.352   685   685 W ClassPathPackageInfoSource: 	at android.os.Looper.loop(Looper.java:216)
09-14 23:28:32.352   685   685 W ClassPathPackageInfoSource: 	at android.app.ActivityThread.main(ActivityThread.java:7266)
09-14 23:28:32.352   685   685 W ClassPathPackageInfoSource: 	at java.lang.reflect.Method.invoke(Native Method)
09-14 23:28:32.352   685   685 W ClassPathPackageInfoSource: 	at com.android.internal.os.RuntimeInit$MethodAndArgsCaller.run(RuntimeInit.java:494)
09-14 23:28:32.352   685   685 W ClassPathPackageInfoSource: 	at com.android.internal.os.ZygoteInit.main(ZygoteInit.java:975)
09-14 23:28:32.352   685   685 W ClassPathPackageInfoSource: Caused by: java.lang.ClassNotFoundException: com.facebook.imagepipeline.stetho.BaseFrescoStethoPlugin
09-14 23:28:32.352   685   685 W ClassPathPackageInfoSource: 	at java.lang.VMClassLoader.findLoadedClass(Native Method)
09-14 23:28:32.352   685   685 W ClassPathPackageInfoSource: 	at java.lang.ClassLoader.findLoadedClass(ClassLoader.java:738)
09-14 23:28:32.352   685   685 W ClassPathPackageInfoSource: 	at java.lang.ClassLoader.loadClass(ClassLoader.java:363)
09-14 23:28:32.352   685   685 W ClassPathPackageInfoSource: 	at java.lang.ClassLoader.loadClass(ClassLoader.java:312)
09-14 23:28:32.352   685   685 W ClassPathPackageInfoSource: 	... 25 more
09-14 23:28:32.352   685   685 W ClassPathPackageInfoSource: Caused by: java.lang.NoClassDefFoundError: Failed resolution of: Lcom/facebook/stetho/dumpapp/DumperPlugin;
09-14 23:28:32.352   685   685 W ClassPathPackageInfoSource: 	... 25 more
09-14 23:28:32.352   685   685 W ClassPathPackageInfoSource: Caused by: java.lang.ClassNotFoundException: Didn't find class "com.facebook.stetho.dumpapp.DumperPlugin" on path: DexPathList[[zip file "/system/framework/android.test.runner.jar", zip file "/system/framework/android.test.mock.jar", zip file "/data/app/com.estudo_tdd.test-3vl14lUWnjLDGme-kTvnvg==/base.apk", zip file "/data/app/com.estudo_tdd-2-GiRR_eMKkowXcPSALrGg==/base.apk"],nativeLibraryDirectories=[/data/app/com.estudo_tdd.test-3vl14lUWnjLDGme-kTvnvg==/lib/arm, /data/app/com.estudo_tdd-2-GiRR_eMKkowXcPSALrGg==/lib/arm, /data/app/com.estudo_tdd.test-3vl14lUWnjLDGme-kTvnvg==/base.apk!/lib/armeabi-v7a, /data/app/com.estudo_tdd-2-GiRR_eMKkowXcPSALrGg==/base.apk!/lib/armeabi-v7a, /system/lib, /system/vendor/lib]]
09-14 23:28:32.352   685   685 W ClassPathPackageInfoSource: 	at dalvik.system.BaseDexClassLoader.findClass(BaseDexClassLoader.java:134)
09-14 23:28:32.352   685   685 W ClassPathPackageInfoSource: 	at java.lang.ClassLoader.loadClass(ClassLoader.java:379)
09-14 23:28:32.352   685   685 W ClassPathPackageInfoSource: 	at java.lang.ClassLoader.loadClass(ClassLoader.java:312)
09-14 23:28:32.352   685   685 W ClassPathPackageInfoSource: 	... 25 more
09-14 23:28:32.352   685   685 I com.estudo_tdd: Rejecting re-init on previously-failed class java.lang.Class<com.facebook.imagepipeline.stetho.BaseFrescoStethoPlugin>: java.lang.NoClassDefFoundError: Failed resolution of: Lcom/facebook/stetho/dumpapp/DumperPlugin;
09-14 23:28:32.353   685   685 I com.estudo_tdd: (Throwable with no stack trace)
09-14 23:28:32.353   685   685 I com.estudo_tdd: Caused by: java.lang.ClassNotFoundException: Didn't find class "com.facebook.stetho.dumpapp.DumperPlugin" on path: DexPathList[[zip file "/system/framework/android.test.runner.jar", zip file "/system/framework/android.test.mock.jar", zip file "/data/app/com.estudo_tdd.test-3vl14lUWnjLDGme-kTvnvg==/base.apk", zip file "/data/app/com.estudo_tdd-2-GiRR_eMKkowXcPSALrGg==/base.apk"],nativeLibraryDirectories=[/data/app/com.estudo_tdd.test-3vl14lUWnjLDGme-kTvnvg==/lib/arm, /data/app/com.estudo_tdd-2-GiRR_eMKkowXcPSALrGg==/lib/arm, /data/app/com.estudo_tdd.test-3vl14lUWnjLDGme-kTvnvg==/base.apk!/lib/armeabi-v7a, /data/app/com.estudo_tdd-2-GiRR_eMKkowXcPSALrGg==/base.apk!/lib/armeabi-v7a, /system/lib, /system/vendor/lib]]
09-14 23:28:32.353   685   685 I com.estudo_tdd: (Throwable with no stack trace)
09-14 23:28:32.353   685   685 I com.estudo_tdd: 
09-14 23:28:32.353   685   685 I com.estudo_tdd: Rejecting re-init on previously-failed class java.lang.Class<com.facebook.imagepipeline.stetho.FrescoStethoPlugin>: java.lang.NoClassDefFoundError: Failed resolution of: Lcom/facebook/stetho/dumpapp/DumperPlugin;
09-14 23:28:32.353   685   685 I com.estudo_tdd: (Throwable with no stack trace)
09-14 23:28:32.353   685   685 I com.estudo_tdd: Caused by: java.lang.ClassNotFoundException: Didn't find class "com.facebook.stetho.dumpapp.DumperPlugin" on path: DexPathList[[zip file "/system/framework/android.test.runner.jar", zip file "/system/framework/android.test.mock.jar", zip file "/data/app/com.estudo_tdd.test-3vl14lUWnjLDGme-kTvnvg==/base.apk", zip file "/data/app/com.estudo_tdd-2-GiRR_eMKkowXcPSALrGg==/base.apk"],nativeLibraryDirectories=[/data/app/com.estudo_tdd.test-3vl14lUWnjLDGme-kTvnvg==/lib/arm, /data/app/com.estudo_tdd-2-GiRR_eMKkowXcPSALrGg==/lib/arm, /data/app/com.estudo_tdd.test-3vl14lUWnjLDGme-kTvnvg==/base.apk!/lib/armeabi-v7a, /data/app/com.estudo_tdd-2-GiRR_eMKkowXcPSALrGg==/base.apk!/lib/armeabi-v7a, /system/lib, /system/vendor/lib]]
09-14 23:28:32.353   685   685 I com.estudo_tdd: (Throwable with no stack trace)
09-14 23:28:32.353   685   685 I com.estudo_tdd: 
09-14 23:28:32.361   685   685 W ClassPathPackageInfoSource: Cannot load class. Make sure it is in your apk. Class name: 'com.facebook.imagepipeline.stetho.FrescoStethoPlugin'. Message: com.facebook.imagepipeline.stetho.FrescoStethoPlugin
09-14 23:28:32.361   685   685 W ClassPathPackageInfoSource: java.lang.ClassNotFoundException: com.facebook.imagepipeline.stetho.FrescoStethoPlugin
09-14 23:28:32.361   685   685 W ClassPathPackageInfoSource: 	at java.lang.Class.classForName(Native Method)
09-14 23:28:32.361   685   685 W ClassPathPackageInfoSource: 	at java.lang.Class.forName(Class.java:453)
09-14 23:28:32.361   685   685 W ClassPathPackageInfoSource: 	at android.test.ClassPathPackageInfoSource.createPackageInfo(ClassPathPackageInfoSource.java:93)
09-14 23:28:32.361   685   685 W ClassPathPackageInfoSource: 	at android.test.ClassPathPackageInfoSource.access$000(ClassPathPackageInfoSource.java:37)
09-14 23:28:32.361   685   685 W ClassPathPackageInfoSource: 	at android.test.ClassPathPackageInfoSource$1.load(ClassPathPackageInfoSource.java:50)
09-14 23:28:32.361   685   685 W ClassPathPackageInfoSource: 	at android.test.ClassPathPackageInfoSource$1.load(ClassPathPackageInfoSource.java:47)
09-14 23:28:32.361   685   685 W ClassPathPackageInfoSource: 	at android.test.SimpleCache.get(SimpleCache.java:32)
09-14 23:28:32.361   685   685 W ClassPathPackageInfoSource: 	at android.test.ClassPathPackageInfoSource$ClassPathPackageInfo.getSubpackages(ClassPathPackageInfoSource.java:230)
09-14 23:28:32.361   685   685 W ClassPathPackageInfoSource: 	at android.test.ClassPathPackageInfoSource$ClassPathPackageInfo.addTopLevelClassesTo(ClassPathPackageInfoSource.java:243)
09-14 23:28:32.361   685   685 W ClassPathPackageInfoSource: 	at android.test.ClassPathPackageInfoSource$ClassPathPackageInfo.getTopLevelClassesRecursive(ClassPathPackageInfoSource.java:237)
09-14 23:28:32.361   685   685 W ClassPathPackageInfoSource: 	at android.test.ClassPathPackageInfoSource$ClassPathPackageInfo.access$100(ClassPathPackageInfoSource.java:214)
09-14 23:28:32.361   685   685 W ClassPathPackageInfoSource: 	at android.test.ClassPathPackageInfoSource.getTopLevelClassesRecursive(ClassPathPackageInfoSource.java:77)
09-14 23:28:32.361   685   685 W ClassPathPackageInfoSource: 	at android.test.suitebuilder.TestGrouping.testCaseClassesInPackage(TestGrouping.java:134)
09-14 23:28:32.361   685   685 W ClassPathPackageInfoSource: 	at android.test.suitebuilder.TestGrouping.addPackagesRecursive(TestGrouping.java:110)
09-14 23:28:32.361   685   685 W ClassPathPackageInfoSource: 	at android.test.suitebuilder.TestSuiteBuilder.includePackages(TestSuiteBuilder.java:102)
09-14 23:28:32.361   685   685 W ClassPathPackageInfoSource: 	at android.test.InstrumentationTestRunner.onCreate(InstrumentationTestRunner.java:377)
09-14 23:28:32.361   685   685 W ClassPathPackageInfoSource: 	at android.app.ActivityThread.handleBindApplication(ActivityThread.java:6391)
09-14 23:28:32.361   685   685 W ClassPathPackageInfoSource: 	at android.app.ActivityThread.access$1300(ActivityThread.java:248)
09-14 23:28:32.361   685   685 W ClassPathPackageInfoSource: 	at android.app.ActivityThread$H.handleMessage(ActivityThread.java:1830)
09-14 23:28:32.361   685   685 W ClassPathPackageInfoSource: 	at android.os.Handler.dispatchMessage(Handler.java:106)
09-14 23:28:32.361   685   685 W ClassPathPackageInfoSource: 	at android.os.Looper.loop(Looper.java:216)
09-14 23:28:32.361   685   685 W ClassPathPackageInfoSource: 	at android.app.ActivityThread.main(ActivityThread.java:7266)
09-14 23:28:32.361   685   685 W ClassPathPackageInfoSource: 	at java.lang.reflect.Method.invoke(Native Method)
09-14 23:28:32.361   685   685 W ClassPathPackageInfoSource: 	at com.android.internal.os.RuntimeInit$MethodAndArgsCaller.run(RuntimeInit.java:494)
09-14 23:28:32.361   685   685 W ClassPathPackageInfoSource: 	at com.android.internal.os.ZygoteInit.main(ZygoteInit.java:975)
09-14 23:28:32.361   685   685 W ClassPathPackageInfoSource: Caused by: java.lang.ClassNotFoundException: com.facebook.imagepipeline.stetho.FrescoStethoPlugin
09-14 23:28:32.361   685   685 W ClassPathPackageInfoSource: 	at java.lang.VMClassLoader.findLoadedClass(Native Method)
09-14 23:28:32.361   685   685 W ClassPathPackageInfoSource: 	at java.lang.ClassLoader.findLoadedClass(ClassLoader.java:738)
09-14 23:28:32.361   685   685 W ClassPathPackageInfoSource: 	at java.lang.ClassLoader.loadClass(ClassLoader.java:363)
09-14 23:28:32.361   685   685 W ClassPathPackageInfoSource: 	at java.lang.ClassLoader.loadClass(ClassLoader.java:312)
09-14 23:28:32.361   685   685 W ClassPathPackageInfoSource: 	... 25 more
09-14 23:28:32.361   685   685 W ClassPathPackageInfoSource: Caused by: java.lang.NoClassDefFoundError: Failed resolution of: Lcom/facebook/stetho/dumpapp/DumperPlugin;
09-14 23:28:32.361   685   685 W ClassPathPackageInfoSource: 	... 25 more
09-14 23:28:32.361   685   685 W ClassPathPackageInfoSource: Caused by: java.lang.ClassNotFoundException: Didn't find class "com.facebook.stetho.dumpapp.DumperPlugin" on path: DexPathList[[zip file "/system/framework/android.test.runner.jar", zip file "/system/framework/android.test.mock.jar", zip file "/data/app/com.estudo_tdd.test-3vl14lUWnjLDGme-kTvnvg==/base.apk", zip file "/data/app/com.estudo_tdd-2-GiRR_eMKkowXcPSALrGg==/base.apk"],nativeLibraryDirectories=[/data/app/com.estudo_tdd.test-3vl14lUWnjLDGme-kTvnvg==/lib/arm, /data/app/com.estudo_tdd-2-GiRR_eMKkowXcPSALrGg==/lib/arm, /data/app/com.estudo_tdd.test-3vl14lUWnjLDGme-kTvnvg==/base.apk!/lib/armeabi-v7a, /data/app/com.estudo_tdd-2-GiRR_eMKkowXcPSALrGg==/base.apk!/lib/armeabi-v7a, /system/lib, /system/vendor/lib]]
09-14 23:28:32.361   685   685 W ClassPathPackageInfoSource: 	at dalvik.system.BaseDexClassLoader.findClass(BaseDexClassLoader.java:134)
09-14 23:28:32.361   685   685 W ClassPathPackageInfoSource: 	at java.lang.ClassLoader.loadClass(ClassLoader.java:379)
09-14 23:28:32.361   685   685 W ClassPathPackageInfoSource: 	at java.lang.ClassLoader.loadClass(ClassLoader.java:312)
09-14 23:28:32.361   685   685 W ClassPathPackageInfoSource: 	... 25 more
09-14 23:28:32.361   685   685 W com.estudo_tdd: Opening an oat file without a class loader. Are you using the deprecated DexFile APIs?
09-14 23:28:32.884   685   685 W com.estudo_tdd: Opening an oat file without a class loader. Are you using the deprecated DexFile APIs?
09-14 23:28:32.885   685   685 W com.estudo_tdd: Opening an oat file without a class loader. Are you using the deprecated DexFile APIs?
09-14 23:28:33.408   685   685 W com.estudo_tdd: Opening an oat file without a class loader. Are you using the deprecated DexFile APIs?
09-14 23:28:33.411   685   685 W com.estudo_tdd: Opening an oat file without a class loader. Are you using the deprecated DexFile APIs?
09-14 23:28:33.943   685   685 W com.estudo_tdd: Opening an oat file without a class loader. Are you using the deprecated DexFile APIs?
09-14 23:28:33.945   685   685 W com.estudo_tdd: Opening an oat file without a class loader. Are you using the deprecated DexFile APIs?
09-14 23:28:34.482   685   685 W com.estudo_tdd: Opening an oat file without a class loader. Are you using the deprecated DexFile APIs?
09-14 23:28:34.483   685   685 W com.estudo_tdd: Opening an oat file without a class loader. Are you using the deprecated DexFile APIs?
09-14 23:28:35.011   685   685 W com.estudo_tdd: Opening an oat file without a class loader. Are you using the deprecated DexFile APIs?
09-14 23:28:35.013   685   685 W com.estudo_tdd: Opening an oat file without a class loader. Are you using the deprecated DexFile APIs?
09-14 23:28:35.584   685   685 W com.estudo_tdd: Opening an oat file without a class loader. Are you using the deprecated DexFile APIs?
09-14 23:28:35.587   685   685 W com.estudo_tdd: Opening an oat file without a class loader. Are you using the deprecated DexFile APIs?
09-14 23:28:36.118   685   685 W com.estudo_tdd: Opening an oat file without a class loader. Are you using the deprecated DexFile APIs?
09-14 23:28:36.120   685   685 W com.estudo_tdd: Opening an oat file without a class loader. Are you using the deprecated DexFile APIs?
09-14 23:28:36.647   685   685 W com.estudo_tdd: Opening an oat file without a class loader. Are you using the deprecated DexFile APIs?
09-14 23:28:36.649   685   685 W com.estudo_tdd: Opening an oat file without a class loader. Are you using the deprecated DexFile APIs?
09-14 23:28:37.196   685   685 W com.estudo_tdd: Opening an oat file without a class loader. Are you using the deprecated DexFile APIs?
09-14 23:28:37.199   685   685 W com.estudo_tdd: Opening an oat file without a class loader. Are you using the deprecated DexFile APIs?
09-14 23:28:37.802   685   685 W com.estudo_tdd: Opening an oat file without a class loader. Are you using the deprecated DexFile APIs?
09-14 23:28:37.804   685   685 W com.estudo_tdd: Opening an oat file without a class loader. Are you using the deprecated DexFile APIs?
09-14 23:28:38.373   685   685 W com.estudo_tdd: Opening an oat file without a class loader. Are you using the deprecated DexFile APIs?
09-14 23:28:38.375   685   685 W com.estudo_tdd: Opening an oat file without a class loader. Are you using the deprecated DexFile APIs?
09-14 23:28:38.932   685   685 W com.estudo_tdd: Opening an oat file without a class loader. Are you using the deprecated DexFile APIs?
09-14 23:28:38.934   685   685 W com.estudo_tdd: Opening an oat file without a class loader. Are you using the deprecated DexFile APIs?
09-14 23:28:39.532   685   685 W com.estudo_tdd: Opening an oat file without a class loader. Are you using the deprecated DexFile APIs?
09-14 23:28:39.538   685   685 W com.estudo_tdd: Opening an oat file without a class loader. Are you using the deprecated DexFile APIs?
09-14 23:28:40.093   685   685 W com.estudo_tdd: Opening an oat file without a class loader. Are you using the deprecated DexFile APIs?
09-14 23:28:40.097   685   685 W com.estudo_tdd: Opening an oat file without a class loader. Are you using the deprecated DexFile APIs?
09-14 23:28:40.659   685   685 W com.estudo_tdd: Opening an oat file without a class loader. Are you using the deprecated DexFile APIs?
09-14 23:28:40.669   685   685 W com.estudo_tdd: Opening an oat file without a class loader. Are you using the deprecated DexFile APIs?
09-14 23:28:41.238   685   685 W com.estudo_tdd: Opening an oat file without a class loader. Are you using the deprecated DexFile APIs?
09-14 23:28:41.241   685   685 W com.estudo_tdd: Opening an oat file without a class loader. Are you using the deprecated DexFile APIs?
09-14 23:28:41.798   685   685 W com.estudo_tdd: Opening an oat file without a class loader. Are you using the deprecated DexFile APIs?
09-14 23:28:41.801   685   685 W com.estudo_tdd: Opening an oat file without a class loader. Are you using the deprecated DexFile APIs?
09-14 23:28:42.361   685   685 W com.estudo_tdd: Opening an oat file without a class loader. Are you using the deprecated DexFile APIs?
09-14 23:28:42.362   685   685 W com.estudo_tdd: Opening an oat file without a class loader. Are you using the deprecated DexFile APIs?
09-14 23:28:42.917   685   685 W com.estudo_tdd: Opening an oat file without a class loader. Are you using the deprecated DexFile APIs?
09-14 23:28:42.918   685   685 W com.estudo_tdd: Opening an oat file without a class loader. Are you using the deprecated DexFile APIs?
09-14 23:28:43.474   685   685 W com.estudo_tdd: Opening an oat file without a class loader. Are you using the deprecated DexFile APIs?
09-14 23:28:43.476   685   685 W com.estudo_tdd: Opening an oat file without a class loader. Are you using the deprecated DexFile APIs?
09-14 23:28:44.033   685   685 W com.estudo_tdd: Opening an oat file without a class loader. Are you using the deprecated DexFile APIs?
09-14 23:28:44.035   685   685 W com.estudo_tdd: Opening an oat file without a class loader. Are you using the deprecated DexFile APIs?
09-14 23:28:44.595   685   685 W com.estudo_tdd: Opening an oat file without a class loader. Are you using the deprecated DexFile APIs?
09-14 23:28:44.596   685   685 W com.estudo_tdd: Opening an oat file without a class loader. Are you using the deprecated DexFile APIs?
09-14 23:28:45.167   685   685 W com.estudo_tdd: Opening an oat file without a class loader. Are you using the deprecated DexFile APIs?
09-14 23:28:45.169   685   685 W com.estudo_tdd: Opening an oat file without a class loader. Are you using the deprecated DexFile APIs?
09-14 23:28:45.728   685   685 W com.estudo_tdd: Opening an oat file without a class loader. Are you using the deprecated DexFile APIs?
09-14 23:28:45.734   685   685 W com.estudo_tdd: Opening an oat file without a class loader. Are you using the deprecated DexFile APIs?
09-14 23:28:46.292   685   685 W com.estudo_tdd: Opening an oat file without a class loader. Are you using the deprecated DexFile APIs?
09-14 23:28:46.294   685   685 W com.estudo_tdd: Opening an oat file without a class loader. Are you using the deprecated DexFile APIs?
09-14 23:28:46.852   685   685 W com.estudo_tdd: Opening an oat file without a class loader. Are you using the deprecated DexFile APIs?
09-14 23:28:46.854   685   685 W com.estudo_tdd: Opening an oat file without a class loader. Are you using the deprecated DexFile APIs?
09-14 23:28:47.411   685   685 W com.estudo_tdd: Opening an oat file without a class loader. Are you using the deprecated DexFile APIs?
09-14 23:28:47.413   685   685 W com.estudo_tdd: Opening an oat file without a class loader. Are you using the deprecated DexFile APIs?
09-14 23:28:47.970   685   685 W com.estudo_tdd: Opening an oat file without a class loader. Are you using the deprecated DexFile APIs?
09-14 23:28:47.972   685   685 W com.estudo_tdd: Opening an oat file without a class loader. Are you using the deprecated DexFile APIs?
09-14 23:28:48.540   685   685 W com.estudo_tdd: Opening an oat file without a class loader. Are you using the deprecated DexFile APIs?
09-14 23:28:48.543   685   685 W com.estudo_tdd: Opening an oat file without a class loader. Are you using the deprecated DexFile APIs?
