detox[45649] TRACE: [DETOX_CREATE] created a Detox instance with config:
{
  artifactsConfig: {
    rootDir: 'artifacts/android.attached.2021-09-15 02-26-01Z',
    plugins: {
      log: {
        enabled: true,
        keepOnlyFailedTestsArtifacts: false
      },
      screenshot: {
        enabled: true,
        shouldTakeAutomaticSnapshots: false,
        keepOnlyFailedTestsArtifacts: false
      },
      video: {
        enabled: false,
        keepOnlyFailedTestsArtifacts: false
      },
      instruments: {
        enabled: false,
        keepOnlyFailedTestsArtifacts: false
      },
      timeline: {
        enabled: false
      },
      uiHierarchy: {
        enabled: false,
        keepOnlyFailedTestsArtifacts: false
      }
    },
    pathBuilder: ArtifactPathBuilder {
      _rootDir: 'artifacts/android.attached.2021-09-15 02-26-01Z'
    }
  },
  appsConfig: {
    default: {
      type: 'android.apk',
      binaryPath: 'android/app/build/outputs/apk/debug/app-debug.apk'
    }
  },
  behaviorConfig: {
    init: {
      reinstallApp: true,
      exposeGlobals: true
    },
    cleanup: {
      shutdownDevice: false
    },
    launchApp: 'auto'
  },
  cliConfig: {
    recordLogs: 'all',
    configuration: 'android.attached',
    forceAdbInstall: 'false',
    useCustomLogger: 'true'
  },
  deviceConfig: {
    type: 'android.attached',
    device: {
      adbName: '5200f2fdb88c84d7'
    },
    utilBinaryPaths: undefined
  },
  runnerConfig: {
    testRunner: 'jest',
    runnerConfig: 'e2e/config.json',
    specs: 'e2e',
    skipLegacyWorkersInjection: true
  },
  sessionConfig: {
    autoStart: true,
    server: 'ws://localhost:53101',
    sessionId: 'c4c9a047-5541-c5e1-b09e-069adf2e4374',
    debugSynchronization: 10000
  }
}
detox[45649] DEBUG: [WSS_CREATE] Detox server listening on localhost:53101...
detox[45649] DEBUG: [WSS_CONNECTION, #53102] registered a new connection.
detox[45649] TRACE: [WS_OPEN] opened web socket to: ws://localhost:53101
detox[45649] TRACE: [WS_SEND] {"type":"login","params":{"sessionId":"c4c9a047-5541-c5e1-b09e-069adf2e4374","role":"tester"},"messageId":0}
detox[45649] TRACE: [WSS_GET_FROM, #53102] {"type":"login","params":{"sessionId":"c4c9a047-5541-c5e1-b09e-069adf2e4374","role":"tester"},"messageId":0}
detox[45649] TRACE: [SESSION_CREATED] created session c4c9a047-5541-c5e1-b09e-069adf2e4374
detox[45649] TRACE: [WSS_SEND_TO, #tester] {"type":"loginSuccess","params":{"testerConnected":true,"appConnected":false},"messageId":0}
detox[45649] TRACE: [SESSION_JOINED] tester joined session c4c9a047-5541-c5e1-b09e-069adf2e4374
detox[45649] TRACE: [WS_MESSAGE] {"type":"loginSuccess","params":{"testerConnected":true,"appConnected":false},"messageId":0}
 
detox[45649] DEBUG: [EXEC_CMD, #0] "/Users/arnoldosilva/Library/Android/sdk/platform-tools/adb"  devices
detox[45649] DEBUG: [EXEC_SUCCESS, #0] List of devices attached
5200f2fdb88c84d7	device


detox[45649] DEBUG: [DEVICE_LOOKUP] Found a matching & free device 5200f2fdb88c84d7
detox[45649] DEBUG: [EXEC_CMD, #1] "/Users/arnoldosilva/Library/Android/sdk/platform-tools/adb" -s 5200f2fdb88c84d7 shell "getprop ro.build.version.sdk"
detox[45649] TRACE: [EXEC_SUCCESS, #1] 28

detox[45649] DEBUG: [EXEC_CMD, #2] "/Users/arnoldosilva/Library/Android/sdk/platform-tools/adb" -s 5200f2fdb88c84d7 shell "dumpsys power | grep \"^[ ]*m[UW].*=\""
detox[45649] TRACE: [EXEC_SUCCESS, #2]   mWakefulness=Awake
  mWakefulnessChanging=false
  mWakeLockSummary=0x0
  mUserActivitySummary=0x4
  mWakeUpWhenPluggedOrUnpluggedConfig=true
  mWakeUpWhenPluggedOrUnpluggedInTheaterModeConfig=false
  mUserActivityTimeoutOverrideFromWindowManager=-1
  mUserActivityTimeoutForDexOverrideFromWindowManager=-1
  mUserInactiveOverrideFromWindowManager=false

detox[45649] TRACE: [ARTIFACTS_LIFECYCLE] artifactsManager.onBootDevice({ coldBoot: false, deviceId: '5200f2fdb88c84d7', type: 'device' })
detox[45649] DEBUG: [EXEC_CMD, #3] "/Users/arnoldosilva/Library/Android/sdk/build-tools/30.0.3/aapt" dump badging "/Users/arnoldosilva/Estudo/rn/estudo_tdd/android/app/build/outputs/apk/debug/app-debug.apk" | grep -e "package: name="
detox[45649] TRACE: [EXEC_SUCCESS, #3] package: name='com.estudo_tdd' versionCode='1' versionName='1.0' compileSdkVersion='30' compileSdkVersionCodename='11'

detox[45649] TRACE: [ARTIFACTS_LIFECYCLE] artifactsManager.onBeforeTerminateApp({ deviceId: '5200f2fdb88c84d7', bundleId: 'com.estudo_tdd' })
detox[45649] DEBUG: [EXEC_CMD, #4] "/Users/arnoldosilva/Library/Android/sdk/platform-tools/adb" -s 5200f2fdb88c84d7 shell "am force-stop com.estudo_tdd"
detox[45649] TRACE: [EXEC_SUCCESS, #4] 
detox[45649] TRACE: [ARTIFACTS_LIFECYCLE] artifactsManager.onTerminateApp({ deviceId: '5200f2fdb88c84d7', bundleId: 'com.estudo_tdd' })
detox[45649] TRACE: [ARTIFACTS_LIFECYCLE] artifactsManager.onBeforeUninstallApp({ deviceId: '5200f2fdb88c84d7', bundleId: 'com.estudo_tdd' })
detox[45649] DEBUG: [EXEC_CMD, #5] "/Users/arnoldosilva/Library/Android/sdk/platform-tools/adb" -s 5200f2fdb88c84d7 shell "pm list packages com.estudo_tdd"
detox[45649] TRACE: [EXEC_SUCCESS, #5] package:com.estudo_tdd.test
package:com.estudo_tdd

detox[45649] DEBUG: [EXEC_CMD, #6] "/Users/arnoldosilva/Library/Android/sdk/platform-tools/adb" -s 5200f2fdb88c84d7 uninstall com.estudo_tdd
detox[45649] TRACE: [EXEC_SUCCESS, #6] Success

detox[45649] DEBUG: [EXEC_CMD, #7] "/Users/arnoldosilva/Library/Android/sdk/platform-tools/adb" -s 5200f2fdb88c84d7 shell "pm list packages com.estudo_tdd.test"
detox[45649] TRACE: [EXEC_SUCCESS, #7] package:com.estudo_tdd.test

detox[45649] DEBUG: [EXEC_CMD, #8] "/Users/arnoldosilva/Library/Android/sdk/platform-tools/adb" -s 5200f2fdb88c84d7 uninstall com.estudo_tdd.test
detox[45649] TRACE: [EXEC_SUCCESS, #8] Success

detox[45649] DEBUG: [EXEC_CMD, #9] "/Users/arnoldosilva/Library/Android/sdk/platform-tools/adb" -s 5200f2fdb88c84d7 install -r -g -t "/Users/arnoldosilva/Estudo/rn/estudo_tdd/android/app/build/outputs/apk/debug/app-debug.apk"
detox[45649] TRACE: [EXEC_SUCCESS, #9] Performing Streamed Install
Success

detox[45649] DEBUG: [EXEC_CMD, #10] "/Users/arnoldosilva/Library/Android/sdk/platform-tools/adb" -s 5200f2fdb88c84d7 install -r -g -t "/Users/arnoldosilva/Estudo/rn/estudo_tdd/android/app/build/outputs/apk/androidTest/debug/app-debug-androidTest.apk"
detox[45649] TRACE: [EXEC_SUCCESS, #10] Performing Streamed Install
Success

ROOT_DESCRIBE_BLOCK[45649] TRACE: [ARTIFACTS_LIFECYCLE] artifactsManager.onRunDescribeStart({ name: 'ROOT_DESCRIBE_BLOCK' })
App[45649] TRACE: [ARTIFACTS_LIFECYCLE] artifactsManager.onRunDescribeStart({ name: 'App' })
detox[45649] INFO:  [97mApp[39m is assigned to [94m5200f2fdb88c84d7[39m
detox[45649] TRACE: [ARTIFACTS_LIFECYCLE] artifactsManager.onBeforeTerminateApp({ deviceId: '5200f2fdb88c84d7', bundleId: 'com.estudo_tdd' })
detox[45649] DEBUG: [EXEC_CMD, #11] "/Users/arnoldosilva/Library/Android/sdk/platform-tools/adb" -s 5200f2fdb88c84d7 shell "am force-stop com.estudo_tdd"
detox[45649] TRACE: [EXEC_SUCCESS, #11] 
detox[45649] TRACE: [ARTIFACTS_LIFECYCLE] artifactsManager.onTerminateApp({ deviceId: '5200f2fdb88c84d7', bundleId: 'com.estudo_tdd' })
detox[45649] TRACE: [ARTIFACTS_LIFECYCLE] artifactsManager.onBeforeLaunchApp({
  deviceId: '5200f2fdb88c84d7',
  bundleId: 'com.estudo_tdd',
  launchArgs: {
    detoxServer: 'ws://localhost:53101',
    detoxSessionId: 'c4c9a047-5541-c5e1-b09e-069adf2e4374'
  }
})
detox[45649] DEBUG: [EXEC_CMD, #12] "/Users/arnoldosilva/Library/Android/sdk/platform-tools/adb" -s 5200f2fdb88c84d7 shell "date +\"%m-%d %T.000\""
detox[45649] TRACE: [EXEC_SUCCESS, #12] 09-14 23:26:49.000

detox[45649] DEBUG: [EXEC_CMD, #13] "/Users/arnoldosilva/Library/Android/sdk/platform-tools/adb" -s 5200f2fdb88c84d7 reverse tcp:53101 tcp:53101
detox[45649] TRACE: [EXEC_SUCCESS, #13] 
detox[45649] DEBUG: [EXEC_CMD, #14] "/Users/arnoldosilva/Library/Android/sdk/platform-tools/adb" -s 5200f2fdb88c84d7 shell "pm list instrumentation"
detox[45649] TRACE: [EXEC_SUCCESS, #14] instrumentation:com.estudo_tdd.test/android.test.InstrumentationTestRunner (target=com.estudo_tdd)
instrumentation:com.microsoft.office.excel/android.test.InstrumentationTestRunner (target=com.microsoft.office.msohttp.tests)
instrumentation:com.microsoft.office.word/android.test.InstrumentationTestRunner (target=com.microsoft.office.msohttp.tests)
instrumentation:com.microsoft.office.powerpoint/android.test.InstrumentationTestRunner (target=com.microsoft.office.msohttp.tests)

detox[45649] DEBUG: [SPAWN_CMD, #45701] /Users/arnoldosilva/Library/Android/sdk/platform-tools/adb -s 5200f2fdb88c84d7 shell am instrument -w -r -e detoxServer ws://localhost:53101 -e detoxSessionId c4c9a047-5541-c5e1-b09e-069adf2e4374 -e debug false com.estudo_tdd.test/android.test.InstrumentationTestRunner
detox[45649] DEBUG: [EXEC_CMD, #15] "/Users/arnoldosilva/Library/Android/sdk/platform-tools/adb" -s 5200f2fdb88c84d7 shell "ps | grep \"com\.estudo_tdd$\""
detox[45649] ERROR: [EXEC_FAIL, #15] ""/Users/arnoldosilva/Library/Android/sdk/platform-tools/adb" -s 5200f2fdb88c84d7 shell "ps | grep \"com\.estudo_tdd$\""" failed with error = ChildProcessError: Command failed: "/Users/arnoldosilva/Library/Android/sdk/platform-tools/adb" -s 5200f2fdb88c84d7 shell "ps | grep \"com\.estudo_tdd$\""
 `"/Users/arnoldosilva/Library/Android/sdk/platform-tools/adb" -s 5200f2fdb88c84d7 shell "ps | grep \"com\.estudo_tdd$\""` (exited with error code 1) (code=1), stdout and stderr:

detox[45649] ERROR: [EXEC_FAIL, #15] 
detox[45649] ERROR: [EXEC_FAIL, #15] 
detox[45649] DEBUG: [EXEC_CMD, #16] "/Users/arnoldosilva/Library/Android/sdk/platform-tools/adb" -s 5200f2fdb88c84d7 shell "ps | grep \"com\.estudo_tdd$\""
detox[45649] TRACE: [EXEC_SUCCESS, #16] u0_a334        685  4606 1709364  80136                     0 R com.estudo_tdd

detox[685] TRACE: [ARTIFACTS_LIFECYCLE] artifactsManager.onLaunchApp({
  deviceId: '5200f2fdb88c84d7',
  bundleId: 'com.estudo_tdd',
  launchArgs: {
    detoxServer: 'ws://localhost:53101',
    detoxSessionId: 'c4c9a047-5541-c5e1-b09e-069adf2e4374'
  },
  pid: 685
})
detox[45649] TRACE: [ARTIFACT_START] starting ADBLogcatRecording
detox[45649] DEBUG: [SPAWN_CMD, #45708] /Users/arnoldosilva/Library/Android/sdk/platform-tools/adb -s 5200f2fdb88c84d7 shell "logcat -T \"09-14 23:26:49.000\" --pid=685 -f /sdcard/23264352_0.log"
detox[45649] DEBUG: [EXEC_CMD, #17] "/Users/arnoldosilva/Library/Android/sdk/platform-tools/adb" -s 5200f2fdb88c84d7 shell du /sdcard/23264352_0.log
detox[45649] TRACE: [EXEC_SUCCESS, #17] 4	/sdcard/23264352_0.log

detox[45649] TRACE: [ARTIFACTS_LIFECYCLE] artifactsManager.onHookFailure({
  error: 'Exceeded timeout of 120000 ms for a hook.\n' +
    'Use jest.setTimeout(newTimeout) to increase the timeout value, if this is a long-running test.',
  hook: 'beforeAll'
})
detox[45649] INFO:  [1m[37mApp: [39m[22m[90mshould show home screen[39m
detox[45649] INFO:  [1m[37mApp: [39m[22m[90mshould show home screen[39m[90m [[31mFAIL[90m][39m
App[45649] TRACE: [ARTIFACTS_LIFECYCLE] artifactsManager.onRunDescribeFinish({ name: 'App' })
ROOT_DESCRIBE_BLOCK[45649] TRACE: [ARTIFACTS_LIFECYCLE] artifactsManager.onRunDescribeFinish({ name: 'ROOT_DESCRIBE_BLOCK' })
detox[45649] TRACE: [ARTIFACTS_LIFECYCLE] artifactsManager.onBeforeCleanup()
detox[45649] TRACE: [ARTIFACT_SAVE] saving ADBLogcatRecording to: artifacts/android.attached.2021-09-15 02-26-01Z/5200f2fdb88c84d7 2021-09-15 02-28-32Z.startup.log
detox[45649] TRACE: [ARTIFACT_STOP] stopping ADBLogcatRecording
detox[45649] DEBUG: [EXEC_CMD, #18] "/Users/arnoldosilva/Library/Android/sdk/platform-tools/adb" -s 5200f2fdb88c84d7 shell "date +\"%m-%d %T.000\""
detox[45649] TRACE: [EXEC_SUCCESS, #18] 09-14 23:28:49.000

detox[45649] TRACE: [SPAWN_KILL, #45708] sending SIGINT to: /Users/arnoldosilva/Library/Android/sdk/platform-tools/adb -s 5200f2fdb88c84d7 shell logcat -T "09-14 23:26:49.000" --pid=685 -f /sdcard/23264352_0.log
detox[45649] DEBUG: [SPAWN_END, #45708] /Users/arnoldosilva/Library/Android/sdk/platform-tools/adb -s 5200f2fdb88c84d7 shell "logcat -T \"09-14 23:26:49.000\" --pid=685 -f /sdcard/23264352_0.log" terminated with SIGINT
detox[45649] DEBUG: [EXEC_CMD, #19] "/Users/arnoldosilva/Library/Android/sdk/platform-tools/adb" -s 5200f2fdb88c84d7 pull "/sdcard/23264352_0.log" "artifacts/android.attached.2021-09-15 02-26-01Z/5200f2fdb88c84d7 2021-09-15 02-28-32Z.startup.log"
detox[45649] TRACE: [EXEC_SUCCESS, #19] /sdcard/23264352_0.log: 1 file pulled, 0 skipped. 14.4 MB/s (83591 bytes in 0.006s)

detox[45649] DEBUG: [EXEC_CMD, #20] "/Users/arnoldosilva/Library/Android/sdk/platform-tools/adb" -s 5200f2fdb88c84d7 shell "rm  \"/sdcard/23264352_0.log\""
detox[45649] TRACE: [EXEC_SUCCESS, #20] 
detox[45649] TRACE: [ARTIFACT_START] starting FileArtifact
detox[45649] TRACE: [ARTIFACT_STOP] stopping FileArtifact
detox[45649] TRACE: [ARTIFACT_SAVE] saving FileArtifact to: artifacts/android.attached.2021-09-15 02-26-01Z/detox_pid_45649.json.log { append: true }
detox[45649] TRACE: [ARTIFACT_START] starting FileArtifact
detox[45649] TRACE: [ARTIFACT_STOP] stopping FileArtifact
detox[45649] TRACE: [ARTIFACT_SAVE] saving FileArtifact to: artifacts/android.attached.2021-09-15 02-26-01Z/detox_pid_45649.log { append: true }
detox[45649] DEBUG: [MOVE_FILE] moving "/private/var/folders/vc/cc7kd_1d6cx2hg8wb5pv_6pr0000gn/T/e36591b0-61b2-42fb-abf8-18c3eca4d981.detox.log" to artifacts/android.attached.2021-09-15 02-26-01Z/detox_pid_45649.json.log
detox[45649] DEBUG: [MOVE_FILE] moving "/private/var/folders/vc/cc7kd_1d6cx2hg8wb5pv_6pr0000gn/T/41551f51-f17f-494e-85e1-d7a6815a7433.detox.log" to artifacts/android.attached.2021-09-15 02-26-01Z/detox_pid_45649.log
detox[45649] ERROR: [APP_UNREACHABLE] Detox can't seem to connect to the test app(s)!

HINT: 

The test app might have crashed prematurely, or has had trouble setting up the connection.
Refer to our troubleshooting guide, for full details: https://github.com/wix/Detox/blob/master/docs/Troubleshooting.RunningTests.md#tests-execution-hangs 



detox[45649] TRACE: [SESSION_TORN] tester exited session c4c9a047-5541-c5e1-b09e-069adf2e4374
detox[45649] TRACE: [SPAWN_KILL, #45701] sending SIGINT to: /Users/arnoldosilva/Library/Android/sdk/platform-tools/adb -s 5200f2fdb88c84d7 shell am instrument -w -r -e detoxServer ws://localhost:53101 -e detoxSessionId c4c9a047-5541-c5e1-b09e-069adf2e4374 -e debug false com.estudo_tdd.test/android.test.InstrumentationTestRunner
detox[45649] DEBUG: [SPAWN_END, #45701] /Users/arnoldosilva/Library/Android/sdk/platform-tools/adb -s 5200f2fdb88c84d7 shell am instrument -w -r -e detoxServer ws://localhost:53101 -e detoxSessionId c4c9a047-5541-c5e1-b09e-069adf2e4374 -e debug false com.estudo_tdd.test/android.test.InstrumentationTestRunner terminated with SIGINT
detox[45649] DEBUG: [EXEC_CMD, #21] "/Users/arnoldosilva/Library/Android/sdk/platform-tools/adb" -s 5200f2fdb88c84d7 reverse --remove tcp:53101
detox[45649] DEBUG: [WSS_CLOSE] Detox server has been closed gracefully
detox[45649] TRACE: [EXEC_SUCCESS, #21] 
