--------- beginning of main
09-14 23:41:01.551 10437 10437 E Zygote  : isWhitelistProcess - Process is Whitelisted
09-14 23:41:01.553 10437 10437 E Zygote  : accessInfo : 1
09-14 23:41:01.562 10437 10437 I ilva.estudo_td: Late-enabling -Xcheck:jni
--------- beginning of system
09-14 23:41:01.765 10437 10437 W ActivityThread: Package uses different ABI(s) than its instrumentation: package[br.com.arnoldosilva.estudo_tdd]: armeabi-v7a, null instrumentation[br.com.arnoldosilva.estudo_tdd.test]: null, null
09-14 23:41:02.894 10437 10437 W ilva.estudo_td: Opening an oat file without a class loader. Are you using the deprecated DexFile APIs?
09-14 23:41:03.490 10437 10437 W ilva.estudo_td: Opening an oat file without a class loader. Are you using the deprecated DexFile APIs?
09-14 23:41:03.492 10437 10437 W ilva.estudo_td: Opening an oat file without a class loader. Are you using the deprecated DexFile APIs?
09-14 23:41:04.040 10437 10437 W ilva.estudo_td: Opening an oat file without a class loader. Are you using the deprecated DexFile APIs?
09-14 23:41:04.043 10437 10437 W ilva.estudo_td: Opening an oat file without a class loader. Are you using the deprecated DexFile APIs?
09-14 23:41:04.586 10437 10437 W ilva.estudo_td: Opening an oat file without a class loader. Are you using the deprecated DexFile APIs?
09-14 23:41:04.588 10437 10437 W ilva.estudo_td: Opening an oat file without a class loader. Are you using the deprecated DexFile APIs?
09-14 23:41:05.137 10437 10437 W ilva.estudo_td: Opening an oat file without a class loader. Are you using the deprecated DexFile APIs?
09-14 23:41:05.139 10437 10437 W ilva.estudo_td: Opening an oat file without a class loader. Are you using the deprecated DexFile APIs?
09-14 23:41:05.694 10437 10437 W ilva.estudo_td: Opening an oat file without a class loader. Are you using the deprecated DexFile APIs?
09-14 23:41:05.699 10437 10437 W ilva.estudo_td: Opening an oat file without a class loader. Are you using the deprecated DexFile APIs?
09-14 23:41:06.279 10437 10437 W ilva.estudo_td: Opening an oat file without a class loader. Are you using the deprecated DexFile APIs?
09-14 23:41:06.286 10437 10437 W ilva.estudo_td: Opening an oat file without a class loader. Are you using the deprecated DexFile APIs?
09-14 23:41:06.821 10437 10437 W ilva.estudo_td: Opening an oat file without a class loader. Are you using the deprecated DexFile APIs?
09-14 23:41:06.823 10437 10437 W ilva.estudo_td: Opening an oat file without a class loader. Are you using the deprecated DexFile APIs?
09-14 23:41:07.360 10437 10437 W ilva.estudo_td: Opening an oat file without a class loader. Are you using the deprecated DexFile APIs?
09-14 23:41:07.369 10437 10437 W ilva.estudo_td: Opening an oat file without a class loader. Are you using the deprecated DexFile APIs?
09-14 23:41:07.896 10437 10437 W ilva.estudo_td: Opening an oat file without a class loader. Are you using the deprecated DexFile APIs?
09-14 23:41:07.898 10437 10437 W ilva.estudo_td: Opening an oat file without a class loader. Are you using the deprecated DexFile APIs?
09-14 23:41:08.479 10437 10437 W ilva.estudo_td: Opening an oat file without a class loader. Are you using the deprecated DexFile APIs?
09-14 23:41:08.482 10437 10437 W ilva.estudo_td: Opening an oat file without a class loader. Are you using the deprecated DexFile APIs?
09-14 23:41:09.011 10437 10437 W ilva.estudo_td: Opening an oat file without a class loader. Are you using the deprecated DexFile APIs?
09-14 23:41:09.012 10437 10437 W ilva.estudo_td: Opening an oat file without a class loader. Are you using the deprecated DexFile APIs?
09-14 23:41:09.544 10437 10437 W ilva.estudo_td: Opening an oat file without a class loader. Are you using the deprecated DexFile APIs?
09-14 23:41:09.546 10437 10437 W ilva.estudo_td: Opening an oat file without a class loader. Are you using the deprecated DexFile APIs?
09-14 23:41:10.076 10437 10437 W ilva.estudo_td: Opening an oat file without a class loader. Are you using the deprecated DexFile APIs?
09-14 23:41:10.079 10437 10437 W ilva.estudo_td: Opening an oat file without a class loader. Are you using the deprecated DexFile APIs?
09-14 23:41:10.614 10437 10437 W ilva.estudo_td: Opening an oat file without a class loader. Are you using the deprecated DexFile APIs?
09-14 23:41:10.628 10437 10437 W ilva.estudo_td: Opening an oat file without a class loader. Are you using the deprecated DexFile APIs?
09-14 23:41:11.153 10437 10437 W ilva.estudo_td: Opening an oat file without a class loader. Are you using the deprecated DexFile APIs?
09-14 23:41:11.191 10437 10437 W ilva.estudo_td: Opening an oat file without a class loader. Are you using the deprecated DexFile APIs?
09-14 23:41:11.718 10437 10437 W ilva.estudo_td: Opening an oat file without a class loader. Are you using the deprecated DexFile APIs?
09-14 23:41:11.719 10437 10437 W ilva.estudo_td: Opening an oat file without a class loader. Are you using the deprecated DexFile APIs?
09-14 23:41:12.295 10437 10437 W ilva.estudo_td: Opening an oat file without a class loader. Are you using the deprecated DexFile APIs?
09-14 23:41:12.298 10437 10437 W ilva.estudo_td: Opening an oat file without a class loader. Are you using the deprecated DexFile APIs?
09-14 23:41:12.823 10437 10437 W ilva.estudo_td: Opening an oat file without a class loader. Are you using the deprecated DexFile APIs?
09-14 23:41:12.824 10437 10437 W ilva.estudo_td: Opening an oat file without a class loader. Are you using the deprecated DexFile APIs?
09-14 23:41:13.351 10437 10437 W ilva.estudo_td: Opening an oat file without a class loader. Are you using the deprecated DexFile APIs?
09-14 23:41:13.353 10437 10437 W ilva.estudo_td: Opening an oat file without a class loader. Are you using the deprecated DexFile APIs?
09-14 23:41:13.880 10437 10437 W ilva.estudo_td: Opening an oat file without a class loader. Are you using the deprecated DexFile APIs?
09-14 23:41:13.883 10437 10437 W ilva.estudo_td: Opening an oat file without a class loader. Are you using the deprecated DexFile APIs?
09-14 23:41:14.413 10437 10437 W ilva.estudo_td: Opening an oat file without a class loader. Are you using the deprecated DexFile APIs?
09-14 23:41:14.414 10437 10437 W ilva.estudo_td: Opening an oat file without a class loader. Are you using the deprecated DexFile APIs?
09-14 23:41:14.990 10437 10437 W ilva.estudo_td: Opening an oat file without a class loader. Are you using the deprecated DexFile APIs?
09-14 23:41:14.992 10437 10437 W ilva.estudo_td: Opening an oat file without a class loader. Are you using the deprecated DexFile APIs?
09-14 23:41:15.515 10437 10437 W ilva.estudo_td: Opening an oat file without a class loader. Are you using the deprecated DexFile APIs?
09-14 23:41:15.520 10437 10437 W ilva.estudo_td: Opening an oat file without a class loader. Are you using the deprecated DexFile APIs?
09-14 23:41:16.047 10437 10437 W ilva.estudo_td: Opening an oat file without a class loader. Are you using the deprecated DexFile APIs?
09-14 23:41:16.049 10437 10437 W ilva.estudo_td: Opening an oat file without a class loader. Are you using the deprecated DexFile APIs?
09-14 23:41:16.573 10437 10437 W ilva.estudo_td: Opening an oat file without a class loader. Are you using the deprecated DexFile APIs?
09-14 23:41:16.575 10437 10437 W ilva.estudo_td: Opening an oat file without a class loader. Are you using the deprecated DexFile APIs?
09-14 23:41:17.097 10437 10437 W ilva.estudo_td: Opening an oat file without a class loader. Are you using the deprecated DexFile APIs?
09-14 23:41:17.100 10437 10437 W ilva.estudo_td: Opening an oat file without a class loader. Are you using the deprecated DexFile APIs?
09-14 23:41:17.676 10437 10437 W ilva.estudo_td: Opening an oat file without a class loader. Are you using the deprecated DexFile APIs?
09-14 23:41:17.678 10437 10437 W ilva.estudo_td: Opening an oat file without a class loader. Are you using the deprecated DexFile APIs?
09-14 23:41:18.198 10437 10437 W ilva.estudo_td: Opening an oat file without a class loader. Are you using the deprecated DexFile APIs?
09-14 23:41:18.199 10437 10437 W ilva.estudo_td: Opening an oat file without a class loader. Are you using the deprecated DexFile APIs?
09-14 23:41:18.723 10437 10437 W ilva.estudo_td: Opening an oat file without a class loader. Are you using the deprecated DexFile APIs?
09-14 23:41:18.726 10437 10437 W ilva.estudo_td: Opening an oat file without a class loader. Are you using the deprecated DexFile APIs?
09-14 23:41:19.247 10437 10437 W ilva.estudo_td: Opening an oat file without a class loader. Are you using the deprecated DexFile APIs?
09-14 23:41:19.250 10437 10437 W ilva.estudo_td: Opening an oat file without a class loader. Are you using the deprecated DexFile APIs?
09-14 23:41:19.814 10437 10437 W ilva.estudo_td: Opening an oat file without a class loader. Are you using the deprecated DexFile APIs?
09-14 23:41:19.816 10437 10437 W ilva.estudo_td: Opening an oat file without a class loader. Are you using the deprecated DexFile APIs?
09-14 23:41:20.354 10437 10437 W ilva.estudo_td: Opening an oat file without a class loader. Are you using the deprecated DexFile APIs?
09-14 23:41:20.356 10437 10437 W ilva.estudo_td: Opening an oat file without a class loader. Are you using the deprecated DexFile APIs?
09-14 23:41:20.919 10437 10437 W ilva.estudo_td: Opening an oat file without a class loader. Are you using the deprecated DexFile APIs?
09-14 23:41:20.921 10437 10437 W ilva.estudo_td: Opening an oat file without a class loader. Are you using the deprecated DexFile APIs?
09-14 23:41:21.447 10437 10437 W ilva.estudo_td: Opening an oat file without a class loader. Are you using the deprecated DexFile APIs?
09-14 23:41:21.449 10437 10437 W ilva.estudo_td: Opening an oat file without a class loader. Are you using the deprecated DexFile APIs?
09-14 23:41:21.976 10437 10437 W ilva.estudo_td: Opening an oat file without a class loader. Are you using the deprecated DexFile APIs?
09-14 23:41:21.978 10437 10437 W ilva.estudo_td: Opening an oat file without a class loader. Are you using the deprecated DexFile APIs?
09-14 23:41:22.530 10437 10437 W ilva.estudo_td: Opening an oat file without a class loader. Are you using the deprecated DexFile APIs?
09-14 23:41:22.532 10437 10437 W ilva.estudo_td: Opening an oat file without a class loader. Are you using the deprecated DexFile APIs?
09-14 23:41:23.073 10437 10437 W ilva.estudo_td: Opening an oat file without a class loader. Are you using the deprecated DexFile APIs?
09-14 23:41:23.075 10437 10437 W ilva.estudo_td: Opening an oat file without a class loader. Are you using the deprecated DexFile APIs?
09-14 23:41:23.603 10437 10437 W ilva.estudo_td: Opening an oat file without a class loader. Are you using the deprecated DexFile APIs?
09-14 23:41:23.606 10437 10437 W ilva.estudo_td: Opening an oat file without a class loader. Are you using the deprecated DexFile APIs?
09-14 23:41:24.137 10437 10437 W ilva.estudo_td: Opening an oat file without a class loader. Are you using the deprecated DexFile APIs?
09-14 23:41:24.139 10437 10437 W ilva.estudo_td: Opening an oat file without a class loader. Are you using the deprecated DexFile APIs?
09-14 23:41:24.664 10437 10437 W ilva.estudo_td: Opening an oat file without a class loader. Are you using the deprecated DexFile APIs?
09-14 23:41:24.666 10437 10437 W ilva.estudo_td: Opening an oat file without a class loader. Are you using the deprecated DexFile APIs?
09-14 23:41:25.197 10437 10437 W ilva.estudo_td: Opening an oat file without a class loader. Are you using the deprecated DexFile APIs?
09-14 23:41:25.200 10437 10437 W ilva.estudo_td: Opening an oat file without a class loader. Are you using the deprecated DexFile APIs?
09-14 23:41:25.737 10437 10437 W ilva.estudo_td: Opening an oat file without a class loader. Are you using the deprecated DexFile APIs?
09-14 23:41:25.739 10437 10437 W ilva.estudo_td: Opening an oat file without a class loader. Are you using the deprecated DexFile APIs?
09-14 23:41:26.267 10437 10437 W ilva.estudo_td: Opening an oat file without a class loader. Are you using the deprecated DexFile APIs?
09-14 23:41:26.270 10437 10437 W ilva.estudo_td: Opening an oat file without a class loader. Are you using the deprecated DexFile APIs?
09-14 23:41:26.797 10437 10437 W ilva.estudo_td: Opening an oat file without a class loader. Are you using the deprecated DexFile APIs?
09-14 23:41:26.802 10437 10437 W ilva.estudo_td: Opening an oat file without a class loader. Are you using the deprecated DexFile APIs?
09-14 23:41:27.330 10437 10437 W ilva.estudo_td: Opening an oat file without a class loader. Are you using the deprecated DexFile APIs?
09-14 23:41:27.333 10437 10437 W ilva.estudo_td: Opening an oat file without a class loader. Are you using the deprecated DexFile APIs?
09-14 23:41:27.864 10437 10437 W ilva.estudo_td: Opening an oat file without a class loader. Are you using the deprecated DexFile APIs?
09-14 23:41:27.866 10437 10437 W ilva.estudo_td: Opening an oat file without a class loader. Are you using the deprecated DexFile APIs?
09-14 23:41:28.400 10437 10437 W ilva.estudo_td: Opening an oat file without a class loader. Are you using the deprecated DexFile APIs?
09-14 23:41:28.402 10437 10437 W ilva.estudo_td: Opening an oat file without a class loader. Are you using the deprecated DexFile APIs?
09-14 23:41:28.924 10437 10437 W ilva.estudo_td: Opening an oat file without a class loader. Are you using the deprecated DexFile APIs?
09-14 23:41:28.931 10437 10437 W ilva.estudo_td: Opening an oat file without a class loader. Are you using the deprecated DexFile APIs?
09-14 23:41:29.453 10437 10437 W ilva.estudo_td: Opening an oat file without a class loader. Are you using the deprecated DexFile APIs?
09-14 23:41:29.455 10437 10437 W ilva.estudo_td: Opening an oat file without a class loader. Are you using the deprecated DexFile APIs?
09-14 23:41:29.979 10437 10437 W ilva.estudo_td: Opening an oat file without a class loader. Are you using the deprecated DexFile APIs?
09-14 23:41:29.981 10437 10437 W ilva.estudo_td: Opening an oat file without a class loader. Are you using the deprecated DexFile APIs?
09-14 23:41:30.510 10437 10437 W ilva.estudo_td: Opening an oat file without a class loader. Are you using the deprecated DexFile APIs?
09-14 23:41:30.511 10437 10437 W ilva.estudo_td: Opening an oat file without a class loader. Are you using the deprecated DexFile APIs?
09-14 23:41:31.046 10437 10437 W ilva.estudo_td: Opening an oat file without a class loader. Are you using the deprecated DexFile APIs?
09-14 23:41:31.048 10437 10437 W ilva.estudo_td: Opening an oat file without a class loader. Are you using the deprecated DexFile APIs?
09-14 23:41:31.592 10437 10437 W ilva.estudo_td: Opening an oat file without a class loader. Are you using the deprecated DexFile APIs?
09-14 23:41:31.595 10437 10437 W ilva.estudo_td: Opening an oat file without a class loader. Are you using the deprecated DexFile APIs?
09-14 23:41:32.122 10437 10437 W ilva.estudo_td: Opening an oat file without a class loader. Are you using the deprecated DexFile APIs?
09-14 23:41:32.124 10437 10437 W ilva.estudo_td: Opening an oat file without a class loader. Are you using the deprecated DexFile APIs?
09-14 23:41:32.664 10437 10437 W ilva.estudo_td: Opening an oat file without a class loader. Are you using the deprecated DexFile APIs?
09-14 23:41:32.667 10437 10437 W ilva.estudo_td: Opening an oat file without a class loader. Are you using the deprecated DexFile APIs?
09-14 23:41:33.202 10437 10437 W ilva.estudo_td: Opening an oat file without a class loader. Are you using the deprecated DexFile APIs?
09-14 23:41:33.203 10437 10437 W ilva.estudo_td: Opening an oat file without a class loader. Are you using the deprecated DexFile APIs?
09-14 23:41:33.745 10437 10437 W ilva.estudo_td: Opening an oat file without a class loader. Are you using the deprecated DexFile APIs?
09-14 23:41:33.759 10437 10437 W ilva.estudo_td: Opening an oat file without a class loader. Are you using the deprecated DexFile APIs?
09-14 23:41:34.284 10437 10437 W ilva.estudo_td: Opening an oat file without a class loader. Are you using the deprecated DexFile APIs?
09-14 23:41:34.286 10437 10437 W ilva.estudo_td: Opening an oat file without a class loader. Are you using the deprecated DexFile APIs?
09-14 23:41:34.813 10437 10437 W ilva.estudo_td: Opening an oat file without a class loader. Are you using the deprecated DexFile APIs?
09-14 23:41:34.815 10437 10437 W ilva.estudo_td: Opening an oat file without a class loader. Are you using the deprecated DexFile APIs?
09-14 23:41:35.344 10437 10437 W ilva.estudo_td: Opening an oat file without a class loader. Are you using the deprecated DexFile APIs?
09-14 23:41:35.348 10437 10437 W ilva.estudo_td: Opening an oat file without a class loader. Are you using the deprecated DexFile APIs?
09-14 23:41:35.878 10437 10437 W ilva.estudo_td: Opening an oat file without a class loader. Are you using the deprecated DexFile APIs?
09-14 23:41:35.879 10437 10437 W ilva.estudo_td: Opening an oat file without a class loader. Are you using the deprecated DexFile APIs?
09-14 23:41:36.411 10437 10437 W ilva.estudo_td: Opening an oat file without a class loader. Are you using the deprecated DexFile APIs?
09-14 23:41:36.413 10437 10437 W ilva.estudo_td: Opening an oat file without a class loader. Are you using the deprecated DexFile APIs?
09-14 23:41:36.958 10437 10437 W ilva.estudo_td: Opening an oat file without a class loader. Are you using the deprecated DexFile APIs?
09-14 23:41:36.960 10437 10437 W ilva.estudo_td: Opening an oat file without a class loader. Are you using the deprecated DexFile APIs?
09-14 23:41:37.513 10437 10437 W ilva.estudo_td: Opening an oat file without a class loader. Are you using the deprecated DexFile APIs?
09-14 23:41:37.516 10437 10437 W ilva.estudo_td: Opening an oat file without a class loader. Are you using the deprecated DexFile APIs?
09-14 23:41:38.097 10437 10437 W ilva.estudo_td: Opening an oat file without a class loader. Are you using the deprecated DexFile APIs?
09-14 23:41:38.100 10437 10437 W ilva.estudo_td: Opening an oat file without a class loader. Are you using the deprecated DexFile APIs?
09-14 23:41:38.632 10437 10437 W ilva.estudo_td: Opening an oat file without a class loader. Are you using the deprecated DexFile APIs?
09-14 23:41:38.635 10437 10437 W ilva.estudo_td: Opening an oat file without a class loader. Are you using the deprecated DexFile APIs?
09-14 23:41:39.172 10437 10437 W ilva.estudo_td: Opening an oat file without a class loader. Are you using the deprecated DexFile APIs?
09-14 23:41:39.181 10437 10437 W ilva.estudo_td: Opening an oat file without a class loader. Are you using the deprecated DexFile APIs?
09-14 23:41:39.711 10437 10437 W ilva.estudo_td: Opening an oat file without a class loader. Are you using the deprecated DexFile APIs?
09-14 23:41:39.713 10437 10437 W ilva.estudo_td: Opening an oat file without a class loader. Are you using the deprecated DexFile APIs?
09-14 23:41:40.235 10437 10437 W ilva.estudo_td: Opening an oat file without a class loader. Are you using the deprecated DexFile APIs?
09-14 23:41:40.238 10437 10437 W ilva.estudo_td: Opening an oat file without a class loader. Are you using the deprecated DexFile APIs?
09-14 23:41:40.764 10437 10437 W ilva.estudo_td: Opening an oat file without a class loader. Are you using the deprecated DexFile APIs?
09-14 23:41:40.765 10437 10437 W ilva.estudo_td: Opening an oat file without a class loader. Are you using the deprecated DexFile APIs?
09-14 23:41:41.291 10437 10437 W ilva.estudo_td: Opening an oat file without a class loader. Are you using the deprecated DexFile APIs?
09-14 23:41:41.296 10437 10437 W ilva.estudo_td: Opening an oat file without a class loader. Are you using the deprecated DexFile APIs?
09-14 23:41:41.846 10437 10437 W ilva.estudo_td: Opening an oat file without a class loader. Are you using the deprecated DexFile APIs?
09-14 23:41:41.865 10437 10437 W ilva.estudo_td: Opening an oat file without a class loader. Are you using the deprecated DexFile APIs?
09-14 23:41:42.399 10437 10437 W ilva.estudo_td: Opening an oat file without a class loader. Are you using the deprecated DexFile APIs?
09-14 23:41:42.401 10437 10437 W ilva.estudo_td: Opening an oat file without a class loader. Are you using the deprecated DexFile APIs?
09-14 23:41:42.932 10437 10437 W ilva.estudo_td: Opening an oat file without a class loader. Are you using the deprecated DexFile APIs?
09-14 23:41:42.935 10437 10437 W ilva.estudo_td: Opening an oat file without a class loader. Are you using the deprecated DexFile APIs?
09-14 23:41:43.462 10437 10437 W ilva.estudo_td: Opening an oat file without a class loader. Are you using the deprecated DexFile APIs?
09-14 23:41:43.464 10437 10437 W ilva.estudo_td: Opening an oat file without a class loader. Are you using the deprecated DexFile APIs?
09-14 23:41:43.986 10437 10437 W ilva.estudo_td: Opening an oat file without a class loader. Are you using the deprecated DexFile APIs?
09-14 23:41:43.989 10437 10437 W ilva.estudo_td: Opening an oat file without a class loader. Are you using the deprecated DexFile APIs?
09-14 23:41:44.599 10437 10437 W ilva.estudo_td: Opening an oat file without a class loader. Are you using the deprecated DexFile APIs?
09-14 23:41:44.618 10437 10437 W ilva.estudo_td: Opening an oat file without a class loader. Are you using the deprecated DexFile APIs?
09-14 23:41:45.161 10437 10437 W ilva.estudo_td: Opening an oat file without a class loader. Are you using the deprecated DexFile APIs?
09-14 23:41:45.164 10437 10437 W ilva.estudo_td: Opening an oat file without a class loader. Are you using the deprecated DexFile APIs?
09-14 23:41:45.682 10437 10437 W ilva.estudo_td: Opening an oat file without a class loader. Are you using the deprecated DexFile APIs?
09-14 23:41:45.683 10437 10437 W ilva.estudo_td: Opening an oat file without a class loader. Are you using the deprecated DexFile APIs?
09-14 23:41:46.206 10437 10437 W ilva.estudo_td: Opening an oat file without a class loader. Are you using the deprecated DexFile APIs?
09-14 23:41:46.210 10437 10437 W ilva.estudo_td: Opening an oat file without a class loader. Are you using the deprecated DexFile APIs?
09-14 23:41:46.735 10437 10437 W ilva.estudo_td: Opening an oat file without a class loader. Are you using the deprecated DexFile APIs?
09-14 23:41:46.738 10437 10437 I ilva.estudo_td: Waiting for a blocking GC ClassLinker
09-14 23:41:46.747 10437 10437 I ilva.estudo_td: WaitForGcToComplete blocked ClassLinker on HeapTrim for 8.798ms
09-14 23:41:46.747 10437 10437 W ilva.estudo_td: Opening an oat file without a class loader. Are you using the deprecated DexFile APIs?
09-14 23:41:47.320 10437 10437 W ilva.estudo_td: Opening an oat file without a class loader. Are you using the deprecated DexFile APIs?
09-14 23:41:47.322 10437 10437 W ilva.estudo_td: Opening an oat file without a class loader. Are you using the deprecated DexFile APIs?
09-14 23:41:47.843 10437 10437 W ilva.estudo_td: Opening an oat file without a class loader. Are you using the deprecated DexFile APIs?
09-14 23:41:47.846 10437 10437 W ilva.estudo_td: Opening an oat file without a class loader. Are you using the deprecated DexFile APIs?
09-14 23:41:48.367 10437 10437 W ilva.estudo_td: Opening an oat file without a class loader. Are you using the deprecated DexFile APIs?
09-14 23:41:48.370 10437 10437 W ilva.estudo_td: Opening an oat file without a class loader. Are you using the deprecated DexFile APIs?
09-14 23:41:48.893 10437 10437 W ilva.estudo_td: Opening an oat file without a class loader. Are you using the deprecated DexFile APIs?
09-14 23:41:48.895 10437 10437 W ilva.estudo_td: Opening an oat file without a class loader. Are you using the deprecated DexFile APIs?
09-14 23:41:49.419 10437 10437 W ilva.estudo_td: Opening an oat file without a class loader. Are you using the deprecated DexFile APIs?
09-14 23:41:49.421 10437 10437 W ilva.estudo_td: Opening an oat file without a class loader. Are you using the deprecated DexFile APIs?
09-14 23:41:50.016 10437 10437 W ilva.estudo_td: Opening an oat file without a class loader. Are you using the deprecated DexFile APIs?
09-14 23:41:50.017 10437 10437 W ilva.estudo_td: Opening an oat file without a class loader. Are you using the deprecated DexFile APIs?
09-14 23:41:50.543 10437 10437 W ilva.estudo_td: Opening an oat file without a class loader. Are you using the deprecated DexFile APIs?
09-14 23:41:50.545 10437 10437 W ilva.estudo_td: Opening an oat file without a class loader. Are you using the deprecated DexFile APIs?
09-14 23:41:51.068 10437 10437 W ilva.estudo_td: Opening an oat file without a class loader. Are you using the deprecated DexFile APIs?
09-14 23:41:51.071 10437 10437 W ilva.estudo_td: Opening an oat file without a class loader. Are you using the deprecated DexFile APIs?
09-14 23:41:51.594 10437 10437 W ilva.estudo_td: Opening an oat file without a class loader. Are you using the deprecated DexFile APIs?
09-14 23:41:51.596 10437 10437 W ilva.estudo_td: Opening an oat file without a class loader. Are you using the deprecated DexFile APIs?
09-14 23:41:52.136 10437 10437 W ilva.estudo_td: Opening an oat file without a class loader. Are you using the deprecated DexFile APIs?
09-14 23:41:52.141 10437 10437 W ilva.estudo_td: Opening an oat file without a class loader. Are you using the deprecated DexFile APIs?
09-14 23:41:52.767 10437 10437 W ilva.estudo_td: Opening an oat file without a class loader. Are you using the deprecated DexFile APIs?
09-14 23:41:52.782 10437 10437 W ilva.estudo_td: Opening an oat file without a class loader. Are you using the deprecated DexFile APIs?
09-14 23:41:53.314 10437 10437 W ilva.estudo_td: Opening an oat file without a class loader. Are you using the deprecated DexFile APIs?
09-14 23:41:53.316 10437 10437 W ilva.estudo_td: Opening an oat file without a class loader. Are you using the deprecated DexFile APIs?
09-14 23:41:53.840 10437 10437 W ilva.estudo_td: Opening an oat file without a class loader. Are you using the deprecated DexFile APIs?
09-14 23:41:53.842 10437 10437 W ilva.estudo_td: Opening an oat file without a class loader. Are you using the deprecated DexFile APIs?
09-14 23:41:54.364 10437 10437 W ilva.estudo_td: Opening an oat file without a class loader. Are you using the deprecated DexFile APIs?
09-14 23:41:54.366 10437 10437 W ilva.estudo_td: Opening an oat file without a class loader. Are you using the deprecated DexFile APIs?
09-14 23:41:54.889 10437 10437 W ilva.estudo_td: Opening an oat file without a class loader. Are you using the deprecated DexFile APIs?
09-14 23:41:54.891 10437 10437 W ilva.estudo_td: Opening an oat file without a class loader. Are you using the deprecated DexFile APIs?
09-14 23:41:55.414 10437 10437 W ilva.estudo_td: Opening an oat file without a class loader. Are you using the deprecated DexFile APIs?
09-14 23:41:55.417 10437 10437 W ilva.estudo_td: Opening an oat file without a class loader. Are you using the deprecated DexFile APIs?
09-14 23:41:56.002 10437 10437 W ilva.estudo_td: Opening an oat file without a class loader. Are you using the deprecated DexFile APIs?
09-14 23:41:56.004 10437 10437 W ilva.estudo_td: Opening an oat file without a class loader. Are you using the deprecated DexFile APIs?
09-14 23:41:56.530 10437 10437 W ilva.estudo_td: Opening an oat file without a class loader. Are you using the deprecated DexFile APIs?
09-14 23:41:56.532 10437 10437 W ilva.estudo_td: Opening an oat file without a class loader. Are you using the deprecated DexFile APIs?
09-14 23:41:57.054 10437 10437 W ilva.estudo_td: Opening an oat file without a class loader. Are you using the deprecated DexFile APIs?
09-14 23:41:57.056 10437 10437 W ilva.estudo_td: Opening an oat file without a class loader. Are you using the deprecated DexFile APIs?
09-14 23:41:57.664 10437 10437 W ilva.estudo_td: Opening an oat file without a class loader. Are you using the deprecated DexFile APIs?
09-14 23:41:57.666 10437 10437 W ilva.estudo_td: Opening an oat file without a class loader. Are you using the deprecated DexFile APIs?
09-14 23:41:58.190 10437 10437 W ilva.estudo_td: Opening an oat file without a class loader. Are you using the deprecated DexFile APIs?
09-14 23:41:58.192 10437 10437 W ilva.estudo_td: Opening an oat file without a class loader. Are you using the deprecated DexFile APIs?
09-14 23:41:58.772 10437 10437 W ilva.estudo_td: Opening an oat file without a class loader. Are you using the deprecated DexFile APIs?
09-14 23:41:58.775 10437 10437 W ilva.estudo_td: Opening an oat file without a class loader. Are you using the deprecated DexFile APIs?
09-14 23:41:59.295 10437 10437 W ilva.estudo_td: Opening an oat file without a class loader. Are you using the deprecated DexFile APIs?
09-14 23:41:59.297 10437 10437 W ilva.estudo_td: Opening an oat file without a class loader. Are you using the deprecated DexFile APIs?
09-14 23:41:59.861 10437 10437 W ilva.estudo_td: Opening an oat file without a class loader. Are you using the deprecated DexFile APIs?
09-14 23:41:59.863 10437 10437 W ilva.estudo_td: Opening an oat file without a class loader. Are you using the deprecated DexFile APIs?
09-14 23:42:00.407 10437 10437 W ilva.estudo_td: Opening an oat file without a class loader. Are you using the deprecated DexFile APIs?
09-14 23:42:00.409 10437 10437 W ilva.estudo_td: Opening an oat file without a class loader. Are you using the deprecated DexFile APIs?
09-14 23:42:00.944 10437 10437 W ilva.estudo_td: Opening an oat file without a class loader. Are you using the deprecated DexFile APIs?
09-14 23:42:00.946 10437 10437 W ilva.estudo_td: Opening an oat file without a class loader. Are you using the deprecated DexFile APIs?
09-14 23:42:01.486 10437 10437 W ilva.estudo_td: Opening an oat file without a class loader. Are you using the deprecated DexFile APIs?
09-14 23:42:01.494 10437 10437 W ilva.estudo_td: Opening an oat file without a class loader. Are you using the deprecated DexFile APIs?
09-14 23:42:02.079 10437 10437 W ilva.estudo_td: Opening an oat file without a class loader. Are you using the deprecated DexFile APIs?
09-14 23:42:02.082 10437 10437 W ilva.estudo_td: Opening an oat file without a class loader. Are you using the deprecated DexFile APIs?
09-14 23:42:02.659 10437 10437 W ilva.estudo_td: Opening an oat file without a class loader. Are you using the deprecated DexFile APIs?
09-14 23:42:02.662 10437 10437 W ilva.estudo_td: Opening an oat file without a class loader. Are you using the deprecated DexFile APIs?
09-14 23:42:03.188 10437 10437 W ilva.estudo_td: Opening an oat file without a class loader. Are you using the deprecated DexFile APIs?
09-14 23:42:03.190 10437 10437 W ilva.estudo_td: Opening an oat file without a class loader. Are you using the deprecated DexFile APIs?
09-14 23:42:03.710 10437 10437 W ilva.estudo_td: Opening an oat file without a class loader. Are you using the deprecated DexFile APIs?
09-14 23:42:03.712 10437 10437 W ilva.estudo_td: Opening an oat file without a class loader. Are you using the deprecated DexFile APIs?
09-14 23:42:04.238 10437 10437 W ilva.estudo_td: Opening an oat file without a class loader. Are you using the deprecated DexFile APIs?
09-14 23:42:04.240 10437 10437 W ilva.estudo_td: Opening an oat file without a class loader. Are you using the deprecated DexFile APIs?
09-14 23:42:04.799 10437 10437 W ilva.estudo_td: Opening an oat file without a class loader. Are you using the deprecated DexFile APIs?
09-14 23:42:04.801 10437 10437 W ilva.estudo_td: Opening an oat file without a class loader. Are you using the deprecated DexFile APIs?
09-14 23:42:05.322 10437 10437 W ilva.estudo_td: Opening an oat file without a class loader. Are you using the deprecated DexFile APIs?
09-14 23:42:05.324 10437 10437 W ilva.estudo_td: Opening an oat file without a class loader. Are you using the deprecated DexFile APIs?
09-14 23:42:05.845 10437 10437 W ilva.estudo_td: Opening an oat file without a class loader. Are you using the deprecated DexFile APIs?
09-14 23:42:05.847 10437 10437 W ilva.estudo_td: Opening an oat file without a class loader. Are you using the deprecated DexFile APIs?
09-14 23:42:06.367 10437 10437 W ilva.estudo_td: Opening an oat file without a class loader. Are you using the deprecated DexFile APIs?
09-14 23:42:06.371 10437 10437 W ilva.estudo_td: Opening an oat file without a class loader. Are you using the deprecated DexFile APIs?
09-14 23:42:06.893 10437 10437 W ilva.estudo_td: Opening an oat file without a class loader. Are you using the deprecated DexFile APIs?
09-14 23:42:06.895 10437 10437 W ilva.estudo_td: Opening an oat file without a class loader. Are you using the deprecated DexFile APIs?
09-14 23:42:07.470 10437 10437 W ilva.estudo_td: Opening an oat file without a class loader. Are you using the deprecated DexFile APIs?
09-14 23:42:07.471 10437 10437 W ilva.estudo_td: Opening an oat file without a class loader. Are you using the deprecated DexFile APIs?
09-14 23:42:07.998 10437 10437 W ilva.estudo_td: Opening an oat file without a class loader. Are you using the deprecated DexFile APIs?
09-14 23:42:08.000 10437 10437 W ilva.estudo_td: Opening an oat file without a class loader. Are you using the deprecated DexFile APIs?
09-14 23:42:08.524 10437 10437 W ilva.estudo_td: Opening an oat file without a class loader. Are you using the deprecated DexFile APIs?
09-14 23:42:08.527 10437 10437 W ilva.estudo_td: Opening an oat file without a class loader. Are you using the deprecated DexFile APIs?
09-14 23:42:09.051 10437 10437 W ilva.estudo_td: Opening an oat file without a class loader. Are you using the deprecated DexFile APIs?
09-14 23:42:09.052 10437 10437 W ilva.estudo_td: Opening an oat file without a class loader. Are you using the deprecated DexFile APIs?
09-14 23:42:09.595 10437 10437 W ilva.estudo_td: Opening an oat file without a class loader. Are you using the deprecated DexFile APIs?
09-14 23:42:09.610 10437 10437 W ilva.estudo_td: Opening an oat file without a class loader. Are you using the deprecated DexFile APIs?
09-14 23:42:10.191 10437 10437 W ilva.estudo_td: Opening an oat file without a class loader. Are you using the deprecated DexFile APIs?
09-14 23:42:10.193 10437 10437 W ilva.estudo_td: Opening an oat file without a class loader. Are you using the deprecated DexFile APIs?
09-14 23:42:10.716 10437 10437 W ilva.estudo_td: Opening an oat file without a class loader. Are you using the deprecated DexFile APIs?
09-14 23:42:10.718 10437 10437 W ilva.estudo_td: Opening an oat file without a class loader. Are you using the deprecated DexFile APIs?
09-14 23:42:11.241 10437 10437 W ilva.estudo_td: Opening an oat file without a class loader. Are you using the deprecated DexFile APIs?
09-14 23:42:11.244 10437 10437 W ilva.estudo_td: Opening an oat file without a class loader. Are you using the deprecated DexFile APIs?
09-14 23:42:11.769 10437 10437 W ilva.estudo_td: Opening an oat file without a class loader. Are you using the deprecated DexFile APIs?
09-14 23:42:11.771 10437 10437 W ilva.estudo_td: Opening an oat file without a class loader. Are you using the deprecated DexFile APIs?
09-14 23:42:12.293 10437 10437 W ilva.estudo_td: Opening an oat file without a class loader. Are you using the deprecated DexFile APIs?
09-14 23:42:12.295 10437 10437 W ilva.estudo_td: Opening an oat file without a class loader. Are you using the deprecated DexFile APIs?
09-14 23:42:12.875 10437 10437 W ilva.estudo_td: Opening an oat file without a class loader. Are you using the deprecated DexFile APIs?
09-14 23:42:12.888 10437 10437 W ilva.estudo_td: Opening an oat file without a class loader. Are you using the deprecated DexFile APIs?
09-14 23:42:13.419 10437 10437 W ilva.estudo_td: Opening an oat file without a class loader. Are you using the deprecated DexFile APIs?
09-14 23:42:13.421 10437 10437 W ilva.estudo_td: Opening an oat file without a class loader. Are you using the deprecated DexFile APIs?
09-14 23:42:13.942 10437 10437 W ilva.estudo_td: Opening an oat file without a class loader. Are you using the deprecated DexFile APIs?
09-14 23:42:13.944 10437 10437 W ilva.estudo_td: Opening an oat file without a class loader. Are you using the deprecated DexFile APIs?
09-14 23:42:14.464 10437 10437 W ilva.estudo_td: Opening an oat file without a class loader. Are you using the deprecated DexFile APIs?
09-14 23:42:14.466 10437 10437 W ilva.estudo_td: Opening an oat file without a class loader. Are you using the deprecated DexFile APIs?
09-14 23:42:14.987 10437 10437 W ilva.estudo_td: Opening an oat file without a class loader. Are you using the deprecated DexFile APIs?
09-14 23:42:14.989 10437 10437 W ilva.estudo_td: Opening an oat file without a class loader. Are you using the deprecated DexFile APIs?
09-14 23:42:15.513 10437 10437 W ilva.estudo_td: Opening an oat file without a class loader. Are you using the deprecated DexFile APIs?
09-14 23:42:15.514 10437 10437 W ilva.estudo_td: Opening an oat file without a class loader. Are you using the deprecated DexFile APIs?
09-14 23:42:16.039 10437 10437 W ilva.estudo_td: Opening an oat file without a class loader. Are you using the deprecated DexFile APIs?
09-14 23:42:16.047 10437 10437 W ilva.estudo_td: Opening an oat file without a class loader. Are you using the deprecated DexFile APIs?
09-14 23:42:16.574 10437 10437 W ilva.estudo_td: Opening an oat file without a class loader. Are you using the deprecated DexFile APIs?
09-14 23:42:16.576 10437 10437 W ilva.estudo_td: Opening an oat file without a class loader. Are you using the deprecated DexFile APIs?
09-14 23:42:17.100 10437 10437 W ilva.estudo_td: Opening an oat file without a class loader. Are you using the deprecated DexFile APIs?
09-14 23:42:17.102 10437 10437 W ilva.estudo_td: Opening an oat file without a class loader. Are you using the deprecated DexFile APIs?
09-14 23:42:17.624 10437 10437 W ilva.estudo_td: Opening an oat file without a class loader. Are you using the deprecated DexFile APIs?
09-14 23:42:17.626 10437 10437 W ilva.estudo_td: Opening an oat file without a class loader. Are you using the deprecated DexFile APIs?
09-14 23:42:18.148 10437 10437 W ilva.estudo_td: Opening an oat file without a class loader. Are you using the deprecated DexFile APIs?
09-14 23:42:18.152 10437 10437 W ilva.estudo_td: Opening an oat file without a class loader. Are you using the deprecated DexFile APIs?
09-14 23:42:18.674 10437 10437 W ilva.estudo_td: Opening an oat file without a class loader. Are you using the deprecated DexFile APIs?
09-14 23:42:18.678 10437 10437 W ilva.estudo_td: Opening an oat file without a class loader. Are you using the deprecated DexFile APIs?
09-14 23:42:19.209 10437 10437 W ilva.estudo_td: Opening an oat file without a class loader. Are you using the deprecated DexFile APIs?
09-14 23:42:19.211 10437 10437 W ilva.estudo_td: Opening an oat file without a class loader. Are you using the deprecated DexFile APIs?
09-14 23:42:19.739 10437 10437 W ilva.estudo_td: Opening an oat file without a class loader. Are you using the deprecated DexFile APIs?
09-14 23:42:19.741 10437 10437 W ilva.estudo_td: Opening an oat file without a class loader. Are you using the deprecated DexFile APIs?
09-14 23:42:20.265 10437 10437 W ilva.estudo_td: Opening an oat file without a class loader. Are you using the deprecated DexFile APIs?
09-14 23:42:20.267 10437 10437 W ilva.estudo_td: Opening an oat file without a class loader. Are you using the deprecated DexFile APIs?
09-14 23:42:20.801 10437 10437 W ilva.estudo_td: Opening an oat file without a class loader. Are you using the deprecated DexFile APIs?
09-14 23:42:20.803 10437 10437 W ilva.estudo_td: Opening an oat file without a class loader. Are you using the deprecated DexFile APIs?
09-14 23:42:21.394 10437 10437 W ilva.estudo_td: Opening an oat file without a class loader. Are you using the deprecated DexFile APIs?
09-14 23:42:21.398 10437 10437 W ilva.estudo_td: Opening an oat file without a class loader. Are you using the deprecated DexFile APIs?
09-14 23:42:21.975 10437 10437 W ilva.estudo_td: Opening an oat file without a class loader. Are you using the deprecated DexFile APIs?
09-14 23:42:21.977 10437 10437 W ilva.estudo_td: Opening an oat file without a class loader. Are you using the deprecated DexFile APIs?
09-14 23:42:22.501 10437 10437 W ilva.estudo_td: Opening an oat file without a class loader. Are you using the deprecated DexFile APIs?
09-14 23:42:22.503 10437 10437 W ilva.estudo_td: Opening an oat file without a class loader. Are you using the deprecated DexFile APIs?
09-14 23:42:23.029 10437 10437 W ilva.estudo_td: Opening an oat file without a class loader. Are you using the deprecated DexFile APIs?
09-14 23:42:23.031 10437 10437 W ilva.estudo_td: Opening an oat file without a class loader. Are you using the deprecated DexFile APIs?
09-14 23:42:23.559 10437 10437 W ilva.estudo_td: Opening an oat file without a class loader. Are you using the deprecated DexFile APIs?
09-14 23:42:23.560 10437 10437 W ilva.estudo_td: Opening an oat file without a class loader. Are you using the deprecated DexFile APIs?
09-14 23:42:24.083 10437 10437 W ilva.estudo_td: Opening an oat file without a class loader. Are you using the deprecated DexFile APIs?
09-14 23:42:24.085 10437 10437 W ilva.estudo_td: Opening an oat file without a class loader. Are you using the deprecated DexFile APIs?
09-14 23:42:24.641 10437 10437 W ilva.estudo_td: Opening an oat file without a class loader. Are you using the deprecated DexFile APIs?
09-14 23:42:24.644 10437 10437 W ilva.estudo_td: Opening an oat file without a class loader. Are you using the deprecated DexFile APIs?
09-14 23:42:25.220 10437 10437 W ilva.estudo_td: Opening an oat file without a class loader. Are you using the deprecated DexFile APIs?
09-14 23:42:25.221 10437 10437 W ilva.estudo_td: Opening an oat file without a class loader. Are you using the deprecated DexFile APIs?
09-14 23:42:25.741 10437 10437 W ilva.estudo_td: Opening an oat file without a class loader. Are you using the deprecated DexFile APIs?
09-14 23:42:25.742 10437 10437 W ilva.estudo_td: Opening an oat file without a class loader. Are you using the deprecated DexFile APIs?
09-14 23:42:26.263 10437 10437 W ilva.estudo_td: Opening an oat file without a class loader. Are you using the deprecated DexFile APIs?
09-14 23:42:26.265 10437 10437 W ilva.estudo_td: Opening an oat file without a class loader. Are you using the deprecated DexFile APIs?
09-14 23:42:26.785 10437 10437 W ilva.estudo_td: Opening an oat file without a class loader. Are you using the deprecated DexFile APIs?
09-14 23:42:26.787 10437 10437 W ilva.estudo_td: Opening an oat file without a class loader. Are you using the deprecated DexFile APIs?
09-14 23:42:27.311 10437 10437 W ilva.estudo_td: Opening an oat file without a class loader. Are you using the deprecated DexFile APIs?
09-14 23:42:27.312 10437 10437 W ilva.estudo_td: Opening an oat file without a class loader. Are you using the deprecated DexFile APIs?
09-14 23:42:27.836 10437 10437 W ilva.estudo_td: Opening an oat file without a class loader. Are you using the deprecated DexFile APIs?
09-14 23:42:27.839 10437 10437 W ilva.estudo_td: Opening an oat file without a class loader. Are you using the deprecated DexFile APIs?
09-14 23:42:28.420 10437 10437 W ilva.estudo_td: Opening an oat file without a class loader. Are you using the deprecated DexFile APIs?
09-14 23:42:28.421 10437 10437 W ilva.estudo_td: Opening an oat file without a class loader. Are you using the deprecated DexFile APIs?
09-14 23:42:28.983 10437 10437 W ilva.estudo_td: Opening an oat file without a class loader. Are you using the deprecated DexFile APIs?
09-14 23:42:28.985 10437 10437 W ilva.estudo_td: Opening an oat file without a class loader. Are you using the deprecated DexFile APIs?
09-14 23:42:29.506 10437 10437 W ilva.estudo_td: Opening an oat file without a class loader. Are you using the deprecated DexFile APIs?
09-14 23:42:29.508 10437 10437 W ilva.estudo_td: Opening an oat file without a class loader. Are you using the deprecated DexFile APIs?
09-14 23:42:30.029 10437 10437 W ilva.estudo_td: Opening an oat file without a class loader. Are you using the deprecated DexFile APIs?
09-14 23:42:30.031 10437 10437 W ilva.estudo_td: Opening an oat file without a class loader. Are you using the deprecated DexFile APIs?
09-14 23:42:30.559 10437 10437 W ilva.estudo_td: Opening an oat file without a class loader. Are you using the deprecated DexFile APIs?
09-14 23:42:30.561 10437 10437 W ilva.estudo_td: Opening an oat file without a class loader. Are you using the deprecated DexFile APIs?
09-14 23:42:31.137 10437 10437 W ilva.estudo_td: Opening an oat file without a class loader. Are you using the deprecated DexFile APIs?
09-14 23:42:31.138 10437 10437 W ilva.estudo_td: Opening an oat file without a class loader. Are you using the deprecated DexFile APIs?
09-14 23:42:31.661 10437 10437 W ilva.estudo_td: Opening an oat file without a class loader. Are you using the deprecated DexFile APIs?
09-14 23:42:31.665 10437 10437 W ilva.estudo_td: Opening an oat file without a class loader. Are you using the deprecated DexFile APIs?
09-14 23:42:32.189 10437 10437 W ilva.estudo_td: Opening an oat file without a class loader. Are you using the deprecated DexFile APIs?
09-14 23:42:32.191 10437 10437 W ilva.estudo_td: Opening an oat file without a class loader. Are you using the deprecated DexFile APIs?
09-14 23:42:32.751 10437 10437 W ilva.estudo_td: Opening an oat file without a class loader. Are you using the deprecated DexFile APIs?
09-14 23:42:32.754 10437 10437 W ilva.estudo_td: Opening an oat file without a class loader. Are you using the deprecated DexFile APIs?
09-14 23:42:33.286 10437 10437 W ilva.estudo_td: Opening an oat file without a class loader. Are you using the deprecated DexFile APIs?
09-14 23:42:33.289 10437 10437 W ilva.estudo_td: Opening an oat file without a class loader. Are you using the deprecated DexFile APIs?
09-14 23:42:33.883 10437 10437 W ilva.estudo_td: Opening an oat file without a class loader. Are you using the deprecated DexFile APIs?
09-14 23:42:33.914 10437 10437 W ilva.estudo_td: Opening an oat file without a class loader. Are you using the deprecated DexFile APIs?
09-14 23:42:34.458 10437 10437 W ilva.estudo_td: Opening an oat file without a class loader. Are you using the deprecated DexFile APIs?
09-14 23:42:34.460 10437 10437 W ilva.estudo_td: Opening an oat file without a class loader. Are you using the deprecated DexFile APIs?
09-14 23:42:34.982 10437 10437 W ilva.estudo_td: Opening an oat file without a class loader. Are you using the deprecated DexFile APIs?
09-14 23:42:34.985 10437 10437 W ilva.estudo_td: Opening an oat file without a class loader. Are you using the deprecated DexFile APIs?
09-14 23:42:35.506 10437 10437 W ilva.estudo_td: Opening an oat file without a class loader. Are you using the deprecated DexFile APIs?
09-14 23:42:35.508 10437 10437 W ilva.estudo_td: Opening an oat file without a class loader. Are you using the deprecated DexFile APIs?
09-14 23:42:36.031 10437 10437 W ilva.estudo_td: Opening an oat file without a class loader. Are you using the deprecated DexFile APIs?
09-14 23:42:36.032 10437 10437 W ilva.estudo_td: Opening an oat file without a class loader. Are you using the deprecated DexFile APIs?
09-14 23:42:36.553 10437 10437 W ilva.estudo_td: Opening an oat file without a class loader. Are you using the deprecated DexFile APIs?
09-14 23:42:36.555 10437 10437 W ilva.estudo_td: Opening an oat file without a class loader. Are you using the deprecated DexFile APIs?
09-14 23:42:37.110 10437 10437 W ilva.estudo_td: Opening an oat file without a class loader. Are you using the deprecated DexFile APIs?
09-14 23:42:37.119 10437 10437 W ilva.estudo_td: Opening an oat file without a class loader. Are you using the deprecated DexFile APIs?
09-14 23:42:37.694 10437 10437 W ilva.estudo_td: Opening an oat file without a class loader. Are you using the deprecated DexFile APIs?
09-14 23:42:37.695 10437 10437 W ilva.estudo_td: Opening an oat file without a class loader. Are you using the deprecated DexFile APIs?
09-14 23:42:38.220 10437 10437 W ilva.estudo_td: Opening an oat file without a class loader. Are you using the deprecated DexFile APIs?
09-14 23:42:38.222 10437 10437 W ilva.estudo_td: Opening an oat file without a class loader. Are you using the deprecated DexFile APIs?
09-14 23:42:38.748 10437 10437 W ilva.estudo_td: Opening an oat file without a class loader. Are you using the deprecated DexFile APIs?
09-14 23:42:38.753 10437 10437 W ilva.estudo_td: Opening an oat file without a class loader. Are you using the deprecated DexFile APIs?
09-14 23:42:39.276 10437 10437 W ilva.estudo_td: Opening an oat file without a class loader. Are you using the deprecated DexFile APIs?
09-14 23:42:39.277 10437 10437 W ilva.estudo_td: Opening an oat file without a class loader. Are you using the deprecated DexFile APIs?
09-14 23:42:39.824 10437 10437 W ilva.estudo_td: Opening an oat file without a class loader. Are you using the deprecated DexFile APIs?
09-14 23:42:39.830 10437 10437 W ilva.estudo_td: Opening an oat file without a class loader. Are you using the deprecated DexFile APIs?
09-14 23:42:40.416 10437 10437 W ilva.estudo_td: Opening an oat file without a class loader. Are you using the deprecated DexFile APIs?
09-14 23:42:40.418 10437 10437 W ilva.estudo_td: Opening an oat file without a class loader. Are you using the deprecated DexFile APIs?
09-14 23:42:40.943 10437 10437 W ilva.estudo_td: Opening an oat file without a class loader. Are you using the deprecated DexFile APIs?
09-14 23:42:40.946 10437 10437 W ilva.estudo_td: Opening an oat file without a class loader. Are you using the deprecated DexFile APIs?
09-14 23:42:41.476 10437 10437 W ilva.estudo_td: Opening an oat file without a class loader. Are you using the deprecated DexFile APIs?
09-14 23:42:41.482 10437 10437 W ilva.estudo_td: Opening an oat file without a class loader. Are you using the deprecated DexFile APIs?
09-14 23:42:42.005 10437 10437 W ilva.estudo_td: Opening an oat file without a class loader. Are you using the deprecated DexFile APIs?
09-14 23:42:42.007 10437 10437 W ilva.estudo_td: Opening an oat file without a class loader. Are you using the deprecated DexFile APIs?
09-14 23:42:42.529 10437 10437 W ilva.estudo_td: Opening an oat file without a class loader. Are you using the deprecated DexFile APIs?
09-14 23:42:42.536 10437 10437 I ilva.estudo_td: Rejecting re-init on previously-failed class java.lang.Class<com.facebook.imagepipeline.stetho.BaseFrescoStethoPlugin>: java.lang.NoClassDefFoundError: Failed resolution of: Lcom/facebook/stetho/dumpapp/DumperPlugin;
09-14 23:42:42.536 10437 10437 I ilva.estudo_td:   at java.lang.Class java.lang.Class.classForName(java.lang.String, boolean, java.lang.ClassLoader) (Class.java:-2)
09-14 23:42:42.536 10437 10437 I ilva.estudo_td:   at java.lang.Class java.lang.Class.forName(java.lang.String, boolean, java.lang.ClassLoader) (Class.java:453)
09-14 23:42:42.536 10437 10437 I ilva.estudo_td:   at android.test.ClassPathPackageInfoSource$ClassPathPackageInfo android.test.ClassPathPackageInfoSource.createPackageInfo(java.lang.String) (ClassPathPackageInfoSource.java:93)
09-14 23:42:42.536 10437 10437 I ilva.estudo_td:   at android.test.ClassPathPackageInfoSource$ClassPathPackageInfo android.test.ClassPathPackageInfoSource.access$000(android.test.ClassPathPackageInfoSource, java.lang.String) (ClassPathPackageInfoSource.java:37)
09-14 23:42:42.536 10437 10437 I ilva.estudo_td:   at android.test.ClassPathPackageInfoSource$ClassPathPackageInfo android.test.ClassPathPackageInfoSource$1.load(java.lang.String) (ClassPathPackageInfoSource.java:50)
09-14 23:42:42.536 10437 10437 I ilva.estudo_td:   at java.lang.Object android.test.ClassPathPackageInfoSource$1.load(java.lang.Object) (ClassPathPackageInfoSource.java:47)
09-14 23:42:42.536 10437 10437 I ilva.estudo_td:   at java.lang.Object android.test.SimpleCache.get(java.lang.Object) (SimpleCache.java:32)
09-14 23:42:42.536 10437 10437 I ilva.estudo_td:   at java.util.Set android.test.ClassPathPackageInfoSource$ClassPathPackageInfo.getSubpackages() (ClassPathPackageInfoSource.java:230)
09-14 23:42:42.536 10437 10437 I ilva.estudo_td:   at void android.test.ClassPathPackageInfoSource$ClassPathPackageInfo.addTopLevelClassesTo(java.util.Set) (ClassPathPackageInfoSource.java:243)
09-14 23:42:42.536 10437 10437 I ilva.estudo_td:   at java.util.Set android.test.ClassPathPackageInfoSource$ClassPathPackageInfo.getTopLevelClassesRecursive() (ClassPathPackageInfoSource.java:237)
09-14 23:42:42.536 10437 10437 I ilva.estudo_td:   at java.util.Set android.test.ClassPathPackageInfoSource$ClassPathPackageInfo.access$100(android.test.ClassPathPackageInfoSource$ClassPathPackageInfo) (ClassPathPackageInfoSource.java:214)
09-14 23:42:42.536 10437 10437 I ilva.estudo_td:   at java.util.Set android.test.ClassPathPackageInfoSource.getTopLevelClassesRecursive(java.lang.String) (ClassPathPackageInfoSource.java:77)
09-14 23:42:42.536 10437 10437 I ilva.estudo_td:   at java.util.List android.test.suitebuilder.TestGrouping.testCaseClassesInPackage(java.lang.String) (TestGrouping.java:134)
09-14 23:42:42.536 10437 10437 I ilva.estudo_td:   at void android.test.suitebuilder.TestGrouping.addPackagesRecursive(java.lang.String[]) (TestGrouping.java:110)
09-14 23:42:42.536 10437 10437 I ilva.estudo_td:   at android.test.suitebuilder.TestSuiteBuilder android.test.suitebuilder.TestSuiteBuilder.includePackages(java.lang.String[]) (TestSuiteBuilder.java:102)
09-14 23:42:42.536 10437 10437 I ilva.estudo_td:   at void android.test.InstrumentationTestRunner.onCreate(android.os.Bundle) (InstrumentationTestRunner.java:377)
09-14 23:42:42.536 10437 10437 I ilva.estudo_td:   at void android.app.ActivityThread.handleBindApplication(android.app.ActivityThread$AppBindData) (ActivityThread.java:6391)
09-14 23:42:42.536 10437 10437 I ilva.estudo_td:   at void android.app.ActivityThread.access$1300(android.app.ActivityThread, android.app.ActivityThread$AppBindData) (ActivityThread.java:248)
09-14 23:42:42.536 10437 10437 I ilva.estudo_td:   at void android.app.ActivityThread$H.handleMessage(android.os.Message) (ActivityThread.java:1830)
09-14 23:42:42.536 10437 10437 I ilva.estudo_td:   at void android.os.Handler.dispatchMessage(android.os.Message) (Handler.java:106)
09-14 23:42:42.536 10437 10437 I ilva.estudo_td:   at void android.os.Looper.loop() (Looper.java:216)
09-14 23:42:42.536 10437 10437 I ilva.estudo_td:   at void android.app.ActivityThread.main(java.lang.String[]) (ActivityThread.java:7266)
09-14 23:42:42.536 10437 10437 I ilva.estudo_td:   at java.lang.Object java.lang.reflect.Method.invoke(java.lang.Object, java.lang.Object[]) (Method.java:-2)
09-14 23:42:42.536 10437 10437 I ilva.estudo_td:   at void com.android.internal.os.RuntimeInit$MethodAndArgsCaller.run() (RuntimeInit.java:494)
09-14 23:42:42.536 10437 10437 I ilva.estudo_td:   at void com.android.internal.os.ZygoteInit.main(java.lang.String[]) (ZygoteInit.java:975)
09-14 23:42:42.537 10437 10437 I ilva.estudo_td: Caused by: java.lang.ClassNotFoundException: Didn't find class "com.facebook.stetho.dumpapp.DumperPlugin" on path: DexPathList[[zip file "/system/framework/android.test.runner.jar", zip file "/system/framework/android.test.mock.jar", zip file "/data/app/br.com.arnoldosilva.estudo_tdd.test-EGskfxkdl3PschE3UXWNeQ==/base.apk", zip file "/data/app/br.com.arnoldosilva.estudo_tdd-RU7SFD38DNUYuyIZql_1zw==/base.apk"],nativeLibraryDirectories=[/data/app/br.com.arnoldosilva.estudo_tdd.test-EGskfxkdl3PschE3UXWNeQ==/lib/arm, /data/app/br.com.arnoldosilva.estudo_tdd-RU7SFD38DNUYuyIZql_1zw==/lib/arm, /data/app/br.com.arnoldosilva.estudo_tdd.test-EGskfxkdl3PschE3UXWNeQ==/base.apk!/lib/armeabi-v7a, /data/app/br.com.arnoldosilva.estudo_tdd-RU7SFD38DNUYuyIZql_1zw==/base.apk!/lib/armeabi-v7a, /system/lib, /system/vendor/lib]]
09-14 23:42:42.537 10437 10437 I ilva.estudo_td:   at java.lang.Class dalvik.system.BaseDexClassLoader.findClass(java.lang.String) (BaseDexClassLoader.java:134)
09-14 23:42:42.537 10437 10437 I ilva.estudo_td:   at java.lang.Class java.lang.ClassLoader.loadClass(java.lang.String, boolean) (ClassLoader.java:379)
09-14 23:42:42.537 10437 10437 I ilva.estudo_td:   at java.lang.Class java.lang.ClassLoader.loadClass(java.lang.String) (ClassLoader.java:312)
09-14 23:42:42.537 10437 10437 I ilva.estudo_td:   at java.lang.Class java.lang.Class.classForName(java.lang.String, boolean, java.lang.ClassLoader) (Class.java:-2)
09-14 23:42:42.537 10437 10437 I ilva.estudo_td:   at java.lang.Class java.lang.Class.forName(java.lang.String, boolean, java.lang.ClassLoader) (Class.java:453)
09-14 23:42:42.537 10437 10437 I ilva.estudo_td:   at android.test.ClassPathPackageInfoSource$ClassPathPackageInfo android.test.ClassPathPackageInfoSource.createPackageInfo(java.lang.String) (ClassPathPackageInfoSource.java:93)
09-14 23:42:42.537 10437 10437 I ilva.estudo_td:   at android.test.ClassPathPackageInfoSource$ClassPathPackageInfo android.test.ClassPathPackageInfoSource.access$000(android.test.ClassPathPackageInfoSource, java.lang.String) (ClassPathPackageInfoSource.java:37)
09-14 23:42:42.537 10437 10437 I ilva.estudo_td:   at android.test.ClassPathPackageInfoSource$ClassPathPackageInfo android.test.ClassPathPackageInfoSource$1.load(java.lang.String) (ClassPathPackageInfoSource.java:50)
09-14 23:42:42.537 10437 10437 I ilva.estudo_td:   at java.lang.Object android.test.ClassPathPackageInfoSource$1.load(java.lang.Object) (ClassPathPackageInfoSource.java:47)
09-14 23:42:42.537 10437 10437 I ilva.estudo_td:   at java.lang.Object android.test.SimpleCache.get(java.lang.Object) (SimpleCache.java:32)
09-14 23:42:42.537 10437 10437 I ilva.estudo_td:   at java.util.Set android.test.ClassPathPackageInfoSource$ClassPathPackageInfo.getSubpackages() (ClassPathPackageInfoSource.java:230)
09-14 23:42:42.537 10437 10437 I ilva.estudo_td:   at void android.test.ClassPathPackageInfoSource$ClassPathPackageInfo.addTopLevelClassesTo(java.util.Set) (ClassPathPackageInfoSource.java:243)
09-14 23:42:42.537 10437 10437 I ilva.estudo_td:   at java.util.Set android.test.ClassPathPackageInfoSource$ClassPathPackageInfo.getTopLevelClassesRecursive() (ClassPathPackageInfoSource.java:237)
09-14 23:42:42.537 10437 10437 I ilva.estudo_td:   at java.util.Set android.test.ClassPathPackageInfoSource$ClassPathPackageInfo.access$100(android.test.ClassPathPackageInfoSource$ClassPathPackageInfo) (ClassPathPackageInfoSource.java:214)
09-14 23:42:42.537 10437 10437 I ilva.estudo_td:   at java.util.Set android.test.ClassPathPackageInfoSource.getTopLevelClassesRecursive(java.lang.String) (ClassPathPackageInfoSource.java:77)
09-14 23:42:42.537 10437 10437 I ilva.estudo_td:   at java.util.List android.test.suitebuilder.TestGrouping.testCaseClassesInPackage(java.lang.String) (TestGrouping.java:134)
09-14 23:42:42.537 10437 10437 I ilva.estudo_td:   at void android.test.suitebuilder.TestGrouping.addPackagesRecursive(java.lang.String[]) (TestGrouping.java:110)
09-14 23:42:42.537 10437 10437 I ilva.estudo_td:   at android.test.suitebuilder.TestSuiteBuilder android.test.suitebuilder.TestSuiteBuilder.includePackages(java.lang.String[]) (TestSuiteBuilder.java:102)
09-14 23:42:42.537 10437 10437 I ilva.estudo_td:   at void android.test.InstrumentationTestRunner.onCreate(android.os.Bundle) (InstrumentationTestRunner.java:377)
09-14 23:42:42.537 10437 10437 I ilva.estudo_td:   at void android.app.ActivityThread.handleBindApplication(android.app.ActivityThread$AppBindData) (ActivityThread.java:6391)
09-14 23:42:42.537 10437 10437 I ilva.estudo_td:   at void android.app.ActivityThread.access$1300(android.app.ActivityThread, android.app.ActivityThread$AppBindData) (ActivityThread.java:248)
09-14 23:42:42.537 10437 10437 I ilva.estudo_td:   at void android.app.ActivityThread$H.handleMessage(android.os.Message) (ActivityThread.java:1830)
09-14 23:42:42.537 10437 10437 I ilva.estudo_td:   at void android.os.Handler.dispatchMessage(android.os.Message) (Handler.java:106)
09-14 23:42:42.537 10437 10437 I ilva.estudo_td:   at void android.os.Looper.loop() (Looper.java:216)
09-14 23:42:42.537 10437 10437 I ilva.estudo_td:   at void android.app.ActivityThread.main(java.lang.String[]) (ActivityThread.java:7266)
09-14 23:42:42.537 10437 10437 I ilva.estudo_td:   at java.lang.Object java.lang.reflect.Method.invoke(java.lang.Object, java.lang.Object[]) (Method.java:-2)
09-14 23:42:42.537 10437 10437 I ilva.estudo_td:   at void com.android.internal.os.RuntimeInit$MethodAndArgsCaller.run() (RuntimeInit.java:494)
09-14 23:42:42.537 10437 10437 I ilva.estudo_td:   at void com.android.internal.os.ZygoteInit.main(java.lang.String[]) (ZygoteInit.java:975)
09-14 23:42:42.538 10437 10437 I ilva.estudo_td: 
09-14 23:42:42.564 10437 10437 W ClassPathPackageInfoSource: Cannot load class. Make sure it is in your apk. Class name: 'com.facebook.imagepipeline.stetho.BaseFrescoStethoPlugin'. Message: com.facebook.imagepipeline.stetho.BaseFrescoStethoPlugin
09-14 23:42:42.564 10437 10437 W ClassPathPackageInfoSource: java.lang.ClassNotFoundException: com.facebook.imagepipeline.stetho.BaseFrescoStethoPlugin
09-14 23:42:42.564 10437 10437 W ClassPathPackageInfoSource: 	at java.lang.Class.classForName(Native Method)
09-14 23:42:42.564 10437 10437 W ClassPathPackageInfoSource: 	at java.lang.Class.forName(Class.java:453)
09-14 23:42:42.564 10437 10437 W ClassPathPackageInfoSource: 	at android.test.ClassPathPackageInfoSource.createPackageInfo(ClassPathPackageInfoSource.java:93)
09-14 23:42:42.564 10437 10437 W ClassPathPackageInfoSource: 	at android.test.ClassPathPackageInfoSource.access$000(ClassPathPackageInfoSource.java:37)
09-14 23:42:42.564 10437 10437 W ClassPathPackageInfoSource: 	at android.test.ClassPathPackageInfoSource$1.load(ClassPathPackageInfoSource.java:50)
09-14 23:42:42.564 10437 10437 W ClassPathPackageInfoSource: 	at android.test.ClassPathPackageInfoSource$1.load(ClassPathPackageInfoSource.java:47)
09-14 23:42:42.564 10437 10437 W ClassPathPackageInfoSource: 	at android.test.SimpleCache.get(SimpleCache.java:32)
09-14 23:42:42.564 10437 10437 W ClassPathPackageInfoSource: 	at android.test.ClassPathPackageInfoSource$ClassPathPackageInfo.getSubpackages(ClassPathPackageInfoSource.java:230)
09-14 23:42:42.564 10437 10437 W ClassPathPackageInfoSource: 	at android.test.ClassPathPackageInfoSource$ClassPathPackageInfo.addTopLevelClassesTo(ClassPathPackageInfoSource.java:243)
09-14 23:42:42.564 10437 10437 W ClassPathPackageInfoSource: 	at android.test.ClassPathPackageInfoSource$ClassPathPackageInfo.getTopLevelClassesRecursive(ClassPathPackageInfoSource.java:237)
09-14 23:42:42.564 10437 10437 W ClassPathPackageInfoSource: 	at android.test.ClassPathPackageInfoSource$ClassPathPackageInfo.access$100(ClassPathPackageInfoSource.java:214)
09-14 23:42:42.564 10437 10437 W ClassPathPackageInfoSource: 	at android.test.ClassPathPackageInfoSource.getTopLevelClassesRecursive(ClassPathPackageInfoSource.java:77)
09-14 23:42:42.564 10437 10437 W ClassPathPackageInfoSource: 	at android.test.suitebuilder.TestGrouping.testCaseClassesInPackage(TestGrouping.java:134)
09-14 23:42:42.564 10437 10437 W ClassPathPackageInfoSource: 	at android.test.suitebuilder.TestGrouping.addPackagesRecursive(TestGrouping.java:110)
09-14 23:42:42.564 10437 10437 W ClassPathPackageInfoSource: 	at android.test.suitebuilder.TestSuiteBuilder.includePackages(TestSuiteBuilder.java:102)
09-14 23:42:42.564 10437 10437 W ClassPathPackageInfoSource: 	at android.test.InstrumentationTestRunner.onCreate(InstrumentationTestRunner.java:377)
09-14 23:42:42.564 10437 10437 W ClassPathPackageInfoSource: 	at android.app.ActivityThread.handleBindApplication(ActivityThread.java:6391)
09-14 23:42:42.564 10437 10437 W ClassPathPackageInfoSource: 	at android.app.ActivityThread.access$1300(ActivityThread.java:248)
09-14 23:42:42.564 10437 10437 W ClassPathPackageInfoSource: 	at android.app.ActivityThread$H.handleMessage(ActivityThread.java:1830)
09-14 23:42:42.564 10437 10437 W ClassPathPackageInfoSource: 	at android.os.Handler.dispatchMessage(Handler.java:106)
09-14 23:42:42.564 10437 10437 W ClassPathPackageInfoSource: 	at android.os.Looper.loop(Looper.java:216)
09-14 23:42:42.564 10437 10437 W ClassPathPackageInfoSource: 	at android.app.ActivityThread.main(ActivityThread.java:7266)
09-14 23:42:42.564 10437 10437 W ClassPathPackageInfoSource: 	at java.lang.reflect.Method.invoke(Native Method)
09-14 23:42:42.564 10437 10437 W ClassPathPackageInfoSource: 	at com.android.internal.os.RuntimeInit$MethodAndArgsCaller.run(RuntimeInit.java:494)
09-14 23:42:42.564 10437 10437 W ClassPathPackageInfoSource: 	at com.android.internal.os.ZygoteInit.main(ZygoteInit.java:975)
09-14 23:42:42.564 10437 10437 W ClassPathPackageInfoSource: Caused by: java.lang.ClassNotFoundException: com.facebook.imagepipeline.stetho.BaseFrescoStethoPlugin
09-14 23:42:42.564 10437 10437 W ClassPathPackageInfoSource: 	at java.lang.VMClassLoader.findLoadedClass(Native Method)
09-14 23:42:42.564 10437 10437 W ClassPathPackageInfoSource: 	at java.lang.ClassLoader.findLoadedClass(ClassLoader.java:738)
09-14 23:42:42.564 10437 10437 W ClassPathPackageInfoSource: 	at java.lang.ClassLoader.loadClass(ClassLoader.java:363)
09-14 23:42:42.564 10437 10437 W ClassPathPackageInfoSource: 	at java.lang.ClassLoader.loadClass(ClassLoader.java:312)
09-14 23:42:42.564 10437 10437 W ClassPathPackageInfoSource: 	... 25 more
09-14 23:42:42.564 10437 10437 W ClassPathPackageInfoSource: Caused by: java.lang.NoClassDefFoundError: Failed resolution of: Lcom/facebook/stetho/dumpapp/DumperPlugin;
09-14 23:42:42.564 10437 10437 W ClassPathPackageInfoSource: 	... 25 more
09-14 23:42:42.564 10437 10437 W ClassPathPackageInfoSource: Caused by: java.lang.ClassNotFoundException: Didn't find class "com.facebook.stetho.dumpapp.DumperPlugin" on path: DexPathList[[zip file "/system/framework/android.test.runner.jar", zip file "/system/framework/android.test.mock.jar", zip file "/data/app/br.com.arnoldosilva.estudo_tdd.test-EGskfxkdl3PschE3UXWNeQ==/base.apk", zip file "/data/app/br.com.arnoldosilva.estudo_tdd-RU7SFD38DNUYuyIZql_1zw==/base.apk"],nativeLibraryDirectories=[/data/app/br.com.arnoldosilva.estudo_tdd.test-EGskfxkdl3PschE3UXWNeQ==/lib/arm, /data/app/br.com.arnoldosilva.estudo_tdd-RU7SFD38DNUYuyIZql_1zw==/lib/arm, /data/app/br.com.arnoldosilva.estudo_tdd.test-EGskfxkdl3PschE3UXWNeQ==/base.apk!/lib/armeabi-v7a, /data/app/br.com.arnoldosilva.estudo_tdd-RU7SFD38DNUYuyIZql_1zw==/base.apk!/lib/armeabi-v7a, /system/lib, /system/vendor/lib]]
09-14 23:42:42.564 10437 10437 W ClassPathPackageInfoSource: 	at dalvik.system.BaseDexClassLoader.findClass(BaseDexClassLoader.java:134)
09-14 23:42:42.564 10437 10437 W ClassPathPackageInfoSource: 	at java.lang.ClassLoader.loadClass(ClassLoader.java:379)
09-14 23:42:42.564 10437 10437 W ClassPathPackageInfoSource: 	at java.lang.ClassLoader.loadClass(ClassLoader.java:312)
09-14 23:42:42.564 10437 10437 W ClassPathPackageInfoSource: 	... 25 more
09-14 23:42:42.564 10437 10437 I ilva.estudo_td: Rejecting re-init on previously-failed class java.lang.Class<com.facebook.imagepipeline.stetho.BaseFrescoStethoPlugin>: java.lang.NoClassDefFoundError: Failed resolution of: Lcom/facebook/stetho/dumpapp/DumperPlugin;
09-14 23:42:42.564 10437 10437 I ilva.estudo_td: (Throwable with no stack trace)
09-14 23:42:42.564 10437 10437 I ilva.estudo_td: Caused by: java.lang.ClassNotFoundException: Didn't find class "com.facebook.stetho.dumpapp.DumperPlugin" on path: DexPathList[[zip file "/system/framework/android.test.runner.jar", zip file "/system/framework/android.test.mock.jar", zip file "/data/app/br.com.arnoldosilva.estudo_tdd.test-EGskfxkdl3PschE3UXWNeQ==/base.apk", zip file "/data/app/br.com.arnoldosilva.estudo_tdd-RU7SFD38DNUYuyIZql_1zw==/base.apk"],nativeLibraryDirectories=[/data/app/br.com.arnoldosilva.estudo_tdd.test-EGskfxkdl3PschE3UXWNeQ==/lib/arm, /data/app/br.com.arnoldosilva.estudo_tdd-RU7SFD38DNUYuyIZql_1zw==/lib/arm, /data/app/br.com.arnoldosilva.estudo_tdd.test-EGskfxkdl3PschE3UXWNeQ==/base.apk!/lib/armeabi-v7a, /data/app/br.com.arnoldosilva.estudo_tdd-RU7SFD38DNUYuyIZql_1zw==/base.apk!/lib/armeabi-v7a, /system/lib, /system/vendor/lib]]
09-14 23:42:42.564 10437 10437 I ilva.estudo_td: (Throwable with no stack trace)
09-14 23:42:42.564 10437 10437 I ilva.estudo_td: 
09-14 23:42:42.565 10437 10437 I ilva.estudo_td: Rejecting re-init on previously-failed class java.lang.Class<com.facebook.imagepipeline.stetho.FrescoStethoPlugin>: java.lang.NoClassDefFoundError: Failed resolution of: Lcom/facebook/stetho/dumpapp/DumperPlugin;
09-14 23:42:42.565 10437 10437 I ilva.estudo_td: (Throwable with no stack trace)
09-14 23:42:42.565 10437 10437 I ilva.estudo_td: Caused by: java.lang.ClassNotFoundException: Didn't find class "com.facebook.stetho.dumpapp.DumperPlugin" on path: DexPathList[[zip file "/system/framework/android.test.runner.jar", zip file "/system/framework/android.test.mock.jar", zip file "/data/app/br.com.arnoldosilva.estudo_tdd.test-EGskfxkdl3PschE3UXWNeQ==/base.apk", zip file "/data/app/br.com.arnoldosilva.estudo_tdd-RU7SFD38DNUYuyIZql_1zw==/base.apk"],nativeLibraryDirectories=[/data/app/br.com.arnoldosilva.estudo_tdd.test-EGskfxkdl3PschE3UXWNeQ==/lib/arm, /data/app/br.com.arnoldosilva.estudo_tdd-RU7SFD38DNUYuyIZql_1zw==/lib/arm, /data/app/br.com.arnoldosilva.estudo_tdd.test-EGskfxkdl3PschE3UXWNeQ==/base.apk!/lib/armeabi-v7a, /data/app/br.com.arnoldosilva.estudo_tdd-RU7SFD38DNUYuyIZql_1zw==/base.apk!/lib/armeabi-v7a, /system/lib, /system/vendor/lib]]
09-14 23:42:42.565 10437 10437 I ilva.estudo_td: (Throwable with no stack trace)
09-14 23:42:42.565 10437 10437 I ilva.estudo_td: 
09-14 23:42:42.582 10437 10437 W ClassPathPackageInfoSource: Cannot load class. Make sure it is in your apk. Class name: 'com.facebook.imagepipeline.stetho.FrescoStethoPlugin'. Message: com.facebook.imagepipeline.stetho.FrescoStethoPlugin
09-14 23:42:42.582 10437 10437 W ClassPathPackageInfoSource: java.lang.ClassNotFoundException: com.facebook.imagepipeline.stetho.FrescoStethoPlugin
09-14 23:42:42.582 10437 10437 W ClassPathPackageInfoSource: 	at java.lang.Class.classForName(Native Method)
09-14 23:42:42.582 10437 10437 W ClassPathPackageInfoSource: 	at java.lang.Class.forName(Class.java:453)
09-14 23:42:42.582 10437 10437 W ClassPathPackageInfoSource: 	at android.test.ClassPathPackageInfoSource.createPackageInfo(ClassPathPackageInfoSource.java:93)
09-14 23:42:42.582 10437 10437 W ClassPathPackageInfoSource: 	at android.test.ClassPathPackageInfoSource.access$000(ClassPathPackageInfoSource.java:37)
09-14 23:42:42.582 10437 10437 W ClassPathPackageInfoSource: 	at android.test.ClassPathPackageInfoSource$1.load(ClassPathPackageInfoSource.java:50)
09-14 23:42:42.582 10437 10437 W ClassPathPackageInfoSource: 	at android.test.ClassPathPackageInfoSource$1.load(ClassPathPackageInfoSource.java:47)
09-14 23:42:42.582 10437 10437 W ClassPathPackageInfoSource: 	at android.test.SimpleCache.get(SimpleCache.java:32)
09-14 23:42:42.582 10437 10437 W ClassPathPackageInfoSource: 	at android.test.ClassPathPackageInfoSource$ClassPathPackageInfo.getSubpackages(ClassPathPackageInfoSource.java:230)
09-14 23:42:42.582 10437 10437 W ClassPathPackageInfoSource: 	at android.test.ClassPathPackageInfoSource$ClassPathPackageInfo.addTopLevelClassesTo(ClassPathPackageInfoSource.java:243)
09-14 23:42:42.582 10437 10437 W ClassPathPackageInfoSource: 	at android.test.ClassPathPackageInfoSource$ClassPathPackageInfo.getTopLevelClassesRecursive(ClassPathPackageInfoSource.java:237)
09-14 23:42:42.582 10437 10437 W ClassPathPackageInfoSource: 	at android.test.ClassPathPackageInfoSource$ClassPathPackageInfo.access$100(ClassPathPackageInfoSource.java:214)
09-14 23:42:42.582 10437 10437 W ClassPathPackageInfoSource: 	at android.test.ClassPathPackageInfoSource.getTopLevelClassesRecursive(ClassPathPackageInfoSource.java:77)
09-14 23:42:42.582 10437 10437 W ClassPathPackageInfoSource: 	at android.test.suitebuilder.TestGrouping.testCaseClassesInPackage(TestGrouping.java:134)
09-14 23:42:42.582 10437 10437 W ClassPathPackageInfoSource: 	at android.test.suitebuilder.TestGrouping.addPackagesRecursive(TestGrouping.java:110)
09-14 23:42:42.582 10437 10437 W ClassPathPackageInfoSource: 	at android.test.suitebuilder.TestSuiteBuilder.includePackages(TestSuiteBuilder.java:102)
09-14 23:42:42.582 10437 10437 W ClassPathPackageInfoSource: 	at android.test.InstrumentationTestRunner.onCreate(InstrumentationTestRunner.java:377)
09-14 23:42:42.582 10437 10437 W ClassPathPackageInfoSource: 	at android.app.ActivityThread.handleBindApplication(ActivityThread.java:6391)
09-14 23:42:42.582 10437 10437 W ClassPathPackageInfoSource: 	at android.app.ActivityThread.access$1300(ActivityThread.java:248)
09-14 23:42:42.582 10437 10437 W ClassPathPackageInfoSource: 	at android.app.ActivityThread$H.handleMessage(ActivityThread.java:1830)
09-14 23:42:42.582 10437 10437 W ClassPathPackageInfoSource: 	at android.os.Handler.dispatchMessage(Handler.java:106)
09-14 23:42:42.582 10437 10437 W ClassPathPackageInfoSource: 	at android.os.Looper.loop(Looper.java:216)
09-14 23:42:42.582 10437 10437 W ClassPathPackageInfoSource: 	at android.app.ActivityThread.main(ActivityThread.java:7266)
09-14 23:42:42.582 10437 10437 W ClassPathPackageInfoSource: 	at java.lang.reflect.Method.invoke(Native Method)
09-14 23:42:42.582 10437 10437 W ClassPathPackageInfoSource: 	at com.android.internal.os.RuntimeInit$MethodAndArgsCaller.run(RuntimeInit.java:494)
09-14 23:42:42.582 10437 10437 W ClassPathPackageInfoSource: 	at com.android.internal.os.ZygoteInit.main(ZygoteInit.java:975)
09-14 23:42:42.582 10437 10437 W ClassPathPackageInfoSource: Caused by: java.lang.ClassNotFoundException: com.facebook.imagepipeline.stetho.FrescoStethoPlugin
09-14 23:42:42.582 10437 10437 W ClassPathPackageInfoSource: 	at java.lang.VMClassLoader.findLoadedClass(Native Method)
09-14 23:42:42.582 10437 10437 W ClassPathPackageInfoSource: 	at java.lang.ClassLoader.findLoadedClass(ClassLoader.java:738)
09-14 23:42:42.582 10437 10437 W ClassPathPackageInfoSource: 	at java.lang.ClassLoader.loadClass(ClassLoader.java:363)
09-14 23:42:42.582 10437 10437 W ClassPathPackageInfoSource: 	at java.lang.ClassLoader.loadClass(ClassLoader.java:312)
09-14 23:42:42.582 10437 10437 W ClassPathPackageInfoSource: 	... 25 more
09-14 23:42:42.582 10437 10437 W ClassPathPackageInfoSource: Caused by: java.lang.NoClassDefFoundError: Failed resolution of: Lcom/facebook/stetho/dumpapp/DumperPlugin;
09-14 23:42:42.582 10437 10437 W ClassPathPackageInfoSource: 	... 25 more
09-14 23:42:42.582 10437 10437 W ClassPathPackageInfoSource: Caused by: java.lang.ClassNotFoundException: Didn't find class "com.facebook.stetho.dumpapp.DumperPlugin" on path: DexPathList[[zip file "/system/framework/android.test.runner.jar", zip file "/system/framework/android.test.mock.jar", zip file "/data/app/br.com.arnoldosilva.estudo_tdd.test-EGskfxkdl3PschE3UXWNeQ==/base.apk", zip file "/data/app/br.com.arnoldosilva.estudo_tdd-RU7SFD38DNUYuyIZql_1zw==/base.apk"],nativeLibraryDirectories=[/data/app/br.com.arnoldosilva.estudo_tdd.test-EGskfxkdl3PschE3UXWNeQ==/lib/arm, /data/app/br.com.arnoldosilva.estudo_tdd-RU7SFD38DNUYuyIZql_1zw==/lib/arm, /data/app/br.com.arnoldosilva.estudo_tdd.test-EGskfxkdl3PschE3UXWNeQ==/base.apk!/lib/armeabi-v7a, /data/app/br.com.arnoldosilva.estudo_tdd-RU7SFD38DNUYuyIZql_1zw==/base.apk!/lib/armeabi-v7a, /system/lib, /system/vendor/lib]]
09-14 23:42:42.582 10437 10437 W ClassPathPackageInfoSource: 	at dalvik.system.BaseDexClassLoader.findClass(BaseDexClassLoader.java:134)
09-14 23:42:42.582 10437 10437 W ClassPathPackageInfoSource: 	at java.lang.ClassLoader.loadClass(ClassLoader.java:379)
09-14 23:42:42.582 10437 10437 W ClassPathPackageInfoSource: 	at java.lang.ClassLoader.loadClass(ClassLoader.java:312)
09-14 23:42:42.582 10437 10437 W ClassPathPackageInfoSource: 	... 25 more
09-14 23:42:42.582 10437 10437 W ilva.estudo_td: Opening an oat file without a class loader. Are you using the deprecated DexFile APIs?
09-14 23:42:43.185 10437 10437 W ilva.estudo_td: Opening an oat file without a class loader. Are you using the deprecated DexFile APIs?
09-14 23:42:43.187 10437 10437 W ilva.estudo_td: Opening an oat file without a class loader. Are you using the deprecated DexFile APIs?
09-14 23:42:43.717 10437 10437 W ilva.estudo_td: Opening an oat file without a class loader. Are you using the deprecated DexFile APIs?
09-14 23:42:43.719 10437 10437 W ilva.estudo_td: Opening an oat file without a class loader. Are you using the deprecated DexFile APIs?
09-14 23:42:44.240 10437 10437 W ilva.estudo_td: Opening an oat file without a class loader. Are you using the deprecated DexFile APIs?
09-14 23:42:44.242 10437 10437 W ilva.estudo_td: Opening an oat file without a class loader. Are you using the deprecated DexFile APIs?
09-14 23:42:44.764 10437 10437 W ilva.estudo_td: Opening an oat file without a class loader. Are you using the deprecated DexFile APIs?
09-14 23:42:44.766 10437 10437 W ilva.estudo_td: Opening an oat file without a class loader. Are you using the deprecated DexFile APIs?
09-14 23:42:45.290 10437 10437 W ilva.estudo_td: Opening an oat file without a class loader. Are you using the deprecated DexFile APIs?
09-14 23:42:45.292 10437 10437 W ilva.estudo_td: Opening an oat file without a class loader. Are you using the deprecated DexFile APIs?
09-14 23:42:45.846 10437 10437 W ilva.estudo_td: Opening an oat file without a class loader. Are you using the deprecated DexFile APIs?
09-14 23:42:45.866 10437 10437 W ilva.estudo_td: Opening an oat file without a class loader. Are you using the deprecated DexFile APIs?
09-14 23:42:46.421 10437 10437 W ilva.estudo_td: Opening an oat file without a class loader. Are you using the deprecated DexFile APIs?
09-14 23:42:46.423 10437 10437 W ilva.estudo_td: Opening an oat file without a class loader. Are you using the deprecated DexFile APIs?
09-14 23:42:46.943 10437 10437 W ilva.estudo_td: Opening an oat file without a class loader. Are you using the deprecated DexFile APIs?
09-14 23:42:46.945 10437 10437 W ilva.estudo_td: Opening an oat file without a class loader. Are you using the deprecated DexFile APIs?
09-14 23:42:47.464 10437 10437 W ilva.estudo_td: Opening an oat file without a class loader. Are you using the deprecated DexFile APIs?
09-14 23:42:47.465 10437 10437 W ilva.estudo_td: Opening an oat file without a class loader. Are you using the deprecated DexFile APIs?
09-14 23:42:47.997 10437 10437 W ilva.estudo_td: Opening an oat file without a class loader. Are you using the deprecated DexFile APIs?
09-14 23:42:47.998 10437 10437 W ilva.estudo_td: Opening an oat file without a class loader. Are you using the deprecated DexFile APIs?
09-14 23:42:48.523 10437 10437 W ilva.estudo_td: Opening an oat file without a class loader. Are you using the deprecated DexFile APIs?
09-14 23:42:48.525 10437 10437 W ilva.estudo_td: Opening an oat file without a class loader. Are you using the deprecated DexFile APIs?
09-14 23:42:49.081 10437 10437 W ilva.estudo_td: Opening an oat file without a class loader. Are you using the deprecated DexFile APIs?
09-14 23:42:49.082 10437 10437 W ilva.estudo_td: Opening an oat file without a class loader. Are you using the deprecated DexFile APIs?
09-14 23:42:49.606 10437 10437 W ilva.estudo_td: Opening an oat file without a class loader. Are you using the deprecated DexFile APIs?
09-14 23:42:49.611 10437 10437 W ilva.estudo_td: Opening an oat file without a class loader. Are you using the deprecated DexFile APIs?
09-14 23:42:50.136 10437 10437 W ilva.estudo_td: Opening an oat file without a class loader. Are you using the deprecated DexFile APIs?
09-14 23:42:50.139 10437 10437 W ilva.estudo_td: Opening an oat file without a class loader. Are you using the deprecated DexFile APIs?
09-14 23:42:50.673 10437 10437 W ilva.estudo_td: Opening an oat file without a class loader. Are you using the deprecated DexFile APIs?
09-14 23:42:50.681 10437 10437 W ilva.estudo_td: Opening an oat file without a class loader. Are you using the deprecated DexFile APIs?
09-14 23:42:51.205 10437 10437 W ilva.estudo_td: Opening an oat file without a class loader. Are you using the deprecated DexFile APIs?
09-14 23:42:51.207 10437 10437 W ilva.estudo_td: Opening an oat file without a class loader. Are you using the deprecated DexFile APIs?
09-14 23:42:51.779 10437 10437 W ilva.estudo_td: Opening an oat file without a class loader. Are you using the deprecated DexFile APIs?
09-14 23:42:51.781 10437 10437 W ilva.estudo_td: Opening an oat file without a class loader. Are you using the deprecated DexFile APIs?
09-14 23:42:52.303 10437 10437 W ilva.estudo_td: Opening an oat file without a class loader. Are you using the deprecated DexFile APIs?
09-14 23:42:52.305 10437 10437 W ilva.estudo_td: Opening an oat file without a class loader. Are you using the deprecated DexFile APIs?
09-14 23:42:52.825 10437 10437 W ilva.estudo_td: Opening an oat file without a class loader. Are you using the deprecated DexFile APIs?
09-14 23:42:52.827 10437 10437 W ilva.estudo_td: Opening an oat file without a class loader. Are you using the deprecated DexFile APIs?
09-14 23:42:53.354 10437 10437 W ilva.estudo_td: Opening an oat file without a class loader. Are you using the deprecated DexFile APIs?
09-14 23:42:53.356 10437 10437 W ilva.estudo_td: Opening an oat file without a class loader. Are you using the deprecated DexFile APIs?
09-14 23:42:53.883 10437 10437 W ilva.estudo_td: Opening an oat file without a class loader. Are you using the deprecated DexFile APIs?
09-14 23:42:53.885 10437 10437 W ilva.estudo_td: Opening an oat file without a class loader. Are you using the deprecated DexFile APIs?
09-14 23:42:54.418 10437 10437 W ilva.estudo_td: Opening an oat file without a class loader. Are you using the deprecated DexFile APIs?
09-14 23:42:54.420 10437 10437 W ilva.estudo_td: Opening an oat file without a class loader. Are you using the deprecated DexFile APIs?
09-14 23:42:54.990 10437 10437 W ilva.estudo_td: Opening an oat file without a class loader. Are you using the deprecated DexFile APIs?
09-14 23:42:54.992 10437 10437 W ilva.estudo_td: Opening an oat file without a class loader. Are you using the deprecated DexFile APIs?
09-14 23:42:55.514 10437 10437 W ilva.estudo_td: Opening an oat file without a class loader. Are you using the deprecated DexFile APIs?
09-14 23:42:55.520 10437 10437 W ilva.estudo_td: Opening an oat file without a class loader. Are you using the deprecated DexFile APIs?
09-14 23:42:56.040 10437 10437 W ilva.estudo_td: Opening an oat file without a class loader. Are you using the deprecated DexFile APIs?
09-14 23:42:56.042 10437 10437 W ilva.estudo_td: Opening an oat file without a class loader. Are you using the deprecated DexFile APIs?
09-14 23:42:56.564 10437 10437 W ilva.estudo_td: Opening an oat file without a class loader. Are you using the deprecated DexFile APIs?
09-14 23:42:56.567 10437 10437 W ilva.estudo_td: Opening an oat file without a class loader. Are you using the deprecated DexFile APIs?
09-14 23:42:57.089 10437 10437 W ilva.estudo_td: Opening an oat file without a class loader. Are you using the deprecated DexFile APIs?
09-14 23:42:57.091 10437 10437 W ilva.estudo_td: Opening an oat file without a class loader. Are you using the deprecated DexFile APIs?
09-14 23:42:57.612 10437 10437 W ilva.estudo_td: Opening an oat file without a class loader. Are you using the deprecated DexFile APIs?
09-14 23:42:57.614 10437 10437 W ilva.estudo_td: Opening an oat file without a class loader. Are you using the deprecated DexFile APIs?
09-14 23:42:58.167 10437 10437 W ilva.estudo_td: Opening an oat file without a class loader. Are you using the deprecated DexFile APIs?
09-14 23:42:58.174 10437 10437 W ilva.estudo_td: Opening an oat file without a class loader. Are you using the deprecated DexFile APIs?
09-14 23:42:58.746 10437 10437 W ilva.estudo_td: Opening an oat file without a class loader. Are you using the deprecated DexFile APIs?
09-14 23:42:58.748 10437 10437 W ilva.estudo_td: Opening an oat file without a class loader. Are you using the deprecated DexFile APIs?
09-14 23:42:59.271 10437 10437 W ilva.estudo_td: Opening an oat file without a class loader. Are you using the deprecated DexFile APIs?
09-14 23:42:59.273 10437 10437 W ilva.estudo_td: Opening an oat file without a class loader. Are you using the deprecated DexFile APIs?
09-14 23:42:59.794 10437 10437 W ilva.estudo_td: Opening an oat file without a class loader. Are you using the deprecated DexFile APIs?
09-14 23:42:59.795 10437 10437 W ilva.estudo_td: Opening an oat file without a class loader. Are you using the deprecated DexFile APIs?
